2025-06-24 12:12:16,733 - INFO - Starting data ingestion...
2025-06-24 12:12:16,733 - INFO - Fetching all game IDs for 2024-25
2025-06-24 12:12:16,734 - INFO - Getting game IDs for season type: Regular Season
2025-06-24 12:12:18,857 - INFO - Getting game IDs for season type: Playoffs
2025-06-24 12:12:20,538 - INFO - Total unique games found: 1314
2025-06-24 12:12:20,862 - INFO - Fetching boxscore data for game 0022401174
2025-06-24 12:12:25,727 - INFO - Fetching boxscore data for game 0022400268
2025-06-24 12:12:28,386 - INFO - Fetching boxscore data for game 0022400473
2025-06-24 12:12:34,474 - INFO - Fetching boxscore data for game 0022400687
2025-06-24 12:12:45,876 - INFO - Fetching boxscore data for game 0022400560
2025-06-24 12:12:51,055 - INFO - Fetching boxscore data for game 0022400879
2025-06-24 12:12:53,983 - INFO - Fetching boxscore data for game 0022400574
2025-06-24 12:12:59,094 - INFO - Fetching boxscore data for game 0022400129
2025-06-24 12:13:05,364 - INFO - Fetching boxscore data for game 0022401005
2025-06-24 12:13:10,257 - INFO - Fetching boxscore data for game 0022400836
2025-06-24 12:13:16,061 - INFO - Fetching boxscore data for game 0022400452
2025-06-24 12:13:21,340 - INFO - Fetching boxscore data for game 0022400782
2025-06-24 12:13:28,076 - INFO - Fetching boxscore data for game 0022401108
2025-06-24 12:13:32,836 - INFO - Fetching boxscore data for game 0022400569
2025-06-24 12:13:38,245 - INFO - Fetching boxscore data for game 0022400248
2025-06-24 12:13:43,578 - INFO - Fetching boxscore data for game 0022400267
2025-06-24 12:13:48,642 - INFO - Fetching boxscore data for game 0022400943
2025-06-24 12:13:54,173 - INFO - Fetching boxscore data for game 0022400414
2025-06-24 12:13:57,226 - INFO - Fetching boxscore data for game 0022400178
2025-06-24 12:14:03,712 - INFO - Fetching boxscore data for game 0022400103
2025-06-24 12:14:10,249 - INFO - Fetching boxscore data for game 0022401182
2025-06-24 12:14:26,984 - INFO - Fetching boxscore data for game 0022400060
2025-06-24 12:14:32,261 - INFO - Fetching boxscore data for game 0022400391
2025-06-24 12:14:37,546 - INFO - Fetching boxscore data for game 0022400636
2025-06-24 12:14:42,349 - INFO - Fetching boxscore data for game 0022400135
2025-06-24 12:14:48,275 - INFO - Fetching boxscore data for game 0022400344
2025-06-24 12:14:53,429 - INFO - Fetching boxscore data for game 0022400464
2025-06-24 12:14:58,471 - INFO - Fetching boxscore data for game 0022400069
2025-06-24 12:15:03,806 - INFO - Fetching boxscore data for game 0022400917
2025-06-24 12:15:09,583 - INFO - Fetching boxscore data for game 0022400853
2025-06-24 12:15:14,392 - INFO - Fetching boxscore data for game 0022400317
2025-06-24 12:15:19,531 - INFO - Fetching boxscore data for game 0022401051
2025-06-24 12:15:25,139 - INFO - Fetching boxscore data for game 0022400138
2025-06-24 12:15:30,854 - INFO - Fetching boxscore data for game 0022400276
2025-06-24 12:15:35,761 - INFO - Fetching boxscore data for game 0022400280
2025-06-24 12:15:40,745 - INFO - Fetching boxscore data for game 0022400486
2025-06-24 12:15:45,399 - INFO - Fetching boxscore data for game 0022400882
2025-06-24 12:15:50,350 - INFO - Fetching boxscore data for game 0022400162
2025-06-24 12:15:56,142 - INFO - Fetching boxscore data for game 0022401028
2025-06-24 12:15:59,261 - INFO - Fetching boxscore data for game 0022400023
2025-06-24 12:16:04,131 - INFO - Fetching boxscore data for game 0022400908
2025-06-24 12:16:10,021 - INFO - Fetching boxscore data for game 0022400753
2025-06-24 12:16:12,641 - INFO - Fetching boxscore data for game 0022400954
2025-06-24 12:16:17,393 - INFO - Fetching boxscore data for game 0022401151
2025-06-24 12:16:22,775 - INFO - Fetching boxscore data for game 0022401187
2025-06-24 12:16:25,642 - INFO - Fetching boxscore data for game 0022400457
2025-06-24 12:16:30,531 - INFO - Fetching boxscore data for game 0022400526
2025-06-24 12:16:35,556 - INFO - Fetching boxscore data for game 0022400602
2025-06-24 12:16:40,396 - INFO - Fetching boxscore data for game 0022400258
2025-06-24 12:16:45,407 - INFO - Fetching boxscore data for game 0022400142
2025-06-24 12:16:51,119 - INFO - Fetching boxscore data for game 0022400886
2025-06-24 12:16:56,068 - INFO - Fetching boxscore data for game 0022401010
2025-06-24 12:17:01,470 - INFO - Fetching boxscore data for game 0022400015
2025-06-24 12:17:06,455 - INFO - Fetching boxscore data for game 0022400228
2025-06-24 12:17:15,964 - INFO - Fetching boxscore data for game 0022400098
2025-06-24 12:17:21,379 - INFO - Fetching boxscore data for game 0022400833
2025-06-24 12:17:27,559 - INFO - Fetching boxscore data for game 0022400559
2025-06-24 12:17:32,249 - INFO - Fetching boxscore data for game 0022400021
2025-06-24 12:17:37,918 - INFO - Fetching boxscore data for game 0022400576
2025-06-24 12:17:43,634 - INFO - Fetching boxscore data for game 0022400437
2025-06-24 12:17:48,792 - INFO - Fetching boxscore data for game 0022400774
2025-06-24 12:17:51,853 - INFO - Fetching boxscore data for game 0022400555
2025-06-24 12:17:56,681 - INFO - Fetching boxscore data for game 0022401156
2025-06-24 12:17:59,811 - INFO - Fetching boxscore data for game 0022400610
2025-06-24 12:18:04,862 - INFO - Fetching boxscore data for game 0022400598
2025-06-24 12:18:09,807 - INFO - Fetching boxscore data for game 0022400204
2025-06-24 12:18:24,674 - INFO - Fetching boxscore data for game 0022400467
2025-06-24 12:18:29,584 - INFO - Fetching boxscore data for game 0022400619
2025-06-24 12:18:34,389 - INFO - Fetching boxscore data for game 0022401075
2025-06-24 12:18:39,105 - INFO - Fetching boxscore data for game 0022400223
2025-06-24 12:18:44,764 - INFO - Fetching boxscore data for game 0042400134
2025-06-24 12:19:03,532 - INFO - Fetching boxscore data for game 0022401094
2025-06-24 12:19:08,663 - INFO - Fetching boxscore data for game 0042400175
2025-06-24 12:19:13,981 - INFO - Fetching boxscore data for game 0022401129
2025-06-24 12:19:18,886 - INFO - Fetching boxscore data for game 0022400616
2025-06-24 12:19:23,636 - INFO - Fetching boxscore data for game 0022400270
2025-06-24 12:19:29,107 - INFO - Fetching boxscore data for game 0022400287
2025-06-24 12:19:32,588 - INFO - Fetching boxscore data for game 0022400981
2025-06-24 12:19:38,563 - INFO - Fetching boxscore data for game 0022400575
2025-06-24 12:19:44,236 - INFO - Fetching boxscore data for game 0022401142
2025-06-24 12:19:49,142 - INFO - Fetching boxscore data for game 0022400509
2025-06-24 12:19:55,327 - INFO - Fetching boxscore data for game 0022400347
2025-06-24 12:19:59,985 - INFO - Fetching boxscore data for game 0022400519
2025-06-24 12:20:05,571 - INFO - Fetching boxscore data for game 0022401044
2025-06-24 12:20:11,785 - INFO - Fetching boxscore data for game 0022400192
2025-06-24 12:20:15,116 - INFO - Fetching boxscore data for game 0022400983
2025-06-24 12:20:20,261 - INFO - Fetching boxscore data for game 0022400343
2025-06-24 12:20:25,422 - INFO - Fetching boxscore data for game 0022400648
2025-06-24 12:20:30,331 - INFO - Fetching boxscore data for game 0022400016
2025-06-24 12:20:33,507 - INFO - Fetching boxscore data for game 0022400447
2025-06-24 12:20:39,047 - INFO - Fetching boxscore data for game 0022400834
2025-06-24 12:20:44,835 - INFO - Fetching boxscore data for game 0022401117
2025-06-24 12:20:49,753 - INFO - Fetching boxscore data for game 0022400124
2025-06-24 12:20:52,380 - INFO - Fetching boxscore data for game 0022401126
2025-06-24 12:20:57,853 - INFO - Fetching boxscore data for game 0022400345
2025-06-24 12:21:03,434 - INFO - Fetching boxscore data for game 0022401068
2025-06-24 12:21:08,391 - INFO - Fetching boxscore data for game 0022401074
2025-06-24 12:21:13,399 - INFO - Fetching boxscore data for game 0022400209
2025-06-24 12:21:19,290 - INFO - Fetching boxscore data for game 0022401009
2025-06-24 12:21:24,383 - INFO - Fetching boxscore data for game 0042400232
2025-06-24 12:21:30,304 - INFO - Fetching boxscore data for game 0022400207
2025-06-24 12:22:30,316 - ERROR - Error fetching boxscore for game 0022400207: HTTPSConnectionPool(host='stats.nba.com', port=443): Read timed out. (read timeout=60)
2025-06-24 12:22:30,317 - WARNING - Adding game ID 0022400207 to failed_game_ids for retry.
2025-06-24 12:22:30,318 - INFO - Fetching boxscore data for game 0022400609
2025-06-24 12:23:30,428 - ERROR - Error fetching boxscore for game 0022400609: HTTPSConnectionPool(host='stats.nba.com', port=443): Read timed out. (read timeout=60)
2025-06-24 12:23:30,429 - WARNING - Adding game ID 0022400609 to failed_game_ids for retry.
2025-06-24 12:23:30,431 - INFO - Fetching boxscore data for game 0022400174
2025-06-24 12:24:30,486 - ERROR - Error fetching boxscore for game 0022400174: HTTPSConnectionPool(host='stats.nba.com', port=443): Read timed out. (read timeout=60)
2025-06-24 12:24:30,487 - WARNING - Adding game ID 0022400174 to failed_game_ids for retry.
2025-06-24 12:24:30,488 - INFO - Fetching boxscore data for game 0022400091
2025-06-24 12:25:30,545 - ERROR - Error fetching boxscore for game 0022400091: HTTPSConnectionPool(host='stats.nba.com', port=443): Read timed out. (read timeout=60)
2025-06-24 12:25:30,546 - WARNING - Adding game ID 0022400091 to failed_game_ids for retry.
2025-06-24 12:25:30,548 - INFO - Fetching boxscore data for game 0022400712
2025-06-24 12:26:30,598 - ERROR - Error fetching boxscore for game 0022400712: HTTPSConnectionPool(host='stats.nba.com', port=443): Read timed out. (read timeout=60)
2025-06-24 12:26:30,598 - WARNING - Adding game ID 0022400712 to failed_game_ids for retry.
2025-06-24 12:26:30,599 - INFO - Fetching boxscore data for game 0022401063
2025-06-24 12:27:30,634 - ERROR - Error fetching boxscore for game 0022401063: HTTPSConnectionPool(host='stats.nba.com', port=443): Read timed out. (read timeout=60)
2025-06-24 12:27:30,635 - WARNING - Adding game ID 0022401063 to failed_game_ids for retry.
2025-06-24 12:27:30,637 - INFO - Fetching boxscore data for game 0022400137
2025-06-24 12:28:30,694 - ERROR - Error fetching boxscore for game 0022400137: HTTPSConnectionPool(host='stats.nba.com', port=443): Read timed out. (read timeout=60)
2025-06-24 12:28:30,694 - WARNING - Adding game ID 0022400137 to failed_game_ids for retry.
2025-06-24 12:28:30,696 - INFO - Fetching boxscore data for game 0042400404
2025-06-24 12:29:30,770 - ERROR - Error fetching boxscore for game 0042400404: HTTPSConnectionPool(host='stats.nba.com', port=443): Read timed out. (read timeout=60)
2025-06-24 12:29:30,771 - WARNING - Adding game ID 0042400404 to failed_game_ids for retry.
2025-06-24 12:29:30,772 - INFO - Fetching boxscore data for game 0022400707
2025-06-24 12:30:30,820 - ERROR - Error fetching boxscore for game 0022400707: HTTPSConnectionPool(host='stats.nba.com', port=443): Read timed out. (read timeout=60)
2025-06-24 12:30:30,820 - WARNING - Adding game ID 0022400707 to failed_game_ids for retry.
2025-06-24 12:30:30,821 - INFO - Fetching boxscore data for game 0022400881
2025-06-24 12:31:30,872 - ERROR - Error fetching boxscore for game 0022400881: HTTPSConnectionPool(host='stats.nba.com', port=443): Read timed out. (read timeout=60)
2025-06-24 12:31:30,873 - WARNING - Adding game ID 0022400881 to failed_game_ids for retry.
2025-06-24 12:31:30,874 - INFO - Fetching boxscore data for game 0022400987
2025-06-24 12:32:30,922 - ERROR - Error fetching boxscore for game 0022400987: HTTPSConnectionPool(host='stats.nba.com', port=443): Read timed out. (read timeout=60)
2025-06-24 12:32:30,923 - WARNING - Adding game ID 0022400987 to failed_game_ids for retry.
2025-06-24 12:32:30,924 - INFO - Fetching boxscore data for game 0022400989
2025-06-24 12:33:30,971 - ERROR - Error fetching boxscore for game 0022400989: HTTPSConnectionPool(host='stats.nba.com', port=443): Read timed out. (read timeout=60)
2025-06-24 12:33:30,971 - WARNING - Adding game ID 0022400989 to failed_game_ids for retry.
2025-06-24 12:33:30,973 - INFO - Fetching boxscore data for game 0022400896
2025-06-24 12:34:31,027 - ERROR - Error fetching boxscore for game 0022400896: HTTPSConnectionPool(host='stats.nba.com', port=443): Read timed out. (read timeout=60)
2025-06-24 12:34:31,028 - WARNING - Adding game ID 0022400896 to failed_game_ids for retry.
2025-06-24 12:34:31,029 - INFO - Fetching boxscore data for game 0022400063
2025-06-24 12:35:31,087 - ERROR - Error fetching boxscore for game 0022400063: HTTPSConnectionPool(host='stats.nba.com', port=443): Read timed out. (read timeout=60)
2025-06-24 12:35:31,087 - WARNING - Adding game ID 0022400063 to failed_game_ids for retry.
2025-06-24 12:35:31,089 - INFO - Fetching boxscore data for game 0022400193
2025-06-24 12:36:31,116 - ERROR - Error fetching boxscore for game 0022400193: HTTPSConnectionPool(host='stats.nba.com', port=443): Read timed out. (read timeout=60)
2025-06-24 12:36:31,116 - WARNING - Adding game ID 0022400193 to failed_game_ids for retry.
2025-06-24 12:36:31,118 - INFO - Fetching boxscore data for game 0022401109
2025-06-24 12:37:31,176 - ERROR - Error fetching boxscore for game 0022401109: HTTPSConnectionPool(host='stats.nba.com', port=443): Read timed out. (read timeout=60)
2025-06-24 12:37:31,177 - WARNING - Adding game ID 0022401109 to failed_game_ids for retry.
2025-06-24 12:37:31,178 - INFO - Fetching boxscore data for game 0022400800
2025-06-24 12:38:31,229 - ERROR - Error fetching boxscore for game 0022400800: HTTPSConnectionPool(host='stats.nba.com', port=443): Read timed out. (read timeout=60)
2025-06-24 12:38:31,229 - WARNING - Adding game ID 0022400800 to failed_game_ids for retry.
2025-06-24 12:38:31,231 - INFO - Fetching boxscore data for game 0022400304
2025-06-24 12:39:31,289 - ERROR - Error fetching boxscore for game 0022400304: HTTPSConnectionPool(host='stats.nba.com', port=443): Read timed out. (read timeout=60)
2025-06-24 12:39:31,289 - WARNING - Adding game ID 0022400304 to failed_game_ids for retry.
2025-06-24 12:39:31,292 - INFO - Fetching boxscore data for game 0022400334
2025-06-24 12:40:31,373 - ERROR - Error fetching boxscore for game 0022400334: HTTPSConnectionPool(host='stats.nba.com', port=443): Read timed out. (read timeout=60)
2025-06-24 12:40:31,373 - WARNING - Adding game ID 0022400334 to failed_game_ids for retry.
2025-06-24 12:40:31,375 - INFO - Fetching boxscore data for game 0022400977
2025-06-24 12:41:31,521 - ERROR - Error fetching boxscore for game 0022400977: HTTPSConnectionPool(host='stats.nba.com', port=443): Read timed out. (read timeout=60)
2025-06-24 12:41:31,522 - WARNING - Adding game ID 0022400977 to failed_game_ids for retry.
2025-06-24 12:41:31,523 - INFO - Fetching boxscore data for game 0022400035
2025-06-24 12:42:31,571 - ERROR - Error fetching boxscore for game 0022400035: HTTPSConnectionPool(host='stats.nba.com', port=443): Read timed out. (read timeout=60)
2025-06-24 12:42:31,571 - WARNING - Adding game ID 0022400035 to failed_game_ids for retry.
2025-06-24 12:42:31,572 - INFO - Fetching boxscore data for game 0042400155
2025-06-24 12:43:31,620 - ERROR - Error fetching boxscore for game 0042400155: HTTPSConnectionPool(host='stats.nba.com', port=443): Read timed out. (read timeout=60)
2025-06-24 12:43:31,620 - WARNING - Adding game ID 0042400155 to failed_game_ids for retry.
2025-06-24 12:43:31,622 - INFO - Fetching boxscore data for game 0022400264
2025-06-24 12:44:31,694 - ERROR - Error fetching boxscore for game 0022400264: HTTPSConnectionPool(host='stats.nba.com', port=443): Read timed out. (read timeout=60)
2025-06-24 12:44:31,694 - WARNING - Adding game ID 0022400264 to failed_game_ids for retry.
2025-06-24 12:44:31,696 - INFO - Fetching boxscore data for game 0022400784
2025-06-24 12:45:31,752 - ERROR - Error fetching boxscore for game 0022400784: HTTPSConnectionPool(host='stats.nba.com', port=443): Read timed out. (read timeout=60)
2025-06-24 12:45:31,753 - WARNING - Adding game ID 0022400784 to failed_game_ids for retry.
2025-06-24 12:45:31,754 - INFO - Fetching boxscore data for game 0022400495
2025-06-24 12:46:31,917 - ERROR - Error fetching boxscore for game 0022400495: HTTPSConnectionPool(host='stats.nba.com', port=443): Read timed out. (read timeout=60)
2025-06-24 12:46:31,917 - WARNING - Adding game ID 0022400495 to failed_game_ids for retry.
2025-06-24 12:46:31,919 - INFO - Fetching boxscore data for game 0022400629
2025-06-24 12:47:31,996 - ERROR - Error fetching boxscore for game 0022400629: HTTPSConnectionPool(host='stats.nba.com', port=443): Read timed out. (read timeout=60)
2025-06-24 12:47:31,997 - WARNING - Adding game ID 0022400629 to failed_game_ids for retry.
2025-06-24 12:47:31,998 - INFO - Fetching boxscore data for game 0022400406
2025-06-24 12:48:32,074 - ERROR - Error fetching boxscore for game 0022400406: HTTPSConnectionPool(host='stats.nba.com', port=443): Read timed out. (read timeout=60)
2025-06-24 12:48:32,075 - WARNING - Adding game ID 0022400406 to failed_game_ids for retry.
2025-06-24 12:48:32,077 - INFO - Fetching boxscore data for game 0022400462
2025-06-24 12:49:32,142 - ERROR - Error fetching boxscore for game 0022400462: HTTPSConnectionPool(host='stats.nba.com', port=443): Read timed out. (read timeout=60)
2025-06-24 12:49:32,143 - WARNING - Adding game ID 0022400462 to failed_game_ids for retry.
2025-06-24 12:49:32,144 - INFO - Fetching boxscore data for game 0022401020
2025-06-24 12:50:32,199 - ERROR - Error fetching boxscore for game 0022401020: HTTPSConnectionPool(host='stats.nba.com', port=443): Read timed out. (read timeout=60)
2025-06-24 12:50:32,200 - WARNING - Adding game ID 0022401020 to failed_game_ids for retry.
2025-06-24 12:50:32,201 - INFO - Fetching boxscore data for game 0022400809
2025-06-24 12:51:32,263 - ERROR - Error fetching boxscore for game 0022400809: HTTPSConnectionPool(host='stats.nba.com', port=443): Read timed out. (read timeout=60)
2025-06-24 12:51:32,264 - WARNING - Adding game ID 0022400809 to failed_game_ids for retry.
2025-06-24 12:51:32,266 - INFO - Fetching boxscore data for game 0022400789
2025-06-24 12:52:32,350 - ERROR - Error fetching boxscore for game 0022400789: HTTPSConnectionPool(host='stats.nba.com', port=443): Read timed out. (read timeout=60)
2025-06-24 12:52:32,351 - WARNING - Adding game ID 0022400789 to failed_game_ids for retry.
2025-06-24 12:52:32,353 - INFO - Fetching boxscore data for game 0022400593
2025-06-24 12:53:32,419 - ERROR - Error fetching boxscore for game 0022400593: HTTPSConnectionPool(host='stats.nba.com', port=443): Read timed out. (read timeout=60)
2025-06-24 12:53:32,420 - WARNING - Adding game ID 0022400593 to failed_game_ids for retry.
2025-06-24 12:53:32,421 - INFO - Fetching boxscore data for game 0022401065
2025-06-24 12:54:32,459 - ERROR - Error fetching boxscore for game 0022401065: HTTPSConnectionPool(host='stats.nba.com', port=443): Read timed out. (read timeout=60)
2025-06-24 12:54:32,459 - WARNING - Adding game ID 0022401065 to failed_game_ids for retry.
2025-06-24 12:54:32,461 - INFO - Fetching boxscore data for game 0022400758
2025-06-24 12:55:32,499 - ERROR - Error fetching boxscore for game 0022400758: HTTPSConnectionPool(host='stats.nba.com', port=443): Read timed out. (read timeout=60)
2025-06-24 12:55:32,500 - WARNING - Adding game ID 0022400758 to failed_game_ids for retry.
2025-06-24 12:55:32,502 - INFO - Fetching boxscore data for game 0022400255
2025-06-24 12:56:32,564 - ERROR - Error fetching boxscore for game 0022400255: HTTPSConnectionPool(host='stats.nba.com', port=443): Read timed out. (read timeout=60)
2025-06-24 12:56:32,564 - WARNING - Adding game ID 0022400255 to failed_game_ids for retry.
2025-06-24 12:56:32,566 - INFO - Fetching boxscore data for game 0022400454
2025-06-24 12:57:32,643 - ERROR - Error fetching boxscore for game 0022400454: HTTPSConnectionPool(host='stats.nba.com', port=443): Read timed out. (read timeout=60)
2025-06-24 12:57:32,644 - WARNING - Adding game ID 0022400454 to failed_game_ids for retry.
2025-06-24 12:57:32,645 - INFO - Fetching boxscore data for game 0022400036
2025-06-24 12:58:32,696 - ERROR - Error fetching boxscore for game 0022400036: HTTPSConnectionPool(host='stats.nba.com', port=443): Read timed out. (read timeout=60)
2025-06-24 12:58:32,697 - WARNING - Adding game ID 0022400036 to failed_game_ids for retry.
2025-06-24 12:58:32,700 - INFO - Fetching boxscore data for game 0022400318
2025-06-24 12:59:32,756 - ERROR - Error fetching boxscore for game 0022400318: HTTPSConnectionPool(host='stats.nba.com', port=443): Read timed out. (read timeout=60)
2025-06-24 12:59:32,756 - WARNING - Adding game ID 0022400318 to failed_game_ids for retry.
2025-06-24 12:59:32,758 - INFO - Fetching boxscore data for game 0022400903
2025-06-24 13:00:32,936 - ERROR - Error fetching boxscore for game 0022400903: HTTPSConnectionPool(host='stats.nba.com', port=443): Read timed out. (read timeout=60)
2025-06-24 13:00:32,937 - WARNING - Adding game ID 0022400903 to failed_game_ids for retry.
2025-06-24 13:00:32,938 - INFO - Fetching boxscore data for game 0022400643
2025-06-24 13:01:33,038 - ERROR - Error fetching boxscore for game 0022400643: HTTPSConnectionPool(host='stats.nba.com', port=443): Read timed out. (read timeout=60)
2025-06-24 13:01:33,039 - WARNING - Adding game ID 0022400643 to failed_game_ids for retry.
2025-06-24 13:01:33,039 - INFO - Fetching boxscore data for game 0022401021
2025-06-24 13:02:33,128 - ERROR - Error fetching boxscore for game 0022401021: HTTPSConnectionPool(host='stats.nba.com', port=443): Read timed out. (read timeout=60)
2025-06-24 13:02:33,128 - WARNING - Adding game ID 0022401021 to failed_game_ids for retry.
2025-06-24 13:02:33,130 - INFO - Fetching boxscore data for game 0022401099
2025-06-24 13:03:33,184 - ERROR - Error fetching boxscore for game 0022401099: HTTPSConnectionPool(host='stats.nba.com', port=443): Read timed out. (read timeout=60)
2025-06-24 13:03:33,185 - WARNING - Adding game ID 0022401099 to failed_game_ids for retry.
2025-06-24 13:03:33,186 - INFO - Fetching boxscore data for game 0022400697
2025-06-24 13:04:33,260 - ERROR - Error fetching boxscore for game 0022400697: HTTPSConnectionPool(host='stats.nba.com', port=443): Read timed out. (read timeout=60)
2025-06-24 13:04:33,261 - WARNING - Adding game ID 0022400697 to failed_game_ids for retry.
2025-06-24 13:04:33,262 - INFO - Fetching boxscore data for game 0022400548
2025-06-24 13:05:33,335 - ERROR - Error fetching boxscore for game 0022400548: HTTPSConnectionPool(host='stats.nba.com', port=443): Read timed out. (read timeout=60)
2025-06-24 13:05:33,336 - WARNING - Adding game ID 0022400548 to failed_game_ids for retry.
2025-06-24 13:05:33,338 - INFO - Fetching boxscore data for game 0022400146
2025-06-24 13:06:33,518 - ERROR - Error fetching boxscore for game 0022400146: HTTPSConnectionPool(host='stats.nba.com', port=443): Read timed out. (read timeout=60)
2025-06-24 13:06:33,518 - WARNING - Adding game ID 0022400146 to failed_game_ids for retry.
2025-06-24 13:06:33,520 - INFO - Fetching boxscore data for game 0042400157
2025-06-24 13:07:33,568 - ERROR - Error fetching boxscore for game 0042400157: HTTPSConnectionPool(host='stats.nba.com', port=443): Read timed out. (read timeout=60)
2025-06-24 13:07:33,570 - WARNING - Adding game ID 0042400157 to failed_game_ids for retry.
2025-06-24 13:07:33,572 - INFO - Fetching boxscore data for game 0022400089
2025-06-24 13:08:33,626 - ERROR - Error fetching boxscore for game 0022400089: HTTPSConnectionPool(host='stats.nba.com', port=443): Read timed out. (read timeout=60)
2025-06-24 13:08:33,627 - WARNING - Adding game ID 0022400089 to failed_game_ids for retry.
2025-06-24 13:08:33,628 - INFO - Fetching boxscore data for game 0022400133
2025-06-24 13:09:33,699 - ERROR - Error fetching boxscore for game 0022400133: HTTPSConnectionPool(host='stats.nba.com', port=443): Read timed out. (read timeout=60)
2025-06-24 13:09:33,699 - WARNING - Adding game ID 0022400133 to failed_game_ids for retry.
2025-06-24 13:09:33,701 - INFO - Fetching boxscore data for game 0022400308
2025-06-24 13:10:33,760 - ERROR - Error fetching boxscore for game 0022400308: HTTPSConnectionPool(host='stats.nba.com', port=443): Read timed out. (read timeout=60)
2025-06-24 13:10:33,761 - WARNING - Adding game ID 0022400308 to failed_game_ids for retry.
2025-06-24 13:10:33,762 - INFO - Fetching boxscore data for game 0022400417
2025-06-24 13:11:33,821 - ERROR - Error fetching boxscore for game 0022400417: HTTPSConnectionPool(host='stats.nba.com', port=443): Read timed out. (read timeout=60)
2025-06-24 13:11:33,821 - WARNING - Adding game ID 0022400417 to failed_game_ids for retry.
2025-06-24 13:11:33,823 - INFO - Fetching boxscore data for game 0022401184
2025-06-24 13:12:33,902 - ERROR - Error fetching boxscore for game 0022401184: HTTPSConnectionPool(host='stats.nba.com', port=443): Read timed out. (read timeout=60)
2025-06-24 13:12:33,903 - WARNING - Adding game ID 0022401184 to failed_game_ids for retry.
2025-06-24 13:12:33,906 - INFO - Fetching boxscore data for game 0022400531
2025-06-24 13:12:36,928 - INFO - Fetching boxscore data for game 0022400614
2025-06-24 13:12:39,887 - INFO - Fetching boxscore data for game 0022400109
2025-06-24 13:12:46,067 - INFO - Fetching boxscore data for game 0022401031
2025-06-24 13:12:50,914 - INFO - Fetching boxscore data for game 0022400254
2025-06-24 13:12:55,815 - INFO - Fetching boxscore data for game 0022400382
2025-06-24 13:12:58,866 - INFO - Fetching boxscore data for game 0022400781
2025-06-24 13:13:02,121 - INFO - Fetching boxscore data for game 0022400151
2025-06-24 13:13:08,084 - INFO - Fetching boxscore data for game 0022400779
2025-06-24 13:13:11,447 - INFO - Fetching boxscore data for game 0022400187
2025-06-24 13:13:16,734 - INFO - Fetching boxscore data for game 0022400717
2025-06-24 13:13:21,576 - INFO - Fetching boxscore data for game 0022400776
2025-06-24 13:13:26,195 - INFO - Fetching boxscore data for game 0022400544
2025-06-24 13:13:31,218 - INFO - Fetching boxscore data for game 0022400646
2025-06-24 13:13:35,802 - INFO - Fetching boxscore data for game 0022400974
2025-06-24 13:13:40,697 - INFO - Fetching boxscore data for game 0022400059
2025-06-24 13:13:45,797 - INFO - Fetching boxscore data for game 0022400709
2025-06-24 13:13:50,565 - INFO - Fetching boxscore data for game 0042400301
2025-06-24 13:13:55,716 - INFO - Fetching boxscore data for game 0022400806
2025-06-24 13:13:59,433 - INFO - Fetching boxscore data for game 0022400376
2025-06-24 13:14:04,953 - INFO - Fetching boxscore data for game 0022400921
2025-06-24 13:15:04,967 - ERROR - Error fetching boxscore for game 0022400921: HTTPSConnectionPool(host='stats.nba.com', port=443): Read timed out. (read timeout=60)
2025-06-24 13:15:04,967 - WARNING - Adding game ID 0022400921 to failed_game_ids for retry.
2025-06-24 13:15:04,968 - INFO - Fetching boxscore data for game 0022401081
2025-06-24 13:16:05,016 - ERROR - Error fetching boxscore for game 0022401081: HTTPSConnectionPool(host='stats.nba.com', port=443): Read timed out. (read timeout=60)
2025-06-24 13:16:05,017 - WARNING - Adding game ID 0022401081 to failed_game_ids for retry.
2025-06-24 13:16:05,019 - INFO - Fetching boxscore data for game 0022400811
2025-06-24 13:17:05,064 - ERROR - Error fetching boxscore for game 0022400811: HTTPSConnectionPool(host='stats.nba.com', port=443): Read timed out. (read timeout=60)
2025-06-24 13:17:05,065 - WARNING - Adding game ID 0022400811 to failed_game_ids for retry.
2025-06-24 13:17:05,066 - INFO - Fetching boxscore data for game 0022400388
2025-06-24 13:18:05,216 - ERROR - Error fetching boxscore for game 0022400388: HTTPSConnectionPool(host='stats.nba.com', port=443): Read timed out. (read timeout=60)
2025-06-24 13:18:05,216 - WARNING - Adding game ID 0022400388 to failed_game_ids for retry.
2025-06-24 13:18:05,218 - INFO - Fetching boxscore data for game 0022400911
