2025-07-01 10:43:06,944 - INFO - Starting RERUN_off_checkpoints script...
2025-07-01 10:43:06,944 - INFO - Checking for existing boxscore checkpoint files to identify processed game IDs...
2025-07-01 10:43:07,011 - INFO - Loaded 94 game IDs from boxscore_traditional_chunk_1.csv
2025-07-01 10:43:07,039 - INFO - Loaded 76 game IDs from boxscore_traditional_chunk_10.csv
2025-07-01 10:43:07,056 - INFO - Loaded 79 game IDs from boxscore_traditional_chunk_11.csv
2025-07-01 10:43:07,081 - INFO - Loaded 98 game IDs from boxscore_traditional_chunk_12.csv
2025-07-01 10:43:07,105 - INFO - Loaded 83 game IDs from boxscore_traditional_chunk_13.csv
2025-07-01 10:43:07,122 - INFO - Loaded 87 game IDs from boxscore_traditional_chunk_2.csv
2025-07-01 10:43:07,134 - INFO - Loaded 78 game IDs from boxscore_traditional_chunk_3.csv
2025-07-01 10:43:07,148 - INFO - Loaded 88 game IDs from boxscore_traditional_chunk_4.csv
2025-07-01 10:43:07,163 - INFO - Loaded 87 game IDs from boxscore_traditional_chunk_5.csv
2025-07-01 10:43:07,178 - INFO - Loaded 78 game IDs from boxscore_traditional_chunk_6.csv
2025-07-01 10:43:07,198 - INFO - Loaded 83 game IDs from boxscore_traditional_chunk_7.csv
2025-07-01 10:43:07,212 - INFO - Loaded 89 game IDs from boxscore_traditional_chunk_8.csv
2025-07-01 10:43:07,227 - INFO - Loaded 88 game IDs from boxscore_traditional_chunk_9.csv
2025-07-01 10:43:07,227 - INFO - Found 1108 game IDs already processed from checkpoints.
2025-07-01 10:43:07,228 - INFO - Fetching all game IDs for 2024-25
2025-07-01 10:43:07,228 - INFO - Getting game IDs for season type: Regular Season
2025-07-01 10:43:07,392 - INFO - Getting game IDs for season type: Playoffs
2025-07-01 10:43:07,426 - INFO - Total unique games found: 1314
2025-07-01 10:43:07,427 - INFO - Total game IDs to process: 1314
2025-07-01 10:43:07,427 - INFO - Game IDs already processed: 1108
2025-07-01 10:43:07,428 - INFO - Game IDs remaining to process: 206
2025-07-01 10:43:07,428 - INFO - Sample of all_game_ids (first 5): ['0022401092', '0022400754', '0022401215', '0022400644', '0022400792']
2025-07-01 10:43:07,429 - INFO - Sample of processed_game_ids (first 5): ['0022400486', '0022400870', '0042400162', '0022401158', '0022400432']
2025-07-01 10:43:07,429 - INFO - Processing chunk 1/3 (100 games) of remaining game IDs.
2025-07-01 10:43:07,484 - INFO - Fetching boxscore data for game 0022400634
2025-07-01 10:43:11,564 - INFO - Fetching boxscore data for game 0022400814
2025-07-01 10:43:16,626 - INFO - Fetching boxscore data for game 0022400205
2025-07-01 10:43:22,060 - INFO - Fetching boxscore data for game 0022401178
2025-07-01 10:43:26,658 - INFO - Fetching boxscore data for game 0022400160
2025-07-01 10:43:35,706 - INFO - Fetching boxscore data for game 0022400523
2025-07-01 10:43:40,351 - INFO - Fetching boxscore data for game 0022401187
2025-07-01 10:43:44,420 - INFO - Fetching boxscore data for game 0022400057
2025-07-01 10:43:49,257 - INFO - Fetching boxscore data for game 0022401167
2025-07-01 10:43:53,421 - INFO - Fetching boxscore data for game 0022400121
2025-07-01 10:43:58,028 - INFO - Fetching boxscore data for game 0022401197
2025-07-01 10:44:01,940 - INFO - Fetching boxscore data for game 0022400081
2025-07-01 10:44:11,173 - INFO - Fetching boxscore data for game 0042400235
2025-07-01 10:44:15,959 - INFO - Fetching boxscore data for game 0022400843
2025-07-01 10:44:20,307 - INFO - Fetching boxscore data for game 0022400820
2025-07-01 10:44:24,621 - INFO - Fetching boxscore data for game 0022400559
2025-07-01 10:44:28,570 - INFO - Fetching boxscore data for game 0022400976
2025-07-01 10:44:32,820 - INFO - Fetching boxscore data for game 0022400280
2025-07-01 10:44:38,418 - INFO - Fetching boxscore data for game 0022401118
2025-07-01 10:44:42,422 - INFO - Fetching boxscore data for game 0022400055
2025-07-01 10:44:47,381 - INFO - Fetching boxscore data for game 0022400529
2025-07-01 10:44:51,649 - INFO - Fetching boxscore data for game 0022400303
2025-07-01 10:44:57,144 - INFO - Fetching boxscore data for game 0022400417
2025-07-01 10:45:01,355 - INFO - Fetching boxscore data for game 0042400212
2025-07-01 10:45:06,672 - INFO - Fetching boxscore data for game 0022400643
2025-07-01 10:45:10,936 - INFO - Fetching boxscore data for game 0022400298
2025-07-01 10:45:15,807 - INFO - Fetching boxscore data for game 0022400719
2025-07-01 10:45:20,019 - INFO - Fetching boxscore data for game 0022400910
2025-07-01 10:45:24,105 - INFO - Fetching boxscore data for game 0022400482
2025-07-01 10:45:28,030 - INFO - Fetching boxscore data for game 0022400786
2025-07-01 10:45:33,275 - INFO - Fetching boxscore data for game 0022400325
2025-07-01 10:45:39,342 - INFO - Fetching boxscore data for game 0022400515
2025-07-01 10:45:43,335 - INFO - Fetching boxscore data for game 0022400801
2025-07-01 10:45:47,464 - INFO - Fetching boxscore data for game 0022400411
2025-07-01 10:45:51,511 - INFO - Fetching boxscore data for game 0022400071
2025-07-01 10:45:56,183 - INFO - Fetching boxscore data for game 0022401139
2025-07-01 10:46:00,938 - INFO - Fetching boxscore data for game 0022400597
2025-07-01 10:46:04,821 - INFO - Fetching boxscore data for game 0022401194
2025-07-01 10:46:08,981 - INFO - Fetching boxscore data for game 0022400331
2025-07-01 10:46:15,678 - INFO - Fetching boxscore data for game 0022401016
2025-07-01 10:46:19,763 - INFO - Fetching boxscore data for game 0022400080
2025-07-01 10:46:25,147 - INFO - Fetching boxscore data for game 0022401174
2025-07-01 10:46:29,261 - INFO - Fetching boxscore data for game 0022400663
2025-07-01 10:46:33,252 - INFO - Fetching boxscore data for game 0022400144
2025-07-01 10:46:38,688 - INFO - Fetching boxscore data for game 0022400960
2025-07-01 10:46:43,163 - INFO - Fetching boxscore data for game 0022401169
2025-07-01 10:46:47,474 - INFO - Fetching boxscore data for game 0022400955
2025-07-01 10:46:51,116 - INFO - Fetching boxscore data for game 0022400414
2025-07-01 10:46:55,383 - INFO - Fetching boxscore data for game 0022401082
2025-07-01 10:46:59,601 - INFO - Fetching boxscore data for game 0022400577
2025-07-01 10:47:00,367 - INFO - Fetching boxscore data for game 0022400603
2025-07-01 10:47:04,329 - INFO - Fetching boxscore data for game 0022400476
2025-07-01 10:47:08,458 - INFO - Fetching boxscore data for game 0022400032
2025-07-01 10:47:13,982 - INFO - Fetching boxscore data for game 0022400504
2025-07-01 10:47:18,184 - INFO - Fetching boxscore data for game 0022400399
2025-07-01 10:47:21,073 - INFO - Fetching boxscore data for game 0022400302
2025-07-01 10:47:26,322 - INFO - Fetching boxscore data for game 0042400114
2025-07-01 10:47:30,979 - INFO - Fetching boxscore data for game 0022401171
2025-07-01 10:47:34,885 - INFO - Fetching boxscore data for game 0022400380
2025-07-01 10:47:39,144 - INFO - Fetching boxscore data for game 0022400830
2025-07-01 10:47:43,367 - INFO - Fetching boxscore data for game 0022401168
2025-07-01 10:47:47,313 - INFO - Fetching boxscore data for game 0022400681
2025-07-01 10:47:51,596 - INFO - Fetching boxscore data for game 0022401074
2025-07-01 10:47:56,000 - INFO - Fetching boxscore data for game 0022400536
2025-07-01 10:48:00,378 - INFO - Fetching boxscore data for game 0022401202
2025-07-01 10:48:05,490 - INFO - Fetching boxscore data for game 0022400560
2025-07-01 10:48:09,437 - INFO - Fetching boxscore data for game 0022400086
2025-07-01 10:48:14,576 - INFO - Fetching boxscore data for game 0022400542
2025-07-01 10:48:21,056 - INFO - Fetching boxscore data for game 0022400422
2025-07-01 10:48:26,304 - INFO - Fetching boxscore data for game 0022400664
2025-07-01 10:48:30,736 - INFO - Fetching boxscore data for game 0022401230
2025-07-01 10:48:35,926 - INFO - Fetching boxscore data for game 0022400210
2025-07-01 10:48:41,149 - INFO - Fetching boxscore data for game 0022400316
2025-07-01 10:48:46,317 - INFO - Fetching boxscore data for game 0022400198
2025-07-01 10:48:51,806 - INFO - Fetching boxscore data for game 0022401034
2025-07-01 10:48:55,910 - INFO - Fetching boxscore data for game 0022400161
2025-07-01 10:49:01,150 - INFO - Fetching boxscore data for game 0022400493
2025-07-01 10:49:05,344 - INFO - Fetching boxscore data for game 0022400911
2025-07-01 10:49:09,174 - INFO - Fetching boxscore data for game 0022400807
2025-07-01 10:49:13,161 - INFO - Fetching boxscore data for game 0042400125
2025-07-01 10:49:18,370 - INFO - Fetching boxscore data for game 0022400994
2025-07-01 10:49:22,980 - INFO - Fetching boxscore data for game 0022400047
2025-07-01 10:49:28,481 - INFO - Fetching boxscore data for game 0022400785
2025-07-01 10:49:33,400 - INFO - Fetching boxscore data for game 0022401179
2025-07-01 10:49:37,849 - INFO - Fetching boxscore data for game 0022400728
2025-07-01 10:49:42,162 - INFO - Fetching boxscore data for game 0022401163
2025-07-01 10:49:43,471 - INFO - Fetching boxscore data for game 0022401078
2025-07-01 10:49:49,172 - INFO - Fetching boxscore data for game 0022400764
2025-07-01 10:49:56,359 - INFO - Fetching boxscore data for game 0022400134
2025-07-01 10:50:01,375 - INFO - Fetching boxscore data for game 0022401189
2025-07-01 10:50:05,422 - INFO - Fetching boxscore data for game 0022400824
2025-07-01 10:50:09,472 - INFO - Fetching boxscore data for game 0022401077
2025-07-01 10:50:13,799 - INFO - Fetching boxscore data for game 0022401135
2025-07-01 10:50:17,996 - INFO - Fetching boxscore data for game 0022400747
2025-07-01 10:50:23,141 - INFO - Fetching boxscore data for game 0022400094
2025-07-01 10:50:28,908 - INFO - Fetching boxscore data for game 0022400034
2025-07-01 10:50:34,570 - INFO - Fetching boxscore data for game 0022400193
2025-07-01 10:50:39,723 - INFO - Fetching boxscore data for game 0022401190
2025-07-01 10:50:44,195 - INFO - Fetching boxscore data for game 0022400017
2025-07-01 10:50:49,523 - INFO - Fetching boxscore data for game 0022400880
2025-07-01 10:50:54,079 - INFO - Saved rerun checkpoint for advanced to C:\Users\NicholasYu-JinSeah\OneDrive - MIP (Aust) Pty Ltd\Documents\Extra Projects\NBA Analytics Pipeline Project\data\checkpoints\boxscore_rerun_checkpoints\boxscore_advanced_rerun_chunk_1.csv
2025-07-01 10:50:54,154 - INFO - Saved rerun checkpoint for hustle to C:\Users\NicholasYu-JinSeah\OneDrive - MIP (Aust) Pty Ltd\Documents\Extra Projects\NBA Analytics Pipeline Project\data\checkpoints\boxscore_rerun_checkpoints\boxscore_hustle_rerun_chunk_1.csv
2025-07-01 10:50:54,214 - INFO - Saved rerun checkpoint for scoring to C:\Users\NicholasYu-JinSeah\OneDrive - MIP (Aust) Pty Ltd\Documents\Extra Projects\NBA Analytics Pipeline Project\data\checkpoints\boxscore_rerun_checkpoints\boxscore_scoring_rerun_chunk_1.csv
2025-07-01 10:50:54,303 - INFO - Saved rerun checkpoint for traditional to C:\Users\NicholasYu-JinSeah\OneDrive - MIP (Aust) Pty Ltd\Documents\Extra Projects\NBA Analytics Pipeline Project\data\checkpoints\boxscore_rerun_checkpoints\boxscore_traditional_rerun_chunk_1.csv
2025-07-01 10:50:54,354 - INFO - Saved rerun checkpoint for playertrack to C:\Users\NicholasYu-JinSeah\OneDrive - MIP (Aust) Pty Ltd\Documents\Extra Projects\NBA Analytics Pipeline Project\data\checkpoints\boxscore_rerun_checkpoints\boxscore_playertrack_rerun_chunk_1.csv
2025-07-01 10:50:54,417 - INFO - Saved rerun checkpoint for usage to C:\Users\NicholasYu-JinSeah\OneDrive - MIP (Aust) Pty Ltd\Documents\Extra Projects\NBA Analytics Pipeline Project\data\checkpoints\boxscore_rerun_checkpoints\boxscore_usage_rerun_chunk_1.csv
2025-07-01 10:50:57,418 - INFO - Processing chunk 2/3 (100 games) of remaining game IDs.
2025-07-01 10:50:57,446 - INFO - Fetching boxscore data for game 0022401177
2025-07-01 10:51:57,469 - ERROR - Error fetching boxscore for game 0022401177 (Attempt 1/5): HTTPSConnectionPool(host='stats.nba.com', port=443): Read timed out. (read timeout=60)
2025-07-01 10:53:02,541 - ERROR - Error fetching boxscore for game 0022401177 (Attempt 2/5): HTTPSConnectionPool(host='stats.nba.com', port=443): Read timed out. (read timeout=60)
2025-07-01 10:54:07,666 - ERROR - Error fetching boxscore for game 0022401177 (Attempt 3/5): HTTPSConnectionPool(host='stats.nba.com', port=443): Read timed out. (read timeout=60)
2025-07-01 10:55:12,730 - ERROR - Error fetching boxscore for game 0022401177 (Attempt 4/5): HTTPSConnectionPool(host='stats.nba.com', port=443): Read timed out. (read timeout=60)
2025-07-01 10:56:17,943 - ERROR - Error fetching boxscore for game 0022401177 (Attempt 5/5): HTTPSConnectionPool(host='stats.nba.com', port=443): Read timed out. (read timeout=60)
2025-07-01 10:56:17,944 - ERROR - Failed to fetch boxscore for game 0022401177 after 5 attempts.
2025-07-01 10:56:17,944 - WARNING - Game ID 0022401177 failed all internal retries. Adding to final retry list.
2025-07-01 10:56:17,946 - INFO - Fetching boxscore data for game 0022400627
2025-07-01 10:57:17,993 - ERROR - Error fetching boxscore for game 0022400627 (Attempt 1/5): HTTPSConnectionPool(host='stats.nba.com', port=443): Read timed out. (read timeout=60)
2025-07-01 10:58:23,061 - ERROR - Error fetching boxscore for game 0022400627 (Attempt 2/5): HTTPSConnectionPool(host='stats.nba.com', port=443): Read timed out. (read timeout=60)
2025-07-01 10:59:28,108 - ERROR - Error fetching boxscore for game 0022400627 (Attempt 3/5): HTTPSConnectionPool(host='stats.nba.com', port=443): Read timed out. (read timeout=60)
2025-07-01 11:00:33,172 - ERROR - Error fetching boxscore for game 0022400627 (Attempt 4/5): HTTPSConnectionPool(host='stats.nba.com', port=443): Read timed out. (read timeout=60)
2025-07-01 11:01:38,237 - ERROR - Error fetching boxscore for game 0022400627 (Attempt 5/5): HTTPSConnectionPool(host='stats.nba.com', port=443): Read timed out. (read timeout=60)
2025-07-01 11:01:38,237 - ERROR - Failed to fetch boxscore for game 0022400627 after 5 attempts.
2025-07-01 11:01:38,238 - WARNING - Game ID 0022400627 failed all internal retries. Adding to final retry list.
2025-07-01 11:01:38,240 - INFO - Fetching boxscore data for game 0022401198
2025-07-01 11:02:38,477 - ERROR - Error fetching boxscore for game 0022401198 (Attempt 1/5): HTTPSConnectionPool(host='stats.nba.com', port=443): Read timed out. (read timeout=60)
2025-07-01 11:03:43,542 - ERROR - Error fetching boxscore for game 0022401198 (Attempt 2/5): HTTPSConnectionPool(host='stats.nba.com', port=443): Read timed out. (read timeout=60)
2025-07-01 11:04:48,584 - ERROR - Error fetching boxscore for game 0022401198 (Attempt 3/5): HTTPSConnectionPool(host='stats.nba.com', port=443): Read timed out. (read timeout=60)
2025-07-01 11:05:53,644 - ERROR - Error fetching boxscore for game 0022401198 (Attempt 4/5): HTTPSConnectionPool(host='stats.nba.com', port=443): Read timed out. (read timeout=60)
2025-07-01 11:06:58,703 - ERROR - Error fetching boxscore for game 0022401198 (Attempt 5/5): HTTPSConnectionPool(host='stats.nba.com', port=443): Read timed out. (read timeout=60)
2025-07-01 11:06:58,703 - ERROR - Failed to fetch boxscore for game 0022401198 after 5 attempts.
2025-07-01 11:06:58,704 - WARNING - Game ID 0022401198 failed all internal retries. Adding to final retry list.
2025-07-01 11:06:58,705 - INFO - Fetching boxscore data for game 0022400300
2025-07-01 11:07:58,777 - ERROR - Error fetching boxscore for game 0022400300 (Attempt 1/5): HTTPSConnectionPool(host='stats.nba.com', port=443): Read timed out. (read timeout=60)
2025-07-01 11:09:03,816 - ERROR - Error fetching boxscore for game 0022400300 (Attempt 2/5): HTTPSConnectionPool(host='stats.nba.com', port=443): Read timed out. (read timeout=60)
2025-07-01 11:10:08,843 - ERROR - Error fetching boxscore for game 0022400300 (Attempt 3/5): HTTPSConnectionPool(host='stats.nba.com', port=443): Read timed out. (read timeout=60)
2025-07-01 11:11:13,931 - ERROR - Error fetching boxscore for game 0022400300 (Attempt 4/5): HTTPSConnectionPool(host='stats.nba.com', port=443): Read timed out. (read timeout=60)
2025-07-01 11:12:19,010 - ERROR - Error fetching boxscore for game 0022400300 (Attempt 5/5): HTTPSConnectionPool(host='stats.nba.com', port=443): Read timed out. (read timeout=60)
2025-07-01 11:12:19,011 - ERROR - Failed to fetch boxscore for game 0022400300 after 5 attempts.
2025-07-01 11:12:19,012 - WARNING - Game ID 0022400300 failed all internal retries. Adding to final retry list.
2025-07-01 11:12:19,014 - INFO - Fetching boxscore data for game 0022401001
2025-07-01 11:13:19,067 - ERROR - Error fetching boxscore for game 0022401001 (Attempt 1/5): HTTPSConnectionPool(host='stats.nba.com', port=443): Read timed out. (read timeout=60)
2025-07-01 11:14:24,119 - ERROR - Error fetching boxscore for game 0022401001 (Attempt 2/5): HTTPSConnectionPool(host='stats.nba.com', port=443): Read timed out. (read timeout=60)
2025-07-01 11:15:29,184 - ERROR - Error fetching boxscore for game 0022401001 (Attempt 3/5): HTTPSConnectionPool(host='stats.nba.com', port=443): Read timed out. (read timeout=60)
2025-07-01 11:16:34,256 - ERROR - Error fetching boxscore for game 0022401001 (Attempt 4/5): HTTPSConnectionPool(host='stats.nba.com', port=443): Read timed out. (read timeout=60)
2025-07-01 11:17:39,316 - ERROR - Error fetching boxscore for game 0022401001 (Attempt 5/5): HTTPSConnectionPool(host='stats.nba.com', port=443): Read timed out. (read timeout=60)
2025-07-01 11:17:39,316 - ERROR - Failed to fetch boxscore for game 0022401001 after 5 attempts.
2025-07-01 11:17:39,317 - WARNING - Game ID 0022401001 failed all internal retries. Adding to final retry list.
2025-07-01 11:17:39,319 - INFO - Fetching boxscore data for game 0042400121
2025-07-01 11:18:39,360 - ERROR - Error fetching boxscore for game 0042400121 (Attempt 1/5): HTTPSConnectionPool(host='stats.nba.com', port=443): Read timed out. (read timeout=60)
2025-07-01 11:19:44,576 - ERROR - Error fetching boxscore for game 0042400121 (Attempt 2/5): HTTPSConnectionPool(host='stats.nba.com', port=443): Read timed out. (read timeout=60)
2025-07-01 11:20:49,606 - ERROR - Error fetching boxscore for game 0042400121 (Attempt 3/5): HTTPSConnectionPool(host='stats.nba.com', port=443): Read timed out. (read timeout=60)
2025-07-01 11:21:54,672 - ERROR - Error fetching boxscore for game 0042400121 (Attempt 4/5): HTTPSConnectionPool(host='stats.nba.com', port=443): Read timed out. (read timeout=60)
2025-07-01 11:22:59,731 - ERROR - Error fetching boxscore for game 0042400121 (Attempt 5/5): HTTPSConnectionPool(host='stats.nba.com', port=443): Read timed out. (read timeout=60)
2025-07-01 11:22:59,732 - ERROR - Failed to fetch boxscore for game 0042400121 after 5 attempts.
2025-07-01 11:22:59,732 - WARNING - Game ID 0042400121 failed all internal retries. Adding to final retry list.
2025-07-01 11:22:59,734 - INFO - Fetching boxscore data for game 0022401196
2025-07-01 11:23:59,799 - ERROR - Error fetching boxscore for game 0022401196 (Attempt 1/5): HTTPSConnectionPool(host='stats.nba.com', port=443): Read timed out. (read timeout=60)
2025-07-01 11:25:04,851 - ERROR - Error fetching boxscore for game 0022401196 (Attempt 2/5): HTTPSConnectionPool(host='stats.nba.com', port=443): Read timed out. (read timeout=60)
2025-07-01 11:26:09,938 - ERROR - Error fetching boxscore for game 0022401196 (Attempt 3/5): HTTPSConnectionPool(host='stats.nba.com', port=443): Read timed out. (read timeout=60)
2025-07-01 11:27:14,994 - ERROR - Error fetching boxscore for game 0022401196 (Attempt 4/5): HTTPSConnectionPool(host='stats.nba.com', port=443): Read timed out. (read timeout=60)
2025-07-01 11:28:20,039 - ERROR - Error fetching boxscore for game 0022401196 (Attempt 5/5): HTTPSConnectionPool(host='stats.nba.com', port=443): Read timed out. (read timeout=60)
2025-07-01 11:28:20,039 - ERROR - Failed to fetch boxscore for game 0022401196 after 5 attempts.
2025-07-01 11:28:20,040 - WARNING - Game ID 0022401196 failed all internal retries. Adding to final retry list.
2025-07-01 11:28:20,043 - INFO - Fetching boxscore data for game 0022401200
2025-07-01 11:29:20,118 - ERROR - Error fetching boxscore for game 0022401200 (Attempt 1/5): HTTPSConnectionPool(host='stats.nba.com', port=443): Read timed out. (read timeout=60)
2025-07-01 11:30:25,173 - ERROR - Error fetching boxscore for game 0022401200 (Attempt 2/5): HTTPSConnectionPool(host='stats.nba.com', port=443): Read timed out. (read timeout=60)
2025-07-01 11:31:30,252 - ERROR - Error fetching boxscore for game 0022401200 (Attempt 3/5): HTTPSConnectionPool(host='stats.nba.com', port=443): Read timed out. (read timeout=60)
2025-07-01 11:32:35,354 - ERROR - Error fetching boxscore for game 0022401200 (Attempt 4/5): HTTPSConnectionPool(host='stats.nba.com', port=443): Read timed out. (read timeout=60)
2025-07-01 11:33:40,489 - ERROR - Error fetching boxscore for game 0022401200 (Attempt 5/5): HTTPSConnectionPool(host='stats.nba.com', port=443): Read timed out. (read timeout=60)
2025-07-01 11:33:40,489 - ERROR - Failed to fetch boxscore for game 0022401200 after 5 attempts.
2025-07-01 11:33:40,490 - WARNING - Game ID 0022401200 failed all internal retries. Adding to final retry list.
2025-07-01 11:33:40,491 - INFO - Fetching boxscore data for game 0022400478
2025-07-01 11:34:40,543 - ERROR - Error fetching boxscore for game 0022400478 (Attempt 1/5): HTTPSConnectionPool(host='stats.nba.com', port=443): Read timed out. (read timeout=60)
2025-07-01 11:35:45,588 - ERROR - Error fetching boxscore for game 0022400478 (Attempt 2/5): HTTPSConnectionPool(host='stats.nba.com', port=443): Read timed out. (read timeout=60)
2025-07-01 11:36:50,632 - ERROR - Error fetching boxscore for game 0022400478 (Attempt 3/5): HTTPSConnectionPool(host='stats.nba.com', port=443): Read timed out. (read timeout=60)
2025-07-01 11:37:55,685 - ERROR - Error fetching boxscore for game 0022400478 (Attempt 4/5): HTTPSConnectionPool(host='stats.nba.com', port=443): Read timed out. (read timeout=60)
2025-07-01 11:39:00,845 - ERROR - Error fetching boxscore for game 0022400478 (Attempt 5/5): HTTPSConnectionPool(host='stats.nba.com', port=443): Read timed out. (read timeout=60)
2025-07-01 11:39:00,846 - ERROR - Failed to fetch boxscore for game 0022400478 after 5 attempts.
2025-07-01 11:39:00,846 - WARNING - Game ID 0022400478 failed all internal retries. Adding to final retry list.
2025-07-01 11:39:00,848 - INFO - Fetching boxscore data for game 0022401172
2025-07-01 11:40:00,901 - ERROR - Error fetching boxscore for game 0022401172 (Attempt 1/5): HTTPSConnectionPool(host='stats.nba.com', port=443): Read timed out. (read timeout=60)
2025-07-01 11:41:06,053 - ERROR - Error fetching boxscore for game 0022401172 (Attempt 2/5): HTTPSConnectionPool(host='stats.nba.com', port=443): Read timed out. (read timeout=60)
2025-07-01 11:42:11,112 - ERROR - Error fetching boxscore for game 0022401172 (Attempt 3/5): HTTPSConnectionPool(host='stats.nba.com', port=443): Read timed out. (read timeout=60)
2025-07-01 11:43:16,181 - ERROR - Error fetching boxscore for game 0022401172 (Attempt 4/5): HTTPSConnectionPool(host='stats.nba.com', port=443): Read timed out. (read timeout=60)
2025-07-01 11:43:23,863 - INFO - Fetching boxscore data for game 0022400965
2025-07-01 11:43:28,167 - INFO - Fetching boxscore data for game 0022401193
2025-07-01 11:43:31,414 - INFO - Fetching boxscore data for game 0022401049
2025-07-01 11:43:36,221 - INFO - Fetching boxscore data for game 0022400918
2025-07-01 11:43:40,005 - INFO - Fetching boxscore data for game 0022400211
2025-07-01 11:43:44,986 - INFO - Fetching boxscore data for game 0022401173
2025-07-01 11:43:47,880 - INFO - Fetching boxscore data for game 0022400528
2025-07-01 11:43:49,588 - INFO - Fetching boxscore data for game 0022400917
2025-07-01 11:43:54,072 - INFO - Fetching boxscore data for game 0022401161
2025-07-01 11:43:56,706 - INFO - Fetching boxscore data for game 0022401056
2025-07-01 11:44:00,900 - INFO - Fetching boxscore data for game 0022400136
2025-07-01 11:44:06,532 - INFO - Fetching boxscore data for game 0022400231
2025-07-01 11:44:11,983 - INFO - Fetching boxscore data for game 0022400448
2025-07-01 11:44:16,827 - INFO - Fetching boxscore data for game 0022401180
2025-07-01 11:44:19,452 - INFO - Fetching boxscore data for game 0042400202
2025-07-01 11:44:24,154 - INFO - Fetching boxscore data for game 0022400107
2025-07-01 11:44:28,937 - INFO - Fetching boxscore data for game 0022401205
2025-07-01 11:44:33,908 - INFO - Fetching boxscore data for game 0022400935
2025-07-01 11:44:37,965 - INFO - Fetching boxscore data for game 0042400224
2025-07-01 11:44:43,214 - INFO - Fetching boxscore data for game 0022400979
2025-07-01 11:45:43,233 - ERROR - Error fetching boxscore for game 0022400979 (Attempt 1/5): HTTPSConnectionPool(host='stats.nba.com', port=443): Read timed out. (read timeout=60)
2025-07-01 11:46:48,320 - ERROR - Error fetching boxscore for game 0022400979 (Attempt 2/5): HTTPSConnectionPool(host='stats.nba.com', port=443): Read timed out. (read timeout=60)
2025-07-01 11:47:53,382 - ERROR - Error fetching boxscore for game 0022400979 (Attempt 3/5): HTTPSConnectionPool(host='stats.nba.com', port=443): Read timed out. (read timeout=60)
2025-07-01 11:48:58,420 - ERROR - Error fetching boxscore for game 0022400979 (Attempt 4/5): HTTPSConnectionPool(host='stats.nba.com', port=443): Read timed out. (read timeout=60)
2025-07-01 11:50:03,474 - ERROR - Error fetching boxscore for game 0022400979 (Attempt 5/5): HTTPSConnectionPool(host='stats.nba.com', port=443): Read timed out. (read timeout=60)
2025-07-01 11:50:03,475 - ERROR - Failed to fetch boxscore for game 0022400979 after 5 attempts.
2025-07-01 11:50:03,476 - WARNING - Game ID 0022400979 failed all internal retries. Adding to final retry list.
2025-07-01 11:50:03,477 - INFO - Fetching boxscore data for game 0022400289
2025-07-01 11:51:03,517 - ERROR - Error fetching boxscore for game 0022400289 (Attempt 1/5): HTTPSConnectionPool(host='stats.nba.com', port=443): Read timed out. (read timeout=60)
2025-07-01 11:52:08,581 - ERROR - Error fetching boxscore for game 0022400289 (Attempt 2/5): HTTPSConnectionPool(host='stats.nba.com', port=443): Read timed out. (read timeout=60)
2025-07-01 11:53:13,654 - ERROR - Error fetching boxscore for game 0022400289 (Attempt 3/5): HTTPSConnectionPool(host='stats.nba.com', port=443): Read timed out. (read timeout=60)
2025-07-01 11:54:18,720 - ERROR - Error fetching boxscore for game 0022400289 (Attempt 4/5): HTTPSConnectionPool(host='stats.nba.com', port=443): Read timed out. (read timeout=60)
2025-07-01 11:55:23,760 - ERROR - Error fetching boxscore for game 0022400289 (Attempt 5/5): HTTPSConnectionPool(host='stats.nba.com', port=443): Read timed out. (read timeout=60)
2025-07-01 11:55:23,761 - ERROR - Failed to fetch boxscore for game 0022400289 after 5 attempts.
2025-07-01 11:55:23,762 - WARNING - Game ID 0022400289 failed all internal retries. Adding to final retry list.
2025-07-01 11:55:23,765 - INFO - Fetching boxscore data for game 0022401017
2025-07-01 11:56:23,816 - ERROR - Error fetching boxscore for game 0022401017 (Attempt 1/5): HTTPSConnectionPool(host='stats.nba.com', port=443): Read timed out. (read timeout=60)
2025-07-01 11:57:28,871 - ERROR - Error fetching boxscore for game 0022401017 (Attempt 2/5): HTTPSConnectionPool(host='stats.nba.com', port=443): Read timed out. (read timeout=60)
2025-07-01 11:58:34,000 - ERROR - Error fetching boxscore for game 0022401017 (Attempt 3/5): HTTPSConnectionPool(host='stats.nba.com', port=443): Read timed out. (read timeout=60)
2025-07-01 11:59:39,071 - ERROR - Error fetching boxscore for game 0022401017 (Attempt 4/5): HTTPSConnectionPool(host='stats.nba.com', port=443): Read timed out. (read timeout=60)
2025-07-01 12:00:44,139 - ERROR - Error fetching boxscore for game 0022401017 (Attempt 5/5): HTTPSConnectionPool(host='stats.nba.com', port=443): Read timed out. (read timeout=60)
2025-07-01 12:00:44,140 - ERROR - Failed to fetch boxscore for game 0022401017 after 5 attempts.
2025-07-01 12:00:44,141 - WARNING - Game ID 0022401017 failed all internal retries. Adding to final retry list.
2025-07-01 12:00:44,144 - INFO - Fetching boxscore data for game 0022400388
2025-07-01 12:01:44,194 - ERROR - Error fetching boxscore for game 0022400388 (Attempt 1/5): HTTPSConnectionPool(host='stats.nba.com', port=443): Read timed out. (read timeout=60)
2025-07-01 12:02:49,261 - ERROR - Error fetching boxscore for game 0022400388 (Attempt 2/5): HTTPSConnectionPool(host='stats.nba.com', port=443): Read timed out. (read timeout=60)
2025-07-01 12:03:54,452 - ERROR - Error fetching boxscore for game 0022400388 (Attempt 3/5): HTTPSConnectionPool(host='stats.nba.com', port=443): Read timed out. (read timeout=60)
2025-07-01 12:04:59,490 - ERROR - Error fetching boxscore for game 0022400388 (Attempt 4/5): HTTPSConnectionPool(host='stats.nba.com', port=443): Read timed out. (read timeout=60)
2025-07-01 12:06:04,668 - ERROR - Error fetching boxscore for game 0022400388 (Attempt 5/5): HTTPSConnectionPool(host='stats.nba.com', port=443): Read timed out. (read timeout=60)
2025-07-01 12:06:04,669 - ERROR - Failed to fetch boxscore for game 0022400388 after 5 attempts.
2025-07-01 12:06:04,669 - WARNING - Game ID 0022400388 failed all internal retries. Adding to final retry list.
2025-07-01 12:06:04,670 - INFO - Fetching boxscore data for game 0022400463
2025-07-01 12:07:04,716 - ERROR - Error fetching boxscore for game 0022400463 (Attempt 1/5): HTTPSConnectionPool(host='stats.nba.com', port=443): Read timed out. (read timeout=60)
2025-07-01 12:08:09,764 - ERROR - Error fetching boxscore for game 0022400463 (Attempt 2/5): HTTPSConnectionPool(host='stats.nba.com', port=443): Read timed out. (read timeout=60)
2025-07-01 12:09:14,813 - ERROR - Error fetching boxscore for game 0022400463 (Attempt 3/5): HTTPSConnectionPool(host='stats.nba.com', port=443): Read timed out. (read timeout=60)
2025-07-01 12:10:19,843 - ERROR - Error fetching boxscore for game 0022400463 (Attempt 4/5): HTTPSConnectionPool(host='stats.nba.com', port=443): Read timed out. (read timeout=60)
2025-07-01 12:11:24,916 - ERROR - Error fetching boxscore for game 0022400463 (Attempt 5/5): HTTPSConnectionPool(host='stats.nba.com', port=443): Read timed out. (read timeout=60)
2025-07-01 12:11:24,916 - ERROR - Failed to fetch boxscore for game 0022400463 after 5 attempts.
2025-07-01 12:11:24,916 - WARNING - Game ID 0022400463 failed all internal retries. Adding to final retry list.
2025-07-01 12:11:24,917 - INFO - Fetching boxscore data for game 0022400401
2025-07-01 12:12:24,962 - ERROR - Error fetching boxscore for game 0022400401 (Attempt 1/5): HTTPSConnectionPool(host='stats.nba.com', port=443): Read timed out. (read timeout=60)
2025-07-01 12:13:30,022 - ERROR - Error fetching boxscore for game 0022400401 (Attempt 2/5): HTTPSConnectionPool(host='stats.nba.com', port=443): Read timed out. (read timeout=60)
2025-07-01 12:14:35,056 - ERROR - Error fetching boxscore for game 0022400401 (Attempt 3/5): HTTPSConnectionPool(host='stats.nba.com', port=443): Read timed out. (read timeout=60)
2025-07-01 12:15:40,096 - ERROR - Error fetching boxscore for game 0022400401 (Attempt 4/5): HTTPSConnectionPool(host='stats.nba.com', port=443): Read timed out. (read timeout=60)
2025-07-01 12:16:45,153 - ERROR - Error fetching boxscore for game 0022400401 (Attempt 5/5): HTTPSConnectionPool(host='stats.nba.com', port=443): Read timed out. (read timeout=60)
2025-07-01 12:16:45,154 - ERROR - Failed to fetch boxscore for game 0022400401 after 5 attempts.
2025-07-01 12:16:45,155 - WARNING - Game ID 0022400401 failed all internal retries. Adding to final retry list.
2025-07-01 12:16:45,158 - INFO - Fetching boxscore data for game 0022401184
2025-07-01 12:17:45,223 - ERROR - Error fetching boxscore for game 0022401184 (Attempt 1/5): HTTPSConnectionPool(host='stats.nba.com', port=443): Read timed out. (read timeout=60)
2025-07-01 12:18:50,270 - ERROR - Error fetching boxscore for game 0022401184 (Attempt 2/5): HTTPSConnectionPool(host='stats.nba.com', port=443): Read timed out. (read timeout=60)
2025-07-01 12:19:55,337 - ERROR - Error fetching boxscore for game 0022401184 (Attempt 3/5): HTTPSConnectionPool(host='stats.nba.com', port=443): Read timed out. (read timeout=60)
2025-07-01 12:21:00,379 - ERROR - Error fetching boxscore for game 0022401184 (Attempt 4/5): HTTPSConnectionPool(host='stats.nba.com', port=443): Read timed out. (read timeout=60)
2025-07-01 12:22:05,458 - ERROR - Error fetching boxscore for game 0022401184 (Attempt 5/5): HTTPSConnectionPool(host='stats.nba.com', port=443): Read timed out. (read timeout=60)
2025-07-01 12:22:05,459 - ERROR - Failed to fetch boxscore for game 0022401184 after 5 attempts.
2025-07-01 12:22:05,460 - WARNING - Game ID 0022401184 failed all internal retries. Adding to final retry list.
2025-07-01 12:22:05,462 - INFO - Fetching boxscore data for game 0022401175
2025-07-01 12:23:05,537 - ERROR - Error fetching boxscore for game 0022401175 (Attempt 1/5): HTTPSConnectionPool(host='stats.nba.com', port=443): Read timed out. (read timeout=60)
2025-07-01 12:24:10,592 - ERROR - Error fetching boxscore for game 0022401175 (Attempt 2/5): HTTPSConnectionPool(host='stats.nba.com', port=443): Read timed out. (read timeout=60)
2025-07-01 12:25:15,643 - ERROR - Error fetching boxscore for game 0022401175 (Attempt 3/5): HTTPSConnectionPool(host='stats.nba.com', port=443): Read timed out. (read timeout=60)
2025-07-01 12:26:20,692 - ERROR - Error fetching boxscore for game 0022401175 (Attempt 4/5): HTTPSConnectionPool(host='stats.nba.com', port=443): Read timed out. (read timeout=60)
2025-07-01 12:27:25,902 - ERROR - Error fetching boxscore for game 0022401175 (Attempt 5/5): HTTPSConnectionPool(host='stats.nba.com', port=443): Read timed out. (read timeout=60)
2025-07-01 12:27:25,903 - ERROR - Failed to fetch boxscore for game 0022401175 after 5 attempts.
2025-07-01 12:27:25,904 - WARNING - Game ID 0022401175 failed all internal retries. Adding to final retry list.
2025-07-01 12:27:25,907 - INFO - Fetching boxscore data for game 0022401222
2025-07-01 12:28:25,963 - ERROR - Error fetching boxscore for game 0022401222 (Attempt 1/5): HTTPSConnectionPool(host='stats.nba.com', port=443): Read timed out. (read timeout=60)
2025-07-01 12:29:31,006 - ERROR - Error fetching boxscore for game 0022401222 (Attempt 2/5): HTTPSConnectionPool(host='stats.nba.com', port=443): Read timed out. (read timeout=60)
2025-07-01 12:30:36,082 - ERROR - Error fetching boxscore for game 0022401222 (Attempt 3/5): HTTPSConnectionPool(host='stats.nba.com', port=443): Read timed out. (read timeout=60)
2025-07-01 12:31:41,135 - ERROR - Error fetching boxscore for game 0022401222 (Attempt 4/5): HTTPSConnectionPool(host='stats.nba.com', port=443): Read timed out. (read timeout=60)
2025-07-01 12:32:46,339 - ERROR - Error fetching boxscore for game 0022401222 (Attempt 5/5): HTTPSConnectionPool(host='stats.nba.com', port=443): Read timed out. (read timeout=60)
2025-07-01 12:32:46,340 - ERROR - Failed to fetch boxscore for game 0022401222 after 5 attempts.
2025-07-01 12:32:46,340 - WARNING - Game ID 0022401222 failed all internal retries. Adding to final retry list.
2025-07-01 12:32:46,341 - INFO - Fetching boxscore data for game 0022400010
2025-07-01 12:33:46,400 - ERROR - Error fetching boxscore for game 0022400010 (Attempt 1/5): HTTPSConnectionPool(host='stats.nba.com', port=443): Read timed out. (read timeout=60)
2025-07-01 12:34:51,477 - ERROR - Error fetching boxscore for game 0022400010 (Attempt 2/5): HTTPSConnectionPool(host='stats.nba.com', port=443): Read timed out. (read timeout=60)
2025-07-01 12:35:56,525 - ERROR - Error fetching boxscore for game 0022400010 (Attempt 3/5): HTTPSConnectionPool(host='stats.nba.com', port=443): Read timed out. (read timeout=60)
2025-07-01 12:37:01,584 - ERROR - Error fetching boxscore for game 0022400010 (Attempt 4/5): HTTPSConnectionPool(host='stats.nba.com', port=443): Read timed out. (read timeout=60)
2025-07-01 12:38:06,762 - ERROR - Error fetching boxscore for game 0022400010 (Attempt 5/5): HTTPSConnectionPool(host='stats.nba.com', port=443): Read timed out. (read timeout=60)
2025-07-01 12:38:06,763 - ERROR - Failed to fetch boxscore for game 0022400010 after 5 attempts.
2025-07-01 12:38:06,764 - WARNING - Game ID 0022400010 failed all internal retries. Adding to final retry list.
2025-07-01 12:38:06,767 - INFO - Fetching boxscore data for game 0022400632
2025-07-01 12:39:06,812 - ERROR - Error fetching boxscore for game 0022400632 (Attempt 1/5): HTTPSConnectionPool(host='stats.nba.com', port=443): Read timed out. (read timeout=60)
2025-07-01 12:40:11,861 - ERROR - Error fetching boxscore for game 0022400632 (Attempt 2/5): HTTPSConnectionPool(host='stats.nba.com', port=443): Read timed out. (read timeout=60)
2025-07-01 12:41:16,911 - ERROR - Error fetching boxscore for game 0022400632 (Attempt 3/5): HTTPSConnectionPool(host='stats.nba.com', port=443): Read timed out. (read timeout=60)
2025-07-01 12:42:21,998 - ERROR - Error fetching boxscore for game 0022400632 (Attempt 4/5): HTTPSConnectionPool(host='stats.nba.com', port=443): Read timed out. (read timeout=60)
2025-07-01 12:43:27,156 - ERROR - Error fetching boxscore for game 0022400632 (Attempt 5/5): HTTPSConnectionPool(host='stats.nba.com', port=443): Read timed out. (read timeout=60)
2025-07-01 12:43:27,156 - ERROR - Failed to fetch boxscore for game 0022400632 after 5 attempts.
2025-07-01 12:43:27,157 - WARNING - Game ID 0022400632 failed all internal retries. Adding to final retry list.
2025-07-01 12:43:27,157 - INFO - Fetching boxscore data for game 0022400946
2025-07-01 12:43:31,309 - INFO - Fetching boxscore data for game 0022400046
2025-07-01 12:43:35,372 - INFO - Fetching boxscore data for game 0022400360
2025-07-01 12:43:39,389 - INFO - Fetching boxscore data for game 0022401227
2025-07-01 12:43:44,840 - INFO - Fetching boxscore data for game 0022401176
2025-07-01 12:43:47,335 - INFO - Fetching boxscore data for game 0022400726
2025-07-01 12:43:51,040 - INFO - Fetching boxscore data for game 0022400440
2025-07-01 12:43:56,261 - INFO - Fetching boxscore data for game 0022400954
2025-07-01 12:44:00,562 - INFO - Fetching boxscore data for game 0022401182
2025-07-01 12:44:03,190 - INFO - Fetching boxscore data for game 0022400037
2025-07-01 12:44:07,112 - INFO - Fetching boxscore data for game 0022400944
2025-07-01 12:44:11,306 - INFO - Fetching boxscore data for game 0022400923
2025-07-01 12:44:15,176 - INFO - Fetching boxscore data for game 0022400419
2025-07-01 12:44:19,941 - INFO - Fetching boxscore data for game 0022400456
2025-07-01 12:44:37,506 - INFO - Fetching boxscore data for game 0022401186
2025-07-01 12:44:40,225 - INFO - Fetching boxscore data for game 0022400447
2025-07-01 12:44:45,356 - INFO - Fetching boxscore data for game 0022401183
2025-07-01 12:44:48,440 - INFO - Fetching boxscore data for game 0022400315
2025-07-01 12:44:52,467 - INFO - Fetching boxscore data for game 0022400335
2025-07-01 12:44:56,494 - INFO - Fetching boxscore data for game 0022400259
2025-07-01 12:45:00,674 - INFO - Fetching boxscore data for game 0022400732
2025-07-01 12:45:05,859 - INFO - Fetching boxscore data for game 0022400808
2025-07-01 12:45:09,638 - INFO - Fetching boxscore data for game 0022400043
2025-07-01 12:45:14,091 - INFO - Fetching boxscore data for game 0022401211
2025-07-01 12:45:19,912 - INFO - Fetching boxscore data for game 0022400218
2025-07-01 12:45:23,992 - INFO - Fetching boxscore data for game 0022400158
2025-07-01 12:45:27,784 - INFO - Fetching boxscore data for game 0022400733
2025-07-01 12:45:31,993 - INFO - Fetching boxscore data for game 0022401188
2025-07-01 12:45:35,472 - INFO - Fetching boxscore data for game 0022400070
2025-07-01 12:45:39,799 - INFO - Fetching boxscore data for game 0022401035
2025-07-01 12:45:43,664 - INFO - Fetching boxscore data for game 0022400879
2025-07-01 12:45:47,914 - INFO - Fetching boxscore data for game 0022400183
2025-07-01 12:45:52,180 - INFO - Fetching boxscore data for game 0022401029
2025-07-01 12:45:56,534 - INFO - Fetching boxscore data for game 0022401213
2025-07-01 12:46:01,583 - INFO - Fetching boxscore data for game 0042400232
2025-07-01 12:46:06,304 - INFO - Fetching boxscore data for game 0022401191
2025-07-01 12:46:09,133 - INFO - Fetching boxscore data for game 0022400378
2025-07-01 12:46:12,866 - INFO - Fetching boxscore data for game 0022401195
2025-07-01 12:46:15,541 - INFO - Fetching boxscore data for game 0022400501
2025-07-01 12:46:19,548 - INFO - Fetching boxscore data for game 0022400689
2025-07-01 12:46:23,930 - INFO - Fetching boxscore data for game 0022401007
2025-07-01 12:46:28,244 - INFO - Fetching boxscore data for game 0022400777
2025-07-01 12:46:33,021 - INFO - Fetching boxscore data for game 0022400503
2025-07-01 12:46:36,854 - INFO - Fetching boxscore data for game 0022400694
2025-07-01 12:46:40,687 - INFO - Fetching boxscore data for game 0042400172
2025-07-01 12:46:58,680 - INFO - Fetching boxscore data for game 0022400340
2025-07-01 12:47:03,824 - INFO - Fetching boxscore data for game 0022400206
2025-07-01 12:47:08,690 - INFO - Fetching boxscore data for game 0022401063
2025-07-01 12:47:12,685 - INFO - Fetching boxscore data for game 0022401185
2025-07-01 12:47:15,582 - INFO - Fetching boxscore data for game 0022401192
2025-07-01 12:47:18,327 - INFO - Fetching boxscore data for game 0022400373
2025-07-01 12:47:22,726 - INFO - Fetching boxscore data for game 0022400452
2025-07-01 12:47:27,543 - INFO - Fetching boxscore data for game 0022401219
2025-07-01 12:47:33,095 - INFO - Fetching boxscore data for game 0022400565
2025-07-01 12:47:37,153 - INFO - Fetching boxscore data for game 0022400530
2025-07-01 12:47:41,300 - INFO - Fetching boxscore data for game 0022400112
2025-07-01 12:47:46,678 - INFO - Fetching boxscore data for game 0022400834
2025-07-01 12:47:50,556 - INFO - Fetching boxscore data for game 0022401181
2025-07-01 12:47:53,169 - INFO - Fetching boxscore data for game 0022400131
2025-07-01 12:47:56,977 - INFO - Fetching boxscore data for game 0022400384
2025-07-01 12:48:02,884 - INFO - Saved rerun checkpoint for advanced to C:\Users\NicholasYu-JinSeah\OneDrive - MIP (Aust) Pty Ltd\Documents\Extra Projects\NBA Analytics Pipeline Project\data\checkpoints\boxscore_rerun_checkpoints\boxscore_advanced_rerun_chunk_2.csv
2025-07-01 12:48:02,905 - INFO - Saved rerun checkpoint for hustle to C:\Users\NicholasYu-JinSeah\OneDrive - MIP (Aust) Pty Ltd\Documents\Extra Projects\NBA Analytics Pipeline Project\data\checkpoints\boxscore_rerun_checkpoints\boxscore_hustle_rerun_chunk_2.csv
2025-07-01 12:48:02,962 - INFO - Saved rerun checkpoint for scoring to C:\Users\NicholasYu-JinSeah\OneDrive - MIP (Aust) Pty Ltd\Documents\Extra Projects\NBA Analytics Pipeline Project\data\checkpoints\boxscore_rerun_checkpoints\boxscore_scoring_rerun_chunk_2.csv
2025-07-01 12:48:03,015 - INFO - Saved rerun checkpoint for traditional to C:\Users\NicholasYu-JinSeah\OneDrive - MIP (Aust) Pty Ltd\Documents\Extra Projects\NBA Analytics Pipeline Project\data\checkpoints\boxscore_rerun_checkpoints\boxscore_traditional_rerun_chunk_2.csv
2025-07-01 12:48:03,042 - INFO - Saved rerun checkpoint for playertrack to C:\Users\NicholasYu-JinSeah\OneDrive - MIP (Aust) Pty Ltd\Documents\Extra Projects\NBA Analytics Pipeline Project\data\checkpoints\boxscore_rerun_checkpoints\boxscore_playertrack_rerun_chunk_2.csv
2025-07-01 12:48:03,074 - INFO - Saved rerun checkpoint for usage to C:\Users\NicholasYu-JinSeah\OneDrive - MIP (Aust) Pty Ltd\Documents\Extra Projects\NBA Analytics Pipeline Project\data\checkpoints\boxscore_rerun_checkpoints\boxscore_usage_rerun_chunk_2.csv
2025-07-01 12:48:06,075 - INFO - Processing chunk 3/3 (6 games) of remaining game IDs.
2025-07-01 12:48:06,108 - INFO - Fetching boxscore data for game 0022400945
2025-07-01 12:48:10,195 - INFO - Fetching boxscore data for game 0022400007
2025-07-01 12:48:13,891 - INFO - Fetching boxscore data for game 0022400637
2025-07-01 12:48:18,058 - INFO - Fetching boxscore data for game 0022401170
2025-07-01 12:48:20,976 - INFO - Fetching boxscore data for game 0022400477
2025-07-01 12:48:24,840 - INFO - Fetching boxscore data for game 0022401199
2025-07-01 12:48:27,751 - INFO - Saved rerun checkpoint for advanced to C:\Users\NicholasYu-JinSeah\OneDrive - MIP (Aust) Pty Ltd\Documents\Extra Projects\NBA Analytics Pipeline Project\data\checkpoints\boxscore_rerun_checkpoints\boxscore_advanced_rerun_chunk_3.csv
2025-07-01 12:48:27,761 - INFO - Saved rerun checkpoint for hustle to C:\Users\NicholasYu-JinSeah\OneDrive - MIP (Aust) Pty Ltd\Documents\Extra Projects\NBA Analytics Pipeline Project\data\checkpoints\boxscore_rerun_checkpoints\boxscore_hustle_rerun_chunk_3.csv
2025-07-01 12:48:27,773 - INFO - Saved rerun checkpoint for scoring to C:\Users\NicholasYu-JinSeah\OneDrive - MIP (Aust) Pty Ltd\Documents\Extra Projects\NBA Analytics Pipeline Project\data\checkpoints\boxscore_rerun_checkpoints\boxscore_scoring_rerun_chunk_3.csv
2025-07-01 12:48:27,782 - INFO - Saved rerun checkpoint for traditional to C:\Users\NicholasYu-JinSeah\OneDrive - MIP (Aust) Pty Ltd\Documents\Extra Projects\NBA Analytics Pipeline Project\data\checkpoints\boxscore_rerun_checkpoints\boxscore_traditional_rerun_chunk_3.csv
2025-07-01 12:48:27,794 - INFO - Saved rerun checkpoint for playertrack to C:\Users\NicholasYu-JinSeah\OneDrive - MIP (Aust) Pty Ltd\Documents\Extra Projects\NBA Analytics Pipeline Project\data\checkpoints\boxscore_rerun_checkpoints\boxscore_playertrack_rerun_chunk_3.csv
2025-07-01 12:48:27,804 - INFO - Saved rerun checkpoint for usage to C:\Users\NicholasYu-JinSeah\OneDrive - MIP (Aust) Pty Ltd\Documents\Extra Projects\NBA Analytics Pipeline Project\data\checkpoints\boxscore_rerun_checkpoints\boxscore_usage_rerun_chunk_3.csv
2025-07-01 12:48:30,805 - WARNING - Initiating final retry for 20 games that failed all internal attempts.
2025-07-01 12:48:30,806 - INFO - Attempting to retry 20 failed game IDs for boxscores (final retry loop).
2025-07-01 12:48:30,807 - INFO - Final retry attempt 1/3 for boxscores. Remaining: 20
2025-07-01 12:48:30,808 - INFO - Fetching boxscore data for game 0022401196
2025-07-01 12:48:33,512 - INFO - Fetching boxscore data for game 0022401222
2025-07-01 12:48:38,872 - INFO - Fetching boxscore data for game 0022400010
2025-07-01 12:48:44,097 - INFO - Fetching boxscore data for game 0022400627
2025-07-01 12:48:48,491 - INFO - Fetching boxscore data for game 0022401198
2025-07-01 12:48:51,602 - INFO - Fetching boxscore data for game 0022400300
2025-07-01 12:48:56,249 - INFO - Fetching boxscore data for game 0022400632
2025-07-01 12:49:00,428 - INFO - Fetching boxscore data for game 0022401017
2025-07-01 12:49:04,612 - INFO - Fetching boxscore data for game 0022400388
2025-07-01 12:49:08,769 - INFO - Fetching boxscore data for game 0022400463
2025-07-01 12:49:12,838 - INFO - Fetching boxscore data for game 0022401001
2025-07-01 12:49:16,721 - INFO - Fetching boxscore data for game 0022400979
2025-07-01 12:49:21,222 - INFO - Fetching boxscore data for game 0022400401
2025-07-01 12:49:25,593 - INFO - Fetching boxscore data for game 0022400478
2025-07-01 12:49:29,337 - INFO - Fetching boxscore data for game 0042400121
2025-07-01 12:49:34,235 - INFO - Fetching boxscore data for game 0022401177
2025-07-01 12:49:37,071 - INFO - Fetching boxscore data for game 0022400289
2025-07-01 12:49:41,141 - INFO - Fetching boxscore data for game 0022401184
2025-07-01 12:49:44,289 - INFO - Fetching boxscore data for game 0022401175
2025-07-01 12:49:47,201 - INFO - Fetching boxscore data for game 0022401200
2025-07-01 12:49:55,441 - INFO - Saved retried data for advanced to C:\Users\NicholasYu-JinSeah\OneDrive - MIP (Aust) Pty Ltd\Documents\Extra Projects\NBA Analytics Pipeline Project\data\checkpoints\boxscore_rerun_checkpoints\boxscore_advanced_rerun_retried.csv
2025-07-01 12:49:55,450 - INFO - Saved retried data for hustle to C:\Users\NicholasYu-JinSeah\OneDrive - MIP (Aust) Pty Ltd\Documents\Extra Projects\NBA Analytics Pipeline Project\data\checkpoints\boxscore_rerun_checkpoints\boxscore_hustle_rerun_retried.csv
2025-07-01 12:49:55,461 - INFO - Saved retried data for scoring to C:\Users\NicholasYu-JinSeah\OneDrive - MIP (Aust) Pty Ltd\Documents\Extra Projects\NBA Analytics Pipeline Project\data\checkpoints\boxscore_rerun_checkpoints\boxscore_scoring_rerun_retried.csv
2025-07-01 12:49:55,471 - INFO - Saved retried data for traditional to C:\Users\NicholasYu-JinSeah\OneDrive - MIP (Aust) Pty Ltd\Documents\Extra Projects\NBA Analytics Pipeline Project\data\checkpoints\boxscore_rerun_checkpoints\boxscore_traditional_rerun_retried.csv
2025-07-01 12:49:55,482 - INFO - Saved retried data for playertrack to C:\Users\NicholasYu-JinSeah\OneDrive - MIP (Aust) Pty Ltd\Documents\Extra Projects\NBA Analytics Pipeline Project\data\checkpoints\boxscore_rerun_checkpoints\boxscore_playertrack_rerun_retried.csv
2025-07-01 12:49:55,494 - INFO - Saved retried data for usage to C:\Users\NicholasYu-JinSeah\OneDrive - MIP (Aust) Pty Ltd\Documents\Extra Projects\NBA Analytics Pipeline Project\data\checkpoints\boxscore_rerun_checkpoints\boxscore_usage_rerun_retried.csv
2025-07-01 12:49:55,494 - INFO - Consolidating boxscore rerun checkpoint files...
2025-07-01 12:49:55,674 - INFO - Consolidated 4 files for advanced.
2025-07-01 12:49:55,835 - INFO - Consolidated 4 files for hustle.
2025-07-01 12:49:55,964 - INFO - Consolidated 4 files for scoring.
2025-07-01 12:49:56,151 - INFO - Consolidated 4 files for traditional.
2025-07-01 12:49:56,330 - INFO - Consolidated 4 files for playertrack.
2025-07-01 12:49:56,534 - INFO - Consolidated 4 files for usage.
2025-07-01 12:49:56,618 - INFO - Consolidated rerun boxscore data for advanced saved to C:\Users\NicholasYu-JinSeah\OneDrive - MIP (Aust) Pty Ltd\Documents\Extra Projects\NBA Analytics Pipeline Project\data\boxscore_advanced_rerun_2024_25.csv
2025-07-01 12:49:56,646 - INFO - Consolidated rerun boxscore data for hustle saved to C:\Users\NicholasYu-JinSeah\OneDrive - MIP (Aust) Pty Ltd\Documents\Extra Projects\NBA Analytics Pipeline Project\data\boxscore_hustle_rerun_2024_25.csv
2025-07-01 12:49:56,693 - INFO - Consolidated rerun boxscore data for scoring saved to C:\Users\NicholasYu-JinSeah\OneDrive - MIP (Aust) Pty Ltd\Documents\Extra Projects\NBA Analytics Pipeline Project\data\boxscore_scoring_rerun_2024_25.csv
2025-07-01 12:49:56,740 - INFO - Consolidated rerun boxscore data for traditional saved to C:\Users\NicholasYu-JinSeah\OneDrive - MIP (Aust) Pty Ltd\Documents\Extra Projects\NBA Analytics Pipeline Project\data\boxscore_traditional_rerun_2024_25.csv
2025-07-01 12:49:56,776 - INFO - Consolidated rerun boxscore data for playertrack saved to C:\Users\NicholasYu-JinSeah\OneDrive - MIP (Aust) Pty Ltd\Documents\Extra Projects\NBA Analytics Pipeline Project\data\boxscore_playertrack_rerun_2024_25.csv
2025-07-01 12:49:56,831 - INFO - Consolidated rerun boxscore data for usage saved to C:\Users\NicholasYu-JinSeah\OneDrive - MIP (Aust) Pty Ltd\Documents\Extra Projects\NBA Analytics Pipeline Project\data\boxscore_usage_rerun_2024_25.csv
2025-07-01 12:49:56,832 - INFO - Moving boxscore rerun checkpoint files to a subfolder.
2025-07-01 12:49:56,838 - INFO - Moved boxscore_advanced_rerun_chunk_1.csv to 20250701_124956_rerun
2025-07-01 12:49:56,842 - INFO - Moved boxscore_advanced_rerun_chunk_2.csv to 20250701_124956_rerun
2025-07-01 12:49:56,844 - INFO - Moved boxscore_advanced_rerun_chunk_3.csv to 20250701_124956_rerun
2025-07-01 12:49:56,845 - INFO - Moved boxscore_advanced_rerun_retried.csv to 20250701_124956_rerun
2025-07-01 12:49:56,847 - INFO - Moved boxscore_hustle_rerun_chunk_1.csv to 20250701_124956_rerun
2025-07-01 12:49:56,850 - INFO - Moved boxscore_hustle_rerun_chunk_2.csv to 20250701_124956_rerun
2025-07-01 12:49:56,853 - INFO - Moved boxscore_hustle_rerun_chunk_3.csv to 20250701_124956_rerun
2025-07-01 12:49:56,854 - INFO - Moved boxscore_hustle_rerun_retried.csv to 20250701_124956_rerun
2025-07-01 12:49:56,857 - INFO - Moved boxscore_playertrack_rerun_chunk_1.csv to 20250701_124956_rerun
2025-07-01 12:49:56,859 - INFO - Moved boxscore_playertrack_rerun_chunk_2.csv to 20250701_124956_rerun
2025-07-01 12:49:56,861 - INFO - Moved boxscore_playertrack_rerun_chunk_3.csv to 20250701_124956_rerun
2025-07-01 12:49:56,863 - INFO - Moved boxscore_playertrack_rerun_retried.csv to 20250701_124956_rerun
2025-07-01 12:49:56,865 - INFO - Moved boxscore_scoring_rerun_chunk_1.csv to 20250701_124956_rerun
2025-07-01 12:49:56,868 - INFO - Moved boxscore_scoring_rerun_chunk_2.csv to 20250701_124956_rerun
2025-07-01 12:49:56,871 - INFO - Moved boxscore_scoring_rerun_chunk_3.csv to 20250701_124956_rerun
2025-07-01 12:49:56,873 - INFO - Moved boxscore_scoring_rerun_retried.csv to 20250701_124956_rerun
2025-07-01 12:49:56,876 - INFO - Moved boxscore_traditional_rerun_chunk_1.csv to 20250701_124956_rerun
2025-07-01 12:49:56,895 - INFO - Moved boxscore_traditional_rerun_chunk_2.csv to 20250701_124956_rerun
2025-07-01 12:49:56,897 - INFO - Moved boxscore_traditional_rerun_chunk_3.csv to 20250701_124956_rerun
2025-07-01 12:49:56,900 - INFO - Moved boxscore_traditional_rerun_retried.csv to 20250701_124956_rerun
2025-07-01 12:49:56,902 - INFO - Moved boxscore_usage_rerun_chunk_1.csv to 20250701_124956_rerun
2025-07-01 12:49:56,905 - INFO - Moved boxscore_usage_rerun_chunk_2.csv to 20250701_124956_rerun
2025-07-01 12:49:56,908 - INFO - Moved boxscore_usage_rerun_chunk_3.csv to 20250701_124956_rerun
2025-07-01 12:49:56,909 - INFO - Moved boxscore_usage_rerun_retried.csv to 20250701_124956_rerun
2025-07-01 12:49:56,910 - INFO - RERUN_off_checkpoints script complete.
