2025-07-03 15:53:23,777 - INFO - Starting data ingestion...
2025-07-03 15:53:23,778 - INFO - Gathering player information for the NBA season...
2025-07-03 15:53:23,778 - INFO - Fetching player logs for Regular Season...
2025-07-03 15:53:26,026 - INFO - Fetching player logs for Playoffs...
2025-07-03 15:53:27,339 - INFO - Found 569 unique players across all season types.
2025-07-03 15:53:27,344 - INFO - Fetching info for 569 unique players.
2025-07-03 15:53:27,896 - INFO - [1/569] Retrieved info for Player ID 1630208
2025-07-03 15:53:28,828 - INFO - [2/569] Retrieved info for Player ID 1630214
2025-07-03 15:53:29,757 - INFO - [3/569] Retrieved info for Player ID 1630215
2025-07-03 15:53:30,673 - INFO - [4/569] Retrieved info for Player ID 1642502
2025-07-03 15:53:31,596 - INFO - [5/569] Retrieved info for Player ID 1642505
2025-07-03 15:53:32,518 - INFO - [6/569] Retrieved info for Player ID 1630217
2025-07-03 15:53:33,436 - INFO - [7/569] Retrieved info for Player ID 1630222
2025-07-03 15:53:34,272 - INFO - [8/569] Retrieved info for Player ID 1630224
2025-07-03 15:53:35,179 - INFO - [9/569] Retrieved info for Player ID 1630227
2025-07-03 15:53:36,101 - INFO - [10/569] Retrieved info for Player ID 1630228
2025-07-03 15:53:37,019 - INFO - [11/569] Retrieved info for Player ID 1630230
2025-07-03 15:53:37,941 - INFO - [12/569] Retrieved info for Player ID 1630231
2025-07-03 15:53:38,865 - INFO - [13/569] Retrieved info for Player ID 1626143
2025-07-03 15:53:39,787 - INFO - [14/569] Retrieved info for Player ID 1626145
2025-07-03 15:53:40,706 - INFO - [15/569] Retrieved info for Player ID 1642530
2025-07-03 15:53:41,553 - INFO - [16/569] Retrieved info for Player ID 1630243
2025-07-03 15:53:42,448 - INFO - [17/569] Retrieved info for Player ID 1630241
2025-07-03 15:53:43,319 - INFO - [18/569] Retrieved info for Player ID 1630245
2025-07-03 15:53:44,193 - INFO - [19/569] Retrieved info for Player ID 1626153
2025-07-03 15:53:45,044 - INFO - [20/569] Retrieved info for Player ID 1630249
2025-07-03 15:53:45,892 - INFO - [21/569] Retrieved info for Player ID 1626156
2025-07-03 15:53:46,736 - INFO - [22/569] Retrieved info for Player ID 1626157
2025-07-03 15:53:47,676 - INFO - [23/569] Retrieved info for Player ID 1626158
2025-07-03 15:53:48,594 - INFO - [24/569] Retrieved info for Player ID 1630256
2025-07-03 15:53:49,436 - INFO - [25/569] Retrieved info for Player ID 1626162
2025-07-03 15:53:50,327 - INFO - [26/569] Retrieved info for Player ID 1626164
2025-07-03 15:53:51,168 - INFO - [27/569] Retrieved info for Player ID 1626166
2025-07-03 15:53:52,016 - INFO - [28/569] Retrieved info for Player ID 1626167
2025-07-03 15:53:52,896 - INFO - [29/569] Retrieved info for Player ID 1626168
2025-07-03 15:53:53,739 - INFO - [30/569] Retrieved info for Player ID 1630264
2025-07-03 15:53:54,637 - INFO - [31/569] Retrieved info for Player ID 1626171
2025-07-03 15:53:55,479 - INFO - [32/569] Retrieved info for Player ID 1626172
2025-07-03 15:53:56,322 - INFO - [33/569] Retrieved info for Player ID 200768
2025-07-03 15:53:57,157 - INFO - [34/569] Retrieved info for Player ID 1626179
2025-07-03 15:53:58,002 - INFO - [35/569] Retrieved info for Player ID 1626181
2025-07-03 15:53:58,850 - INFO - [36/569] Retrieved info for Player ID 1630283
2025-07-03 15:53:59,692 - INFO - [37/569] Retrieved info for Player ID 200782
2025-07-03 15:54:00,526 - INFO - [38/569] Retrieved info for Player ID 1626192
2025-07-03 15:54:01,370 - INFO - [39/569] Retrieved info for Player ID 1630288
2025-07-03 15:54:02,219 - INFO - [40/569] Retrieved info for Player ID 1626196
2025-07-03 15:54:03,057 - INFO - [41/569] Retrieved info for Player ID 1630296
2025-07-03 15:54:03,891 - INFO - [42/569] Retrieved info for Player ID 1626204
2025-07-03 15:54:04,725 - INFO - [43/569] Retrieved info for Player ID 1629057
2025-07-03 15:54:05,592 - INFO - [44/569] Retrieved info for Player ID 1630311
2025-07-03 15:54:06,512 - INFO - [45/569] Retrieved info for Player ID 1630314
2025-07-03 15:54:07,365 - INFO - [46/569] Retrieved info for Player ID 1626220
2025-07-03 15:54:08,228 - INFO - [47/569] Retrieved info for Player ID 1630322
2025-07-03 15:54:09,074 - INFO - [48/569] Retrieved info for Player ID 1631098
2025-07-03 15:54:09,921 - INFO - [49/569] Retrieved info for Player ID 1630346
2025-07-03 15:54:10,761 - INFO - [50/569] Retrieved info for Player ID 1631107
2025-07-03 15:54:11,609 - INFO - [51/569] Retrieved info for Player ID 1628365
2025-07-03 15:54:12,455 - INFO - [52/569] Retrieved info for Player ID 1628366
2025-07-03 15:54:13,296 - INFO - [53/569] Retrieved info for Player ID 1628368
2025-07-03 15:54:14,145 - INFO - [54/569] Retrieved info for Player ID 1628369
2025-07-03 15:54:14,987 - INFO - [55/569] Retrieved info for Player ID 1628370
2025-07-03 15:54:15,840 - INFO - [56/569] Retrieved info for Player ID 1628371
2025-07-03 15:54:16,704 - INFO - [57/569] Retrieved info for Player ID 1628374
2025-07-03 15:54:17,538 - INFO - [58/569] Retrieved info for Player ID 1628378
2025-07-03 15:54:18,393 - INFO - [59/569] Retrieved info for Player ID 1628379
2025-07-03 15:54:19,241 - INFO - [60/569] Retrieved info for Player ID 1628380
2025-07-03 15:54:20,098 - INFO - [61/569] Retrieved info for Player ID 1628381
2025-07-03 15:54:20,954 - INFO - [62/569] Retrieved info for Player ID 1628384
2025-07-03 15:54:21,873 - INFO - [63/569] Retrieved info for Player ID 1628386
2025-07-03 15:54:22,712 - INFO - [64/569] Retrieved info for Player ID 1628389
2025-07-03 15:54:23,568 - INFO - [65/569] Retrieved info for Player ID 1628392
2025-07-03 15:54:24,414 - INFO - [66/569] Retrieved info for Player ID 1628396
2025-07-03 15:54:25,252 - INFO - [67/569] Retrieved info for Player ID 1628398
2025-07-03 15:54:26,110 - INFO - [68/569] Retrieved info for Player ID 1628401
2025-07-03 15:54:26,960 - INFO - [69/569] Retrieved info for Player ID 1628404
2025-07-03 15:54:27,918 - INFO - [70/569] Retrieved info for Player ID 1628408
2025-07-03 15:54:28,840 - INFO - [71/569] Retrieved info for Player ID 1628415
2025-07-03 15:54:29,679 - INFO - [72/569] Retrieved info for Player ID 1628418
2025-07-03 15:54:30,580 - INFO - [73/569] Retrieved info for Player ID 1628420
2025-07-03 15:54:31,502 - INFO - [74/569] Retrieved info for Player ID 1628427
2025-07-03 15:54:32,422 - INFO - [75/569] Retrieved info for Player ID 1628436
2025-07-03 15:54:33,344 - INFO - [76/569] Retrieved info for Player ID 1628449
2025-07-03 15:54:34,198 - INFO - [77/569] Retrieved info for Player ID 1628464
2025-07-03 15:54:35,035 - INFO - [78/569] Retrieved info for Player ID 1628467
2025-07-03 15:54:35,902 - INFO - [79/569] Retrieved info for Player ID 1628470
2025-07-03 15:54:36,742 - INFO - [80/569] Retrieved info for Player ID 1630526
2025-07-03 15:54:37,643 - INFO - [81/569] Retrieved info for Player ID 1630527
2025-07-03 15:54:38,487 - INFO - [82/569] Retrieved info for Player ID 1630528
2025-07-03 15:54:39,338 - INFO - [83/569] Retrieved info for Player ID 1630529
2025-07-03 15:54:40,192 - INFO - [84/569] Retrieved info for Player ID 1630530
2025-07-03 15:54:41,034 - INFO - [85/569] Retrieved info for Player ID 1630531
2025-07-03 15:54:41,866 - INFO - [86/569] Retrieved info for Player ID 203076
2025-07-03 15:54:42,720 - INFO - [87/569] Retrieved info for Player ID 1630533
2025-07-03 15:54:43,557 - INFO - [88/569] Retrieved info for Player ID 1630534
2025-07-03 15:54:44,419 - INFO - [89/569] Retrieved info for Player ID 203078
2025-07-03 15:54:45,280 - INFO - [90/569] Retrieved info for Player ID 1630532
2025-07-03 15:54:46,123 - INFO - [91/569] Retrieved info for Player ID 203081
2025-07-03 15:54:47,063 - INFO - [92/569] Retrieved info for Player ID 1630538
2025-07-03 15:54:47,899 - INFO - [93/569] Retrieved info for Player ID 1630539
2025-07-03 15:54:48,761 - INFO - [94/569] Retrieved info for Player ID 203084
2025-07-03 15:54:49,601 - INFO - [95/569] Retrieved info for Player ID 1630541
2025-07-03 15:54:50,473 - INFO - [96/569] Retrieved info for Player ID 1630540
2025-07-03 15:54:51,364 - INFO - [97/569] Retrieved info for Player ID 1630542
2025-07-03 15:54:52,285 - INFO - [98/569] Retrieved info for Player ID 203083
2025-07-03 15:54:53,175 - INFO - [99/569] Retrieved info for Player ID 1630545
2025-07-03 15:54:54,027 - INFO - [100/569] Retrieved info for Player ID 1630537
2025-07-03 15:54:54,949 - INFO - [101/569] Retrieved info for Player ID 1630544
2025-07-03 15:54:55,793 - INFO - [102/569] Retrieved info for Player ID 1630548
2025-07-03 15:54:56,632 - INFO - [103/569] Retrieved info for Player ID 1630549
2025-07-03 15:54:57,512 - INFO - [104/569] Retrieved info for Player ID 1630550
2025-07-03 15:54:58,428 - INFO - [105/569] Retrieved info for Player ID 1630551
2025-07-03 15:54:59,329 - INFO - [106/569] Retrieved info for Player ID 1630552
2025-07-03 15:55:00,275 - INFO - [107/569] Retrieved info for Player ID 1630553
2025-07-03 15:55:01,114 - INFO - [108/569] Retrieved info for Player ID 1630556
2025-07-03 15:55:02,016 - INFO - [109/569] Retrieved info for Player ID 1630557
2025-07-03 15:55:02,937 - INFO - [110/569] Retrieved info for Player ID 1630558
2025-07-03 15:55:03,787 - INFO - [111/569] Retrieved info for Player ID 1630559
2025-07-03 15:55:04,632 - INFO - [112/569] Retrieved info for Player ID 1630560
2025-07-03 15:55:05,563 - INFO - [113/569] Retrieved info for Player ID 1630561
2025-07-03 15:55:06,524 - INFO - [114/569] Retrieved info for Player ID 203109
2025-07-03 15:55:07,366 - INFO - [115/569] Retrieved info for Player ID 203110
2025-07-03 15:55:08,205 - INFO - [116/569] Retrieved info for Player ID 1630567
2025-07-03 15:55:09,079 - INFO - [117/569] Retrieved info for Player ID 1630568
2025-07-03 15:55:09,954 - INFO - [118/569] Retrieved info for Player ID 1630570
2025-07-03 15:55:10,800 - INFO - [119/569] Retrieved info for Player ID 203114
2025-07-03 15:55:11,649 - INFO - [120/569] Retrieved info for Player ID 1630572
2025-07-03 15:55:12,773 - INFO - [121/569] Retrieved info for Player ID 1630573
2025-07-03 15:55:13,641 - INFO - [122/569] Retrieved info for Player ID 1630574
2025-07-03 15:55:14,485 - INFO - [123/569] Retrieved info for Player ID 1630577
2025-07-03 15:55:15,358 - INFO - [124/569] Retrieved info for Player ID 1630578
2025-07-03 15:55:16,208 - INFO - [125/569] Retrieved info for Player ID 1630579
2025-07-03 15:55:17,049 - INFO - [126/569] Retrieved info for Player ID 1630581
2025-07-03 15:55:17,903 - INFO - [127/569] Retrieved info for Player ID 1630583
2025-07-03 15:55:18,757 - INFO - [128/569] Retrieved info for Player ID 1630585
2025-07-03 15:55:19,597 - INFO - [129/569] Retrieved info for Player ID 1630590
2025-07-03 15:55:20,437 - INFO - [130/569] Retrieved info for Player ID 1630591
2025-07-03 15:55:21,370 - INFO - [131/569] Retrieved info for Player ID 1630592
2025-07-03 15:55:22,288 - INFO - [132/569] Retrieved info for Player ID 1630595
2025-07-03 15:55:23,213 - INFO - [133/569] Retrieved info for Player ID 1630596
2025-07-03 15:55:24,093 - INFO - [134/569] Retrieved info for Player ID 1630598
2025-07-03 15:55:25,056 - INFO - [135/569] Retrieved info for Player ID 1630600
2025-07-03 15:55:25,977 - INFO - [136/569] Retrieved info for Player ID 1630604
2025-07-03 15:55:26,907 - INFO - [137/569] Retrieved info for Player ID 1630611
2025-07-03 15:55:27,779 - INFO - [138/569] Retrieved info for Player ID 1630618
2025-07-03 15:55:28,620 - INFO - [139/569] Retrieved info for Player ID 1630623
2025-07-03 15:55:29,472 - INFO - [140/569] Retrieved info for Player ID 1630625
2025-07-03 15:55:30,379 - INFO - [141/569] Retrieved info for Player ID 1630631
2025-07-03 15:55:31,221 - INFO - [142/569] Retrieved info for Player ID 1630639
2025-07-03 15:55:32,120 - INFO - [143/569] Retrieved info for Player ID 1630643
2025-07-03 15:55:32,985 - INFO - [144/569] Retrieved info for Player ID 1630644
2025-07-03 15:55:33,866 - INFO - [145/569] Retrieved info for Player ID 201142
2025-07-03 15:55:34,782 - INFO - [146/569] Retrieved info for Player ID 201143
2025-07-03 15:55:35,616 - INFO - [147/569] Retrieved info for Player ID 201144
2025-07-03 15:55:36,451 - INFO - [148/569] Retrieved info for Player ID 1630649
2025-07-03 15:55:37,300 - INFO - [149/569] Retrieved info for Player ID 201145
2025-07-03 15:55:38,138 - INFO - [150/569] Retrieved info for Player ID 1630658
2025-07-03 15:55:39,085 - INFO - [151/569] Retrieved info for Player ID 1630678
2025-07-03 15:55:40,004 - INFO - [152/569] Retrieved info for Player ID 1630692
2025-07-03 15:55:40,849 - INFO - [153/569] Retrieved info for Player ID 1630695
2025-07-03 15:55:41,686 - INFO - [154/569] Retrieved info for Player ID 1630696
2025-07-03 15:55:42,566 - INFO - [155/569] Retrieved info for Player ID 1630699
2025-07-03 15:55:43,487 - INFO - [156/569] Retrieved info for Player ID 1630700
2025-07-03 15:55:44,333 - INFO - [157/569] Retrieved info for Player ID 1630702
2025-07-03 15:55:45,187 - INFO - [158/569] Retrieved info for Player ID 1630703
2025-07-03 15:55:46,043 - INFO - [159/569] Retrieved info for Player ID 2544
2025-07-03 15:55:46,894 - INFO - [160/569] Retrieved info for Player ID 1630762
2025-07-03 15:55:47,737 - INFO - [161/569] Retrieved info for Player ID 1630811
2025-07-03 15:55:48,710 - INFO - [162/569] Retrieved info for Player ID 203458
2025-07-03 15:55:49,632 - INFO - [163/569] Retrieved info for Player ID 203468
2025-07-03 15:55:50,519 - INFO - [164/569] Retrieved info for Player ID 203471
2025-07-03 15:55:51,370 - INFO - [165/569] Retrieved info for Player ID 203482
2025-07-03 15:55:52,291 - INFO - [166/569] Retrieved info for Player ID 203484
2025-07-03 15:55:53,279 - INFO - [167/569] Retrieved info for Player ID 203486
2025-07-03 15:55:54,127 - INFO - [168/569] Retrieved info for Player ID 203497
2025-07-03 15:55:55,055 - INFO - [169/569] Retrieved info for Player ID 203500
2025-07-03 15:55:55,909 - INFO - [170/569] Retrieved info for Player ID 203501
2025-07-03 15:55:56,771 - INFO - [171/569] Retrieved info for Player ID 203507
2025-07-03 15:55:57,617 - INFO - [172/569] Retrieved info for Player ID 101108
2025-07-03 15:55:58,455 - INFO - [173/569] Retrieved info for Player ID 1628960
2025-07-03 15:55:59,311 - INFO - [174/569] Retrieved info for Player ID 203552
2025-07-03 15:56:00,149 - INFO - [175/569] Retrieved info for Player ID 1628963
2025-07-03 15:56:00,988 - INFO - [176/569] Retrieved info for Player ID 1628964
2025-07-03 15:56:01,829 - INFO - [177/569] Retrieved info for Player ID 1628969
2025-07-03 15:56:02,738 - INFO - [178/569] Retrieved info for Player ID 1628970
2025-07-03 15:56:03,575 - INFO - [179/569] Retrieved info for Player ID 1628971
2025-07-03 15:56:04,412 - INFO - [180/569] Retrieved info for Player ID 1628973
2025-07-03 15:56:05,267 - INFO - [181/569] Retrieved info for Player ID 1628975
2025-07-03 15:56:06,106 - INFO - [182/569] Retrieved info for Player ID 1628976
2025-07-03 15:56:07,038 - INFO - [183/569] Retrieved info for Player ID 1628978
2025-07-03 15:56:07,960 - INFO - [184/569] Retrieved info for Player ID 1628981
2025-07-03 15:56:08,808 - INFO - [185/569] Retrieved info for Player ID 1628983
2025-07-03 15:56:09,649 - INFO - [186/569] Retrieved info for Player ID 1628988
2025-07-03 15:56:10,518 - INFO - [187/569] Retrieved info for Player ID 1628989
2025-07-03 15:56:11,353 - INFO - [188/569] Retrieved info for Player ID 1628991
2025-07-03 15:56:12,260 - INFO - [189/569] Retrieved info for Player ID 1628995
2025-07-03 15:56:13,187 - INFO - [190/569] Retrieved info for Player ID 1628997
2025-07-03 15:56:14,105 - INFO - [191/569] Retrieved info for Player ID 1628998
2025-07-03 15:56:15,031 - INFO - [192/569] Retrieved info for Player ID 1629001
2025-07-03 15:56:15,881 - INFO - [193/569] Retrieved info for Player ID 1629003
2025-07-03 15:56:16,770 - INFO - [194/569] Retrieved info for Player ID 1629004
2025-07-03 15:56:17,619 - INFO - [195/569] Retrieved info for Player ID 1629006
2025-07-03 15:56:18,508 - INFO - [196/569] Retrieved info for Player ID 1629008
2025-07-03 15:56:19,346 - INFO - [197/569] Retrieved info for Player ID 1629011
2025-07-03 15:56:20,248 - INFO - [198/569] Retrieved info for Player ID 1629012
2025-07-03 15:56:21,172 - INFO - [199/569] Retrieved info for Player ID 1629013
2025-07-03 15:56:22,033 - INFO - [200/569] Retrieved info for Player ID 1629014
2025-07-03 15:56:22,880 - INFO - [201/569] Retrieved info for Player ID 1629018
2025-07-03 15:56:23,733 - INFO - [202/569] Retrieved info for Player ID 1629020
2025-07-03 15:56:24,566 - INFO - [203/569] Retrieved info for Player ID 1629021
2025-07-03 15:56:25,470 - INFO - [204/569] Retrieved info for Player ID 201566
2025-07-03 15:56:26,342 - INFO - [205/569] Retrieved info for Player ID 1629022
2025-07-03 15:56:27,211 - INFO - [206/569] Retrieved info for Player ID 1629023
2025-07-03 15:56:28,135 - INFO - [207/569] Retrieved info for Player ID 201567
2025-07-03 15:56:28,979 - INFO - [208/569] Retrieved info for Player ID 1629026
2025-07-03 15:56:29,874 - INFO - [209/569] Retrieved info for Player ID 1629027
2025-07-03 15:56:30,795 - INFO - [210/569] Retrieved info for Player ID 201572
2025-07-03 15:56:31,646 - INFO - [211/569] Retrieved info for Player ID 1629029
2025-07-03 15:56:32,491 - INFO - [212/569] Retrieved info for Player ID 1629028
2025-07-03 15:56:33,379 - INFO - [213/569] Retrieved info for Player ID 201569
2025-07-03 15:56:34,217 - INFO - [214/569] Retrieved info for Player ID 201587
2025-07-03 15:56:35,064 - INFO - [215/569] Retrieved info for Player ID 1631093
2025-07-03 15:56:35,919 - INFO - [216/569] Retrieved info for Player ID 1631094
2025-07-03 15:56:36,760 - INFO - [217/569] Retrieved info for Player ID 1631095
2025-07-03 15:56:37,756 - INFO - [218/569] Retrieved info for Player ID 1629048
2025-07-03 15:56:38,616 - INFO - [219/569] Retrieved info for Player ID 1631097
2025-07-03 15:56:39,457 - INFO - [220/569] Retrieved info for Player ID 1631096
2025-07-03 15:56:40,317 - INFO - [221/569] Retrieved info for Player ID 1631099
2025-07-03 15:56:41,242 - INFO - [222/569] Retrieved info for Player ID 1629052
2025-07-03 15:56:42,164 - INFO - [223/569] Retrieved info for Player ID 1631101
2025-07-03 15:56:43,000 - INFO - [224/569] Retrieved info for Player ID 1631102
2025-07-03 15:56:43,859 - INFO - [225/569] Retrieved info for Player ID 201599
2025-07-03 15:56:44,702 - INFO - [226/569] Retrieved info for Player ID 1629056
2025-07-03 15:56:45,548 - INFO - [227/569] Retrieved info for Player ID 1631105
2025-07-03 15:56:46,463 - INFO - [228/569] Retrieved info for Player ID 1631106
2025-07-03 15:56:47,386 - INFO - [229/569] Retrieved info for Player ID 1631103
2025-07-03 15:56:48,304 - INFO - [230/569] Retrieved info for Player ID 1631108
2025-07-03 15:56:49,231 - INFO - [231/569] Retrieved info for Player ID 1631104
2025-07-03 15:56:50,077 - INFO - [232/569] Retrieved info for Player ID 1629060
2025-07-03 15:56:50,966 - INFO - [233/569] Retrieved info for Player ID 1631111
2025-07-03 15:56:51,887 - INFO - [234/569] Retrieved info for Player ID 1631109
2025-07-03 15:56:52,734 - INFO - [235/569] Retrieved info for Player ID 1631110
2025-07-03 15:56:53,619 - INFO - [236/569] Retrieved info for Player ID 1631114
2025-07-03 15:56:54,551 - INFO - [237/569] Retrieved info for Player ID 1631115
2025-07-03 15:56:55,392 - INFO - [238/569] Retrieved info for Player ID 1631116
2025-07-03 15:56:56,294 - INFO - [239/569] Retrieved info for Player ID 1631117
2025-07-03 15:56:57,156 - INFO - [240/569] Retrieved info for Player ID 1631119
2025-07-03 15:56:57,993 - INFO - [241/569] Retrieved info for Player ID 1631120
2025-07-03 15:56:58,834 - INFO - [242/569] Retrieved info for Player ID 1631121
2025-07-03 15:56:59,677 - INFO - [243/569] Retrieved info for Player ID 1631123
2025-07-03 15:57:00,595 - INFO - [244/569] Retrieved info for Player ID 1631124
2025-07-03 15:57:01,451 - INFO - [245/569] Retrieved info for Player ID 1631127
2025-07-03 15:57:02,305 - INFO - [246/569] Retrieved info for Player ID 1631128
2025-07-03 15:57:03,261 - INFO - [247/569] Retrieved info for Player ID 1631131
2025-07-03 15:57:04,183 - INFO - [248/569] Retrieved info for Player ID 1631132
2025-07-03 15:57:05,101 - INFO - [249/569] Retrieved info for Player ID 1631133
2025-07-03 15:57:05,945 - INFO - [250/569] Retrieved info for Player ID 1629098
2025-07-03 15:57:06,796 - INFO - [251/569] Retrieved info for Player ID 1631157
2025-07-03 15:57:07,763 - INFO - [252/569] Retrieved info for Player ID 1629111
2025-07-03 15:57:08,639 - INFO - [253/569] Retrieved info for Player ID 1631159
2025-07-03 15:57:09,502 - INFO - [254/569] Retrieved info for Player ID 1631165
2025-07-03 15:57:10,433 - INFO - [255/569] Retrieved info for Player ID 1631166
2025-07-03 15:57:11,272 - INFO - [256/569] Retrieved info for Player ID 1631169
2025-07-03 15:57:12,163 - INFO - [257/569] Retrieved info for Player ID 1631170
2025-07-03 15:57:13,007 - INFO - [258/569] Retrieved info for Player ID 1631172
2025-07-03 15:57:13,908 - INFO - [259/569] Retrieved info for Player ID 1629130
2025-07-03 15:57:14,748 - INFO - [260/569] Retrieved info for Player ID 1631197
2025-07-03 15:57:15,648 - INFO - [261/569] Retrieved info for Player ID 1631199
2025-07-03 15:57:16,499 - INFO - [262/569] Retrieved info for Player ID 1631200
2025-07-03 15:57:17,346 - INFO - [263/569] Retrieved info for Player ID 1631204
2025-07-03 15:57:18,206 - INFO - [264/569] Retrieved info for Player ID 1631207
2025-07-03 15:57:19,136 - INFO - [265/569] Retrieved info for Player ID 1631209
2025-07-03 15:57:19,984 - INFO - [266/569] Retrieved info for Player ID 1631210
2025-07-03 15:57:20,868 - INFO - [267/569] Retrieved info for Player ID 1629162
2025-07-03 15:57:21,793 - INFO - [268/569] Retrieved info for Player ID 1631212
2025-07-03 15:57:22,710 - INFO - [269/569] Retrieved info for Player ID 1631213
2025-07-03 15:57:23,583 - INFO - [270/569] Retrieved info for Player ID 1631214
2025-07-03 15:57:24,419 - INFO - [271/569] Retrieved info for Player ID 1631216
2025-07-03 15:57:25,274 - INFO - [272/569] Retrieved info for Player ID 1631217
2025-07-03 15:57:26,108 - INFO - [273/569] Retrieved info for Player ID 1631218
2025-07-03 15:57:27,012 - INFO - [274/569] Retrieved info for Player ID 1631221
2025-07-03 15:57:27,932 - INFO - [275/569] Retrieved info for Player ID 1631222
2025-07-03 15:57:28,937 - INFO - [276/569] Retrieved info for Player ID 1631223
2025-07-03 15:57:29,773 - INFO - [277/569] Retrieved info for Player ID 1631230
2025-07-03 15:57:30,609 - INFO - [278/569] Retrieved info for Player ID 1631232
2025-07-03 15:57:31,517 - INFO - [279/569] Retrieved info for Player ID 1631243
2025-07-03 15:57:32,445 - INFO - [280/569] Retrieved info for Player ID 1631245
2025-07-03 15:57:33,283 - INFO - [281/569] Retrieved info for Player ID 1631246
2025-07-03 15:57:34,181 - INFO - [282/569] Retrieved info for Player ID 1631247
2025-07-03 15:57:35,023 - INFO - [283/569] Retrieved info for Player ID 1631248
2025-07-03 15:57:35,866 - INFO - [284/569] Retrieved info for Player ID 1631250
2025-07-03 15:57:36,746 - INFO - [285/569] Retrieved info for Player ID 1631255
2025-07-03 15:57:37,600 - INFO - [286/569] Retrieved info for Player ID 1642272
2025-07-03 15:57:38,441 - INFO - [287/569] Retrieved info for Player ID 1631260
2025-07-03 15:57:39,303 - INFO - [288/569] Retrieved info for Player ID 1629216
2025-07-03 15:57:40,224 - INFO - [289/569] Retrieved info for Player ID 1629234
2025-07-03 15:57:41,161 - INFO - [290/569] Retrieved info for Player ID 1631288
2025-07-03 15:57:42,022 - INFO - [291/569] Retrieved info for Player ID 1631301
2025-07-03 15:57:42,889 - INFO - [292/569] Retrieved info for Player ID 1631303
2025-07-03 15:57:43,730 - INFO - [293/569] Retrieved info for Player ID 1631306
2025-07-03 15:57:44,589 - INFO - [294/569] Retrieved info for Player ID 1631311
2025-07-03 15:57:45,450 - INFO - [295/569] Retrieved info for Player ID 1631321
2025-07-03 15:57:46,367 - INFO - [296/569] Retrieved info for Player ID 1631323
2025-07-03 15:57:47,291 - INFO - [297/569] Retrieved info for Player ID 1631342
2025-07-03 15:57:48,131 - INFO - [298/569] Retrieved info for Player ID 203897
2025-07-03 15:57:48,988 - INFO - [299/569] Retrieved info for Player ID 203901
2025-07-03 15:57:49,853 - INFO - [300/569] Retrieved info for Player ID 203903
2025-07-03 15:57:50,733 - INFO - [301/569] Retrieved info for Player ID 1629312
2025-07-03 15:57:51,567 - INFO - [302/569] Retrieved info for Player ID 203914
2025-07-03 15:57:52,511 - INFO - [303/569] Retrieved info for Player ID 203915
2025-07-03 15:57:53,356 - INFO - [304/569] Retrieved info for Player ID 203924
2025-07-03 15:57:54,254 - INFO - [305/569] Retrieved info for Player ID 203926
2025-07-03 15:57:55,175 - INFO - [306/569] Retrieved info for Player ID 1631386
2025-07-03 15:57:56,031 - INFO - [307/569] Retrieved info for Player ID 203932
2025-07-03 15:57:56,874 - INFO - [308/569] Retrieved info for Player ID 203935
2025-07-03 15:57:57,746 - INFO - [309/569] Retrieved info for Player ID 203937
2025-07-03 15:57:58,645 - INFO - [310/569] Retrieved info for Player ID 203939
2025-07-03 15:57:59,559 - INFO - [311/569] Retrieved info for Player ID 203944
2025-07-03 15:58:00,503 - INFO - [312/569] Retrieved info for Player ID 203952
2025-07-03 15:58:01,347 - INFO - [313/569] Retrieved info for Player ID 203954
2025-07-03 15:58:02,241 - INFO - [314/569] Retrieved info for Player ID 203957
2025-07-03 15:58:03,159 - INFO - [315/569] Retrieved info for Player ID 203967
2025-07-03 15:58:04,056 - INFO - [316/569] Retrieved info for Player ID 201935
2025-07-03 15:58:04,897 - INFO - [317/569] Retrieved info for Player ID 201939
2025-07-03 15:58:05,797 - INFO - [318/569] Retrieved info for Player ID 201942
2025-07-03 15:58:06,700 - INFO - [319/569] Retrieved info for Player ID 203991
2025-07-03 15:58:07,566 - INFO - [320/569] Retrieved info for Player ID 203992
2025-07-03 15:58:08,457 - INFO - [321/569] Retrieved info for Player ID 203994
2025-07-03 15:58:09,361 - INFO - [322/569] Retrieved info for Player ID 203995
2025-07-03 15:58:10,206 - INFO - [323/569] Retrieved info for Player ID 201949
2025-07-03 15:58:11,055 - INFO - [324/569] Retrieved info for Player ID 201950
2025-07-03 15:58:11,907 - INFO - [325/569] Retrieved info for Player ID 203999
2025-07-03 15:58:12,749 - INFO - [326/569] Retrieved info for Player ID 204001
2025-07-03 15:58:13,608 - INFO - [327/569] Retrieved info for Player ID 201959
2025-07-03 15:58:14,456 - INFO - [328/569] Retrieved info for Player ID 1641705
2025-07-03 15:58:15,345 - INFO - [329/569] Retrieved info for Player ID 1631466
2025-07-03 15:58:16,269 - INFO - [330/569] Retrieved info for Player ID 1641706
2025-07-03 15:58:17,198 - INFO - [331/569] Retrieved info for Player ID 1641708
2025-07-03 15:58:18,040 - INFO - [332/569] Retrieved info for Player ID 1641709
2025-07-03 15:58:18,927 - INFO - [333/569] Retrieved info for Player ID 1641710
2025-07-03 15:58:19,769 - INFO - [334/569] Retrieved info for Player ID 1641711
2025-07-03 15:58:20,671 - INFO - [335/569] Retrieved info for Player ID 1641712
2025-07-03 15:58:21,515 - INFO - [336/569] Retrieved info for Player ID 1641713
2025-07-03 15:58:22,362 - INFO - [337/569] Retrieved info for Player ID 1641707
2025-07-03 15:58:23,236 - INFO - [338/569] Retrieved info for Player ID 1641715
2025-07-03 15:58:24,119 - INFO - [339/569] Retrieved info for Player ID 1641716
2025-07-03 15:58:24,974 - INFO - [340/569] Retrieved info for Player ID 1641717
2025-07-03 15:58:26,149 - INFO - [341/569] Retrieved info for Player ID 1641718
2025-07-03 15:58:27,131 - INFO - [342/569] Retrieved info for Player ID 1641720
2025-07-03 15:58:28,064 - INFO - [343/569] Retrieved info for Player ID 1641721
2025-07-03 15:58:28,954 - INFO - [344/569] Retrieved info for Player ID 1641722
2025-07-03 15:58:29,824 - INFO - [345/569] Retrieved info for Player ID 1641723
2025-07-03 15:58:30,810 - INFO - [346/569] Retrieved info for Player ID 1641724
2025-07-03 15:58:31,654 - INFO - [347/569] Retrieved info for Player ID 1641725
2025-07-03 15:58:32,547 - INFO - [348/569] Retrieved info for Player ID 1641726
2025-07-03 15:58:33,475 - INFO - [349/569] Retrieved info for Player ID 1641727
2025-07-03 15:58:34,393 - INFO - [350/569] Retrieved info for Player ID 1641729
2025-07-03 15:58:35,316 - INFO - [351/569] Retrieved info for Player ID 1641730
2025-07-03 15:58:36,340 - INFO - [352/569] Retrieved info for Player ID 1641731
2025-07-03 15:58:37,246 - INFO - [353/569] Retrieved info for Player ID 1641732
2025-07-03 15:58:38,112 - INFO - [354/569] Retrieved info for Player ID 1641733
2025-07-03 15:58:38,956 - INFO - [355/569] Retrieved info for Player ID 1641734
2025-07-03 15:58:39,804 - INFO - [356/569] Retrieved info for Player ID 201988
2025-07-03 15:58:40,741 - INFO - [357/569] Retrieved info for Player ID 1641736
2025-07-03 15:58:41,611 - INFO - [358/569] Retrieved info for Player ID 1641737
2025-07-03 15:58:42,471 - INFO - [359/569] Retrieved info for Player ID 1641738
2025-07-03 15:58:43,332 - INFO - [360/569] Retrieved info for Player ID 1641739
2025-07-03 15:58:44,199 - INFO - [361/569] Retrieved info for Player ID 1641740
2025-07-03 15:58:45,349 - INFO - [362/569] Retrieved info for Player ID 1641741
2025-07-03 15:58:46,194 - INFO - [363/569] Retrieved info for Player ID 1641744
2025-07-03 15:58:47,088 - INFO - [364/569] Retrieved info for Player ID 1641745
2025-07-03 15:58:48,012 - INFO - [365/569] Retrieved info for Player ID 1641748
2025-07-03 15:58:48,850 - INFO - [366/569] Retrieved info for Player ID 1641752
2025-07-03 15:58:49,689 - INFO - [367/569] Retrieved info for Player ID 1641753
2025-07-03 15:58:50,581 - INFO - [368/569] Retrieved info for Player ID 1641755
2025-07-03 15:58:51,429 - INFO - [369/569] Retrieved info for Player ID 204060
2025-07-03 15:58:52,312 - INFO - [370/569] Retrieved info for Player ID 1641757
2025-07-03 15:58:53,179 - INFO - [371/569] Retrieved info for Player ID 1641763
2025-07-03 15:58:54,019 - INFO - [372/569] Retrieved info for Player ID 1641764
2025-07-03 15:58:54,978 - INFO - [373/569] Retrieved info for Player ID 1641765
2025-07-03 15:58:55,894 - INFO - [374/569] Retrieved info for Player ID 1641766
2025-07-03 15:58:56,819 - INFO - [375/569] Retrieved info for Player ID 1641767
2025-07-03 15:58:57,685 - INFO - [376/569] Retrieved info for Player ID 1641772
2025-07-03 15:58:58,873 - INFO - [377/569] Retrieved info for Player ID 1641774
2025-07-03 15:58:59,719 - INFO - [378/569] Retrieved info for Player ID 1641775
2025-07-03 15:59:00,563 - INFO - [379/569] Retrieved info for Player ID 1641779
2025-07-03 15:59:01,405 - INFO - [380/569] Retrieved info for Player ID 1641783
2025-07-03 15:59:02,357 - INFO - [381/569] Retrieved info for Player ID 1641787
2025-07-03 15:59:03,270 - INFO - [382/569] Retrieved info for Player ID 1641789
2025-07-03 15:59:04,190 - INFO - [383/569] Retrieved info for Player ID 1641790
2025-07-03 15:59:05,032 - INFO - [384/569] Retrieved info for Player ID 1641794
2025-07-03 15:59:05,897 - INFO - [385/569] Retrieved info for Player ID 1641796
2025-07-03 15:59:06,777 - INFO - [386/569] Retrieved info for Player ID 1641798
2025-07-03 15:59:07,674 - INFO - [387/569] Retrieved info for Player ID 1641801
2025-07-03 15:59:08,595 - INFO - [388/569] Retrieved info for Player ID 1641803
2025-07-03 15:59:09,454 - INFO - [389/569] Retrieved info for Player ID 1641809
2025-07-03 15:59:10,337 - INFO - [390/569] Retrieved info for Player ID 1641810
2025-07-03 15:59:11,260 - INFO - [391/569] Retrieved info for Player ID 202066
2025-07-03 15:59:12,104 - INFO - [392/569] Retrieved info for Player ID 1641815
2025-07-03 15:59:13,004 - INFO - [393/569] Retrieved info for Player ID 1641816
2025-07-03 15:59:13,903 - INFO - [394/569] Retrieved info for Player ID 1641817
2025-07-03 15:59:14,744 - INFO - [395/569] Retrieved info for Player ID 1641824
2025-07-03 15:59:15,662 - INFO - [396/569] Retrieved info for Player ID 1641842
2025-07-03 15:59:16,580 - INFO - [397/569] Retrieved info for Player ID 1641854
2025-07-03 15:59:17,507 - INFO - [398/569] Retrieved info for Player ID 1641857
2025-07-03 15:59:18,355 - INFO - [399/569] Retrieved info for Player ID 1641871
2025-07-03 15:59:19,194 - INFO - [400/569] Retrieved info for Player ID 1641878
2025-07-03 15:59:20,063 - INFO - [401/569] Retrieved info for Player ID 1641879
2025-07-03 15:59:20,916 - INFO - [402/569] Retrieved info for Player ID 1630543
2025-07-03 15:59:21,861 - INFO - [403/569] Retrieved info for Player ID 1629599
2025-07-03 15:59:22,705 - INFO - [404/569] Retrieved info for Player ID 1641890
2025-07-03 15:59:23,650 - INFO - [405/569] Retrieved info for Player ID 1629610
2025-07-03 15:59:24,496 - INFO - [406/569] Retrieved info for Player ID 1629611
2025-07-03 15:59:25,695 - INFO - [407/569] Retrieved info for Player ID 1629614
2025-07-03 15:59:26,619 - INFO - [408/569] Retrieved info for Player ID 1629618
2025-07-03 15:59:27,470 - INFO - [409/569] Retrieved info for Player ID 1629622
2025-07-03 15:59:28,554 - INFO - [410/569] Retrieved info for Player ID 1629626
2025-07-03 15:59:29,485 - INFO - [411/569] Retrieved info for Player ID 1629627
2025-07-03 15:59:30,356 - INFO - [412/569] Retrieved info for Player ID 1629628
2025-07-03 15:59:31,207 - INFO - [413/569] Retrieved info for Player ID 1629629
2025-07-03 15:59:32,148 - INFO - [414/569] Retrieved info for Player ID 1629630
2025-07-03 15:59:33,069 - INFO - [415/569] Retrieved info for Player ID 1629631
2025-07-03 15:59:33,917 - INFO - [416/569] Retrieved info for Player ID 1629632
2025-07-03 15:59:34,773 - INFO - [417/569] Retrieved info for Player ID 1629634
2025-07-03 15:59:35,634 - INFO - [418/569] Retrieved info for Player ID 1629636
2025-07-03 15:59:36,483 - INFO - [419/569] Retrieved info for Player ID 1629637
2025-07-03 15:59:37,372 - INFO - [420/569] Retrieved info for Player ID 1629638
2025-07-03 15:59:38,291 - INFO - [421/569] Retrieved info for Player ID 1629639
2025-07-03 15:59:39,162 - INFO - [422/569] Retrieved info for Player ID 1629640
2025-07-03 15:59:40,016 - INFO - [423/569] Retrieved info for Player ID 1629643
2025-07-03 15:59:40,868 - INFO - [424/569] Retrieved info for Player ID 1629645
2025-07-03 15:59:41,707 - INFO - [425/569] Retrieved info for Player ID 1629646
2025-07-03 15:59:42,543 - INFO - [426/569] Retrieved info for Player ID 1641936
2025-07-03 15:59:43,393 - INFO - [427/569] Retrieved info for Player ID 1629650
2025-07-03 15:59:44,238 - INFO - [428/569] Retrieved info for Player ID 1629651
2025-07-03 15:59:45,198 - INFO - [429/569] Retrieved info for Player ID 1629652
2025-07-03 15:59:46,042 - INFO - [430/569] Retrieved info for Player ID 1629655
2025-07-03 15:59:46,994 - INFO - [431/569] Retrieved info for Player ID 1629656
2025-07-03 15:59:47,837 - INFO - [432/569] Retrieved info for Player ID 1629659
2025-07-03 15:59:48,737 - INFO - [433/569] Retrieved info for Player ID 1629660
2025-07-03 15:59:49,762 - INFO - [434/569] Retrieved info for Player ID 1629661
2025-07-03 15:59:50,786 - INFO - [435/569] Retrieved info for Player ID 1629667
2025-07-03 15:59:51,706 - INFO - [436/569] Retrieved info for Player ID 1629669
2025-07-03 15:59:52,546 - INFO - [437/569] Retrieved info for Player ID 1629673
2025-07-03 15:59:53,511 - INFO - [438/569] Retrieved info for Player ID 1629674
2025-07-03 15:59:54,367 - INFO - [439/569] Retrieved info for Player ID 1629675
2025-07-03 15:59:55,328 - INFO - [440/569] Retrieved info for Player ID 1629680
2025-07-03 15:59:56,216 - INFO - [441/569] Retrieved info for Player ID 1629684
2025-07-03 15:59:57,068 - INFO - [442/569] Retrieved info for Player ID 1641989
2025-07-03 15:59:57,916 - INFO - [443/569] Retrieved info for Player ID 1641998
2025-07-03 15:59:58,776 - INFO - [444/569] Retrieved info for Player ID 1629723
2025-07-03 15:59:59,710 - INFO - [445/569] Retrieved info for Player ID 1629726
2025-07-03 16:00:00,617 - INFO - [446/569] Retrieved info for Player ID 1629731
2025-07-03 16:00:01,534 - INFO - [447/569] Retrieved info for Player ID 1630164
2025-07-03 16:00:02,557 - INFO - [448/569] Retrieved info for Player ID 1642024
2025-07-03 16:00:03,402 - INFO - [449/569] Retrieved info for Player ID 1630165
2025-07-03 16:00:04,300 - INFO - [450/569] Retrieved info for Player ID 1630166
2025-07-03 16:00:05,226 - INFO - [451/569] Retrieved info for Player ID 1629750
2025-07-03 16:00:06,144 - INFO - [452/569] Retrieved info for Player ID 1642050
2025-07-03 16:00:07,018 - INFO - [453/569] Retrieved info for Player ID 1627732
2025-07-03 16:00:07,868 - INFO - [454/569] Retrieved info for Player ID 1627734
2025-07-03 16:00:08,770 - INFO - [455/569] Retrieved info for Player ID 1627736
2025-07-03 16:00:09,655 - INFO - [456/569] Retrieved info for Player ID 1627739
2025-07-03 16:00:10,545 - INFO - [457/569] Retrieved info for Player ID 202331
2025-07-03 16:00:11,468 - INFO - [458/569] Retrieved info for Player ID 1627741
2025-07-03 16:00:12,388 - INFO - [459/569] Retrieved info for Player ID 1627742
2025-07-03 16:00:13,578 - INFO - [460/569] Retrieved info for Player ID 1627746
2025-07-03 16:00:14,539 - INFO - [461/569] Retrieved info for Player ID 1627747
2025-07-03 16:00:15,457 - INFO - [462/569] Retrieved info for Player ID 1627749
2025-07-03 16:00:16,309 - INFO - [463/569] Retrieved info for Player ID 1627750
2025-07-03 16:00:17,201 - INFO - [464/569] Retrieved info for Player ID 1627751
2025-07-03 16:00:18,119 - INFO - [465/569] Retrieved info for Player ID 1627752
2025-07-03 16:00:19,041 - INFO - [466/569] Retrieved info for Player ID 1627759
2025-07-03 16:00:19,880 - INFO - [467/569] Retrieved info for Player ID 1627763
2025-07-03 16:00:20,887 - INFO - [468/569] Retrieved info for Player ID 1627777
2025-07-03 16:00:21,807 - INFO - [469/569] Retrieved info for Player ID 1627780
2025-07-03 16:00:22,731 - INFO - [470/569] Retrieved info for Player ID 1627783
2025-07-03 16:00:23,845 - INFO - [471/569] Retrieved info for Player ID 1627814
2025-07-03 16:00:24,775 - INFO - [472/569] Retrieved info for Player ID 204456
2025-07-03 16:00:25,698 - INFO - [473/569] Retrieved info for Player ID 1627824
2025-07-03 16:00:26,601 - INFO - [474/569] Retrieved info for Player ID 1627826
2025-07-03 16:00:27,446 - INFO - [475/569] Retrieved info for Player ID 1627827
2025-07-03 16:00:28,280 - INFO - [476/569] Retrieved info for Player ID 1627832
2025-07-03 16:00:29,182 - INFO - [477/569] Retrieved info for Player ID 1627884
2025-07-03 16:00:30,024 - INFO - [478/569] Retrieved info for Player ID 1642258
2025-07-03 16:00:30,867 - INFO - [479/569] Retrieved info for Player ID 1642259
2025-07-03 16:00:31,724 - INFO - [480/569] Retrieved info for Player ID 1642261
2025-07-03 16:00:32,689 - INFO - [481/569] Retrieved info for Player ID 1642262
2025-07-03 16:00:33,585 - INFO - [482/569] Retrieved info for Player ID 1642263
2025-07-03 16:00:34,440 - INFO - [483/569] Retrieved info for Player ID 1642264
2025-07-03 16:00:35,287 - INFO - [484/569] Retrieved info for Player ID 1642265
2025-07-03 16:00:36,149 - INFO - [485/569] Retrieved info for Player ID 1642266
2025-07-03 16:00:37,070 - INFO - [486/569] Retrieved info for Player ID 1642267
2025-07-03 16:00:37,989 - INFO - [487/569] Retrieved info for Player ID 1642268
2025-07-03 16:00:38,912 - INFO - [488/569] Retrieved info for Player ID 1642269
2025-07-03 16:00:39,979 - INFO - [489/569] Retrieved info for Player ID 1642270
2025-07-03 16:00:41,215 - INFO - [490/569] Retrieved info for Player ID 1642271
2025-07-03 16:00:42,217 - INFO - [491/569] Retrieved info for Player ID 1627936
2025-07-03 16:00:43,076 - INFO - [492/569] Retrieved info for Player ID 1642273
2025-07-03 16:00:44,153 - INFO - [493/569] Retrieved info for Player ID 1642274
2025-07-03 16:00:45,054 - INFO - [494/569] Retrieved info for Player ID 1642275
2025-07-03 16:00:45,895 - INFO - [495/569] Retrieved info for Player ID 1642276
2025-07-03 16:00:46,798 - INFO - [496/569] Retrieved info for Player ID 1642277
2025-07-03 16:00:47,651 - INFO - [497/569] Retrieved info for Player ID 1642278
2025-07-03 16:00:48,490 - INFO - [498/569] Retrieved info for Player ID 1642279
2025-07-03 16:00:49,356 - INFO - [499/569] Retrieved info for Player ID 1642280
2025-07-03 16:00:50,207 - INFO - [500/569] Retrieved info for Player ID 1642281
2025-07-03 16:00:51,105 - INFO - [501/569] Retrieved info for Player ID 1642285
2025-07-03 16:00:52,018 - INFO - [502/569] Retrieved info for Player ID 1642345
2025-07-03 16:00:53,022 - INFO - [503/569] Retrieved info for Player ID 1642346
2025-07-03 16:00:53,960 - INFO - [504/569] Retrieved info for Player ID 1642347
2025-07-03 16:00:54,883 - INFO - [505/569] Retrieved info for Player ID 1642348
2025-07-03 16:00:55,805 - INFO - [506/569] Retrieved info for Player ID 1642349
2025-07-03 16:00:56,664 - INFO - [507/569] Retrieved info for Player ID 1642352
2025-07-03 16:00:57,501 - INFO - [508/569] Retrieved info for Player ID 1642353
2025-07-03 16:00:58,344 - INFO - [509/569] Retrieved info for Player ID 1642354
2025-07-03 16:00:59,192 - INFO - [510/569] Retrieved info for Player ID 1642355
2025-07-03 16:01:00,107 - INFO - [511/569] Retrieved info for Player ID 1642358
2025-07-03 16:01:01,028 - INFO - [512/569] Retrieved info for Player ID 1642359
2025-07-03 16:01:01,951 - INFO - [513/569] Retrieved info for Player ID 1642366
2025-07-03 16:01:02,873 - INFO - [514/569] Retrieved info for Player ID 1642367
2025-07-03 16:01:03,790 - INFO - [515/569] Retrieved info for Player ID 1642368
2025-07-03 16:01:04,630 - INFO - [516/569] Retrieved info for Player ID 1642377
2025-07-03 16:01:05,532 - INFO - [517/569] Retrieved info for Player ID 1642382
2025-07-03 16:01:06,395 - INFO - [518/569] Retrieved info for Player ID 1642384
2025-07-03 16:01:07,276 - INFO - [519/569] Retrieved info for Player ID 1642385
2025-07-03 16:01:08,194 - INFO - [520/569] Retrieved info for Player ID 1642389
2025-07-03 16:01:09,045 - INFO - [521/569] Retrieved info for Player ID 1642399
2025-07-03 16:01:09,936 - INFO - [522/569] Retrieved info for Player ID 1642402
2025-07-03 16:01:10,860 - INFO - [523/569] Retrieved info for Player ID 1642403
2025-07-03 16:01:11,714 - INFO - [524/569] Retrieved info for Player ID 1642419
2025-07-03 16:01:12,598 - INFO - [525/569] Retrieved info for Player ID 1642422
2025-07-03 16:01:13,459 - INFO - [526/569] Retrieved info for Player ID 202681
2025-07-03 16:01:14,341 - INFO - [527/569] Retrieved info for Player ID 202684
2025-07-03 16:01:15,186 - INFO - [528/569] Retrieved info for Player ID 202685
2025-07-03 16:01:16,081 - INFO - [529/569] Retrieved info for Player ID 202687
2025-07-03 16:01:17,004 - INFO - [530/569] Retrieved info for Player ID 1642434
2025-07-03 16:01:17,927 - INFO - [531/569] Retrieved info for Player ID 202691
2025-07-03 16:01:19,066 - INFO - [532/569] Retrieved info for Player ID 202692
2025-07-03 16:01:19,965 - INFO - [533/569] Retrieved info for Player ID 202693
2025-07-03 16:01:20,897 - INFO - [534/569] Retrieved info for Player ID 202695
2025-07-03 16:01:21,816 - INFO - [535/569] Retrieved info for Player ID 202696
2025-07-03 16:01:22,841 - INFO - [536/569] Retrieved info for Player ID 1642439
2025-07-03 16:01:23,760 - INFO - [537/569] Retrieved info for Player ID 1642443
2025-07-03 16:01:24,606 - INFO - [538/569] Retrieved info for Player ID 202699
2025-07-03 16:01:25,500 - INFO - [539/569] Retrieved info for Player ID 202704
2025-07-03 16:01:26,392 - INFO - [540/569] Retrieved info for Player ID 1642449
2025-07-03 16:01:27,272 - INFO - [541/569] Retrieved info for Player ID 1642450
2025-07-03 16:01:28,165 - INFO - [542/569] Retrieved info for Player ID 1630162
2025-07-03 16:01:29,016 - INFO - [543/569] Retrieved info for Player ID 1630163
2025-07-03 16:01:29,864 - INFO - [544/569] Retrieved info for Player ID 202709
2025-07-03 16:01:30,710 - INFO - [545/569] Retrieved info for Player ID 202710
2025-07-03 16:01:31,647 - INFO - [546/569] Retrieved info for Player ID 1630167
2025-07-03 16:01:33,030 - INFO - [547/569] Retrieved info for Player ID 1630168
2025-07-03 16:01:33,903 - INFO - [548/569] Retrieved info for Player ID 1630169
2025-07-03 16:01:34,819 - INFO - [549/569] Retrieved info for Player ID 1630170
2025-07-03 16:01:35,663 - INFO - [550/569] Retrieved info for Player ID 1630171
2025-07-03 16:01:36,504 - INFO - [551/569] Retrieved info for Player ID 1630172
2025-07-03 16:01:37,484 - INFO - [552/569] Retrieved info for Player ID 1630173
2025-07-03 16:01:38,325 - INFO - [553/569] Retrieved info for Player ID 1630174
2025-07-03 16:01:39,222 - INFO - [554/569] Retrieved info for Player ID 1630175
2025-07-03 16:01:40,148 - INFO - [555/569] Retrieved info for Player ID 1642461
2025-07-03 16:01:41,003 - INFO - [556/569] Retrieved info for Player ID 1630178
2025-07-03 16:01:41,855 - INFO - [557/569] Retrieved info for Player ID 1630182
2025-07-03 16:01:42,705 - INFO - [558/569] Retrieved info for Player ID 1630183
2025-07-03 16:01:43,628 - INFO - [559/569] Retrieved info for Player ID 1630188
2025-07-03 16:01:44,552 - INFO - [560/569] Retrieved info for Player ID 1630191
2025-07-03 16:01:45,475 - INFO - [561/569] Retrieved info for Player ID 1630192
2025-07-03 16:01:46,330 - INFO - [562/569] Retrieved info for Player ID 1630193
2025-07-03 16:01:47,211 - INFO - [563/569] Retrieved info for Player ID 1630194
2025-07-03 16:01:48,137 - INFO - [564/569] Retrieved info for Player ID 1642484
2025-07-03 16:01:49,055 - INFO - [565/569] Retrieved info for Player ID 1630198
2025-07-03 16:01:49,978 - INFO - [566/569] Retrieved info for Player ID 1630200
2025-07-03 16:01:50,882 - INFO - [567/569] Retrieved info for Player ID 1630201
2025-07-03 16:01:51,819 - INFO - [568/569] Retrieved info for Player ID 1630202
2025-07-03 16:01:52,674 - INFO - [569/569] Retrieved info for Player ID 1630205
2025-07-03 16:01:53,476 - INFO - Gathering team information for the NBA season...
2025-07-03 16:01:53,477 - INFO - Gathering team IDs for the NBA season...
2025-07-03 16:01:53,478 - INFO - Fetching team logs for Regular Season...
2025-07-03 16:01:56,469 - INFO - Fetching team logs for Playoffs...
2025-07-03 16:01:58,298 - INFO - Found 30 unique teams across all season types.
2025-07-03 16:01:58,576 - INFO - [1/30] Retrieved info for Team ID 1610612737
2025-07-03 16:01:59,430 - INFO - [2/30] Retrieved info for Team ID 1610612738
2025-07-03 16:02:00,322 - INFO - [3/30] Retrieved info for Team ID 1610612739
2025-07-03 16:02:01,238 - INFO - [4/30] Retrieved info for Team ID 1610612740
2025-07-03 16:02:02,160 - INFO - [5/30] Retrieved info for Team ID 1610612741
2025-07-03 16:02:03,084 - INFO - [6/30] Retrieved info for Team ID 1610612742
2025-07-03 16:02:04,003 - INFO - [7/30] Retrieved info for Team ID 1610612743
2025-07-03 16:02:04,925 - INFO - [8/30] Retrieved info for Team ID 1610612744
2025-07-03 16:02:05,846 - INFO - [9/30] Retrieved info for Team ID 1610612745
2025-07-03 16:02:06,767 - INFO - [10/30] Retrieved info for Team ID 1610612746
2025-07-03 16:02:07,690 - INFO - [11/30] Retrieved info for Team ID 1610612747
2025-07-03 16:02:08,530 - INFO - [12/30] Retrieved info for Team ID 1610612748
2025-07-03 16:02:09,441 - INFO - [13/30] Retrieved info for Team ID 1610612749
2025-07-03 16:02:10,355 - INFO - [14/30] Retrieved info for Team ID 1610612750
2025-07-03 16:02:11,272 - INFO - [15/30] Retrieved info for Team ID 1610612751
2025-07-03 16:02:12,135 - INFO - [16/30] Retrieved info for Team ID 1610612752
2025-07-03 16:02:13,017 - INFO - [17/30] Retrieved info for Team ID 1610612753
2025-07-03 16:02:13,937 - INFO - [18/30] Retrieved info for Team ID 1610612754
2025-07-03 16:02:14,852 - INFO - [19/30] Retrieved info for Team ID 1610612755
2025-07-03 16:02:15,730 - INFO - [20/30] Retrieved info for Team ID 1610612756
2025-07-03 16:02:16,567 - INFO - [21/30] Retrieved info for Team ID 1610612757
2025-07-03 16:02:17,469 - INFO - [22/30] Retrieved info for Team ID 1610612758
2025-07-03 16:02:18,309 - INFO - [23/30] Retrieved info for Team ID 1610612759
2025-07-03 16:02:19,260 - INFO - [24/30] Retrieved info for Team ID 1610612760
2025-07-03 16:02:20,103 - INFO - [25/30] Retrieved info for Team ID 1610612761
2025-07-03 16:02:21,004 - INFO - [26/30] Retrieved info for Team ID 1610612762
2025-07-03 16:02:21,850 - INFO - [27/30] Retrieved info for Team ID 1610612763
2025-07-03 16:02:23,284 - INFO - [28/30] Retrieved info for Team ID 1610612764
2025-07-03 16:02:24,162 - INFO - [29/30] Retrieved info for Team ID 1610612765
2025-07-03 16:02:54,772 - ERROR - Failed to get info for Team ID 1610612766: HTTPSConnectionPool(host='stats.nba.com', port=443): Read timed out. (read timeout=30)
2025-07-03 16:02:54,825 - INFO - Saved player info to C:\Users\NicholasYu-JinSeah\OneDrive - MIP (Aust) Pty Ltd\Documents\Extra Projects\NBA Analytics Pipeline Project\data\raw\all_players_2024-25.csv
2025-07-03 16:02:54,832 - INFO - Saved team info to C:\Users\NicholasYu-JinSeah\OneDrive - MIP (Aust) Pty Ltd\Documents\Extra Projects\NBA Analytics Pipeline Project\data\raw\all_teams_2024-25.csv
2025-07-03 16:02:54,833 - INFO - Data ingestion complete.
