2025-06-20 16:27:38,532 - INFO - Starting data ingestion...
2025-06-20 16:27:38,532 - INFO - Gathering player information for the NBA season...
2025-06-20 16:27:38,533 - INFO - Fetching player logs for Regular Season...
2025-06-20 16:27:40,431 - INFO - Fetching player logs for Playoffs...
2025-06-20 16:27:41,610 - INFO - Found 569 unique players across all season types.
2025-06-20 16:27:41,614 - INFO - Fetching info for 569 unique players.
2025-06-20 16:27:42,215 - INFO - [1/569] Retrieved info for Player ID 1630208
2025-06-20 16:27:43,064 - INFO - [2/569] Retrieved info for Player ID 1630214
2025-06-20 16:27:43,914 - INFO - [3/569] Retrieved info for Player ID 1630215
2025-06-20 16:27:44,816 - INFO - [4/569] Retrieved info for Player ID 1642502
2025-06-20 16:27:45,664 - INFO - [5/569] Retrieved info for Player ID 1642505
2025-06-20 16:27:46,579 - INFO - [6/569] Retrieved info for Player ID 1630217
2025-06-20 16:27:47,456 - INFO - [7/569] Retrieved info for Player ID 1630222
2025-06-20 16:27:48,352 - INFO - [8/569] Retrieved info for Player ID 1630224
2025-06-20 16:27:49,218 - INFO - [9/569] Retrieved info for Player ID 1630227
2025-06-20 16:27:50,070 - INFO - [10/569] Retrieved info for Player ID 1630228
2025-06-20 16:27:50,976 - INFO - [11/569] Retrieved info for Player ID 1630230
2025-06-20 16:27:51,822 - INFO - [12/569] Retrieved info for Player ID 1630231
2025-06-20 16:27:52,786 - INFO - [13/569] Retrieved info for Player ID 1626143
2025-06-20 16:27:53,634 - INFO - [14/569] Retrieved info for Player ID 1626145
2025-06-20 16:27:54,473 - INFO - [15/569] Retrieved info for Player ID 1642530
2025-06-20 16:27:55,324 - INFO - [16/569] Retrieved info for Player ID 1630243
2025-06-20 16:27:56,316 - INFO - [17/569] Retrieved info for Player ID 1630241
2025-06-20 16:27:57,167 - INFO - [18/569] Retrieved info for Player ID 1630245
2025-06-20 16:27:58,016 - INFO - [19/569] Retrieved info for Player ID 1630249
2025-06-20 16:27:58,891 - INFO - [20/569] Retrieved info for Player ID 1626153
2025-06-20 16:27:59,727 - INFO - [21/569] Retrieved info for Player ID 1626156
