2025-07-01 10:39:18,033 - INFO - Starting RERUN_off_checkpoints script...
2025-07-01 10:39:18,033 - INFO - Checking for existing boxscore checkpoint files to identify processed game IDs...
2025-07-01 10:39:18,068 - INFO - Loaded 94 game IDs from boxscore_traditional_chunk_1.csv
2025-07-01 10:39:18,110 - INFO - Loaded 76 game IDs from boxscore_traditional_chunk_10.csv
2025-07-01 10:39:18,151 - INFO - Loaded 79 game IDs from boxscore_traditional_chunk_11.csv
2025-07-01 10:39:18,179 - INFO - Loaded 98 game IDs from boxscore_traditional_chunk_12.csv
2025-07-01 10:39:18,217 - INFO - Loaded 83 game IDs from boxscore_traditional_chunk_13.csv
2025-07-01 10:39:18,256 - INFO - Loaded 87 game IDs from boxscore_traditional_chunk_2.csv
2025-07-01 10:39:18,294 - INFO - Loaded 78 game IDs from boxscore_traditional_chunk_3.csv
2025-07-01 10:39:18,335 - INFO - Loaded 88 game IDs from boxscore_traditional_chunk_4.csv
2025-07-01 10:39:18,362 - INFO - Loaded 87 game IDs from boxscore_traditional_chunk_5.csv
2025-07-01 10:39:18,401 - INFO - Loaded 78 game IDs from boxscore_traditional_chunk_6.csv
2025-07-01 10:39:18,445 - INFO - Loaded 83 game IDs from boxscore_traditional_chunk_7.csv
2025-07-01 10:39:18,490 - INFO - Loaded 89 game IDs from boxscore_traditional_chunk_8.csv
2025-07-01 10:39:18,530 - INFO - Loaded 88 game IDs from boxscore_traditional_chunk_9.csv
2025-07-01 10:39:18,530 - INFO - Found 1108 game IDs already processed from checkpoints.
2025-07-01 10:39:18,531 - INFO - Fetching all game IDs for 2024-25
2025-07-01 10:39:18,531 - INFO - Getting game IDs for season type: Regular Season
2025-07-01 10:39:18,877 - INFO - Getting game IDs for season type: Playoffs
2025-07-01 10:39:19,083 - INFO - Total unique games found: 1314
2025-07-01 10:39:19,084 - INFO - Total game IDs to process: 1314
2025-07-01 10:39:19,084 - INFO - Game IDs already processed: 1108
2025-07-01 10:39:19,085 - INFO - Game IDs remaining to process: 1314
2025-07-01 10:39:19,085 - INFO - Sample of all_game_ids (first 5): ['0022400666', '0022400157', '0022400763', '0022400419', '0022400147']
2025-07-01 10:39:19,086 - INFO - Sample of processed_game_ids (first 5): [22401024, 22401025, 22401026, 22401027, 22401028]
2025-07-01 10:39:19,087 - INFO - Processing chunk 1/14 (100 games) of remaining game IDs.
2025-07-01 10:39:19,201 - INFO - Fetching boxscore data for game 0022400666
2025-07-01 10:39:23,981 - INFO - Fetching boxscore data for game 0022400157
