2025-06-24 10:47:00,143 - INFO - Gathering team information for the NBA season...
2025-06-24 10:47:00,144 - INFO - Gathering team IDs for the NBA season...
2025-06-24 10:47:00,144 - INFO - Fetching team logs for Regular Season...
2025-06-24 10:47:02,822 - INFO - Fetching team logs for Playoffs...
2025-06-24 10:47:03,753 - INFO - Found 30 unique teams across all season types.
2025-06-24 10:47:04,150 - INFO - [1/30] Retrieved info for Team ID 1610612737
2025-06-24 10:47:04,989 - INFO - [2/30] Retrieved info for Team ID 1610612738
2025-06-24 10:47:05,832 - INFO - [3/30] Retrieved info for Team ID 1610612739
2025-06-24 10:47:06,665 - INFO - [4/30] Retrieved info for Team ID 1610612740
2025-06-24 10:47:07,526 - INFO - [5/30] Retrieved info for Team ID 1610612741
2025-06-24 10:47:08,362 - INFO - [6/30] Retrieved info for Team ID 1610612742
2025-06-24 10:47:09,249 - INFO - [7/30] Retrieved info for Team ID 1610612743
2025-06-24 10:47:10,089 - INFO - [8/30] Retrieved info for Team ID 1610612744
2025-06-24 10:47:10,953 - INFO - [9/30] Retrieved info for Team ID 1610612745
2025-06-24 10:47:11,801 - INFO - [10/30] Retrieved info for Team ID 1610612746
2025-06-24 10:47:12,688 - INFO - [11/30] Retrieved info for Team ID 1610612747
2025-06-24 10:47:13,523 - INFO - [12/30] Retrieved info for Team ID 1610612748
2025-06-24 10:47:14,362 - INFO - [13/30] Retrieved info for Team ID 1610612749
2025-06-24 10:47:15,189 - INFO - [14/30] Retrieved info for Team ID 1610612750
2025-06-24 10:47:16,023 - INFO - [15/30] Retrieved info for Team ID 1610612751
2025-06-24 10:47:16,862 - INFO - [16/30] Retrieved info for Team ID 1610612752
2025-06-24 10:47:17,694 - INFO - [17/30] Retrieved info for Team ID 1610612753
2025-06-24 10:47:18,533 - INFO - [18/30] Retrieved info for Team ID 1610612754
2025-06-24 10:47:19,384 - INFO - [19/30] Retrieved info for Team ID 1610612755
2025-06-24 10:47:20,217 - INFO - [20/30] Retrieved info for Team ID 1610612756
2025-06-24 10:47:21,123 - INFO - [21/30] Retrieved info for Team ID 1610612757
2025-06-24 10:47:21,963 - INFO - [22/30] Retrieved info for Team ID 1610612758
2025-06-24 10:47:22,811 - INFO - [23/30] Retrieved info for Team ID 1610612759
2025-06-24 10:47:23,644 - INFO - [24/30] Retrieved info for Team ID 1610612760
2025-06-24 10:47:24,486 - INFO - [25/30] Retrieved info for Team ID 1610612761
2025-06-24 10:47:25,321 - INFO - [26/30] Retrieved info for Team ID 1610612762
2025-06-24 10:47:26,154 - INFO - [27/30] Retrieved info for Team ID 1610612763
2025-06-24 10:47:26,990 - INFO - [28/30] Retrieved info for Team ID 1610612764
2025-06-24 10:47:27,855 - INFO - [29/30] Retrieved info for Team ID 1610612765
2025-06-24 10:47:28,694 - INFO - [30/30] Retrieved info for Team ID 1610612766
