2025-07-01 10:35:28,709 - INFO - Starting RERUN_off_checkpoints script...
2025-07-01 10:35:28,709 - INFO - Checking for existing boxscore checkpoint files to identify processed game IDs...
2025-07-01 10:35:28,763 - INFO - Loaded 94 game IDs from boxscore_traditional_chunk_1.csv
2025-07-01 10:35:28,805 - INFO - Loaded 76 game IDs from boxscore_traditional_chunk_10.csv
2025-07-01 10:35:28,878 - INFO - Loaded 79 game IDs from boxscore_traditional_chunk_11.csv
2025-07-01 10:35:28,927 - INFO - Loaded 98 game IDs from boxscore_traditional_chunk_12.csv
2025-07-01 10:35:28,985 - INFO - Loaded 83 game IDs from boxscore_traditional_chunk_13.csv
2025-07-01 10:35:29,048 - INFO - Loaded 87 game IDs from boxscore_traditional_chunk_2.csv
2025-07-01 10:35:29,087 - INFO - Loaded 78 game IDs from boxscore_traditional_chunk_3.csv
2025-07-01 10:35:29,128 - INFO - Loaded 88 game IDs from boxscore_traditional_chunk_4.csv
2025-07-01 10:35:29,185 - INFO - Loaded 87 game IDs from boxscore_traditional_chunk_5.csv
2025-07-01 10:35:29,230 - INFO - Loaded 78 game IDs from boxscore_traditional_chunk_6.csv
2025-07-01 10:35:29,274 - INFO - Loaded 83 game IDs from boxscore_traditional_chunk_7.csv
2025-07-01 10:35:29,318 - INFO - Loaded 89 game IDs from boxscore_traditional_chunk_8.csv
2025-07-01 10:35:29,367 - INFO - Loaded 88 game IDs from boxscore_traditional_chunk_9.csv
2025-07-01 10:35:29,367 - INFO - Found 1108 game IDs already processed from checkpoints.
2025-07-01 10:35:29,368 - INFO - Fetching all game IDs for 2024-25
2025-07-01 10:35:29,368 - INFO - Getting game IDs for season type: Regular Season
2025-07-01 10:35:30,039 - INFO - Getting game IDs for season type: Playoffs
2025-07-01 10:35:30,298 - INFO - Total unique games found: 1314
2025-07-01 10:35:30,298 - INFO - Total game IDs to process: 1314
2025-07-01 10:35:30,298 - INFO - Game IDs already processed: 1108
2025-07-01 10:35:30,299 - INFO - Game IDs remaining to process: 1314
2025-07-01 10:35:30,299 - INFO - Processing chunk 1/14 (100 games) of remaining game IDs.
2025-07-01 10:35:30,426 - INFO - Fetching boxscore data for game 0022400995
2025-07-01 10:35:34,529 - INFO - Fetching boxscore data for game 0022400528
2025-07-01 10:35:38,755 - INFO - Fetching boxscore data for game 0022400469
2025-07-01 10:35:42,755 - INFO - Fetching boxscore data for game 0022400855
2025-07-01 10:35:46,980 - INFO - Fetching boxscore data for game 0022401163
2025-07-01 10:35:51,128 - INFO - Fetching boxscore data for game 0022400773
2025-07-01 10:35:56,023 - INFO - Fetching boxscore data for game 0022400069
