2025-06-24 13:39:07,050 - INFO - Starting data ingestion...
2025-06-24 13:39:07,050 - INFO - Fetching all game IDs for 2024-25
2025-06-24 13:39:07,051 - INFO - Getting game IDs for season type: Regular Season
2025-06-24 13:39:07,242 - INFO - Getting game IDs for season type: Playoffs
2025-06-24 13:39:07,264 - INFO - Total unique games found: 1314
2025-06-24 13:39:07,265 - INFO - Processing chunk 1/14 (100 games)
2025-06-24 13:39:07,493 - INFO - Fetching boxscore data for game 0022400085
2025-06-24 13:39:09,420 - INFO - Fetching boxscore data for game 0022400297
2025-06-24 13:39:12,715 - INFO - Fetching boxscore data for game 0022400355
2025-06-24 13:39:16,031 - INFO - Fetching boxscore data for game 0022400262
2025-06-24 13:39:21,283 - INFO - Fetching boxscore data for game 0022400091
2025-06-24 13:39:25,938 - INFO - Fetching boxscore data for game 0022401066
2025-06-24 13:39:29,127 - INFO - Fetching boxscore data for game 0022400844
2025-06-24 13:39:32,672 - INFO - Fetching boxscore data for game 0022400547
2025-06-24 13:39:36,143 - INFO - Fetching boxscore data for game 0022400426
2025-06-24 13:39:39,502 - INFO - Fetching boxscore data for game 0022400619
2025-06-24 13:39:41,020 - INFO - Fetching boxscore data for game 0022400461
2025-06-24 13:39:42,738 - INFO - Fetching boxscore data for game 0022400987
2025-06-24 13:40:45,267 - ERROR - Error fetching boxscore for game 0022400987: HTTPSConnectionPool(host='stats.nba.com', port=443): Read timed out. (read timeout=60)
2025-06-24 13:40:45,268 - WARNING - Adding game ID 0022400987 to failed_game_ids for retry.
2025-06-24 13:40:45,270 - INFO - Fetching boxscore data for game 0022400970
2025-06-24 13:41:45,327 - ERROR - Error fetching boxscore for game 0022400970: HTTPSConnectionPool(host='stats.nba.com', port=443): Read timed out. (read timeout=60)
2025-06-24 13:41:45,328 - WARNING - Adding game ID 0022400970 to failed_game_ids for retry.
2025-06-24 13:41:45,330 - INFO - Fetching boxscore data for game 0022400215
2025-06-24 13:41:49,860 - INFO - Fetching boxscore data for game 0022401030
2025-06-24 13:41:53,286 - INFO - Fetching boxscore data for game 0022400725
2025-06-24 13:41:54,827 - INFO - Fetching boxscore data for game 0022400370
2025-06-24 13:41:59,321 - INFO - Fetching boxscore data for game 0022401129
2025-06-24 13:42:00,973 - INFO - Fetching boxscore data for game 0022400594
2025-06-24 13:42:04,190 - INFO - Fetching boxscore data for game 0022400155
2025-06-24 13:42:08,646 - INFO - Fetching boxscore data for game 0022401226
2025-06-24 13:42:12,229 - INFO - Fetching boxscore data for game 0022400682
2025-06-24 13:42:15,364 - INFO - Fetching boxscore data for game 0022400938
2025-06-24 13:42:19,066 - INFO - Fetching boxscore data for game 0042400235
2025-06-24 13:42:23,574 - INFO - Fetching boxscore data for game 0022400960
2025-06-24 13:42:27,136 - INFO - Fetching boxscore data for game 0022400604
2025-06-24 13:42:28,651 - INFO - Fetching boxscore data for game 0022400973
2025-06-24 13:42:32,079 - INFO - Fetching boxscore data for game 0022400870
2025-06-24 13:42:35,451 - INFO - Fetching boxscore data for game 0022400190
2025-06-24 13:42:40,538 - INFO - Fetching boxscore data for game 0022401013
2025-06-24 13:42:44,132 - INFO - Fetching boxscore data for game 0042400234
2025-06-24 13:42:47,970 - INFO - Fetching boxscore data for game 0022400265
2025-06-24 13:42:52,118 - INFO - Fetching boxscore data for game 0022400495
2025-06-24 13:43:05,230 - INFO - Fetching boxscore data for game 0022400076
2025-06-24 13:43:07,103 - INFO - Fetching boxscore data for game 0022400874
2025-06-24 13:43:10,583 - INFO - Fetching boxscore data for game 0022400359
2025-06-24 13:43:14,339 - INFO - Fetching boxscore data for game 0022400489
2025-06-24 13:43:17,780 - INFO - Fetching boxscore data for game 0022400353
2025-06-24 13:43:21,151 - INFO - Fetching boxscore data for game 0022401101
2025-06-24 13:43:25,292 - INFO - Fetching boxscore data for game 0022401173
2025-06-24 13:43:27,416 - INFO - Fetching boxscore data for game 0022400432
2025-06-24 13:43:30,980 - INFO - Fetching boxscore data for game 0022400035
2025-06-24 13:43:33,062 - INFO - Fetching boxscore data for game 0022400266
2025-06-24 13:43:36,593 - INFO - Fetching boxscore data for game 0022400712
2025-06-24 13:43:40,165 - INFO - Fetching boxscore data for game 0022400507
2025-06-24 13:43:44,425 - INFO - Fetching boxscore data for game 0022400676
2025-06-24 13:43:48,469 - INFO - Fetching boxscore data for game 0022400368
2025-06-24 13:43:52,036 - INFO - Fetching boxscore data for game 0022400543
2025-06-24 13:43:55,359 - INFO - Fetching boxscore data for game 0022400424
2025-06-24 13:43:58,661 - INFO - Fetching boxscore data for game 0022400992
2025-06-24 13:44:02,226 - INFO - Fetching boxscore data for game 0022401089
2025-06-24 13:44:06,037 - INFO - Fetching boxscore data for game 0022400013
2025-06-24 13:44:09,375 - INFO - Fetching boxscore data for game 0022400762
2025-06-24 13:44:12,620 - INFO - Fetching boxscore data for game 0022400784
2025-06-24 13:44:16,067 - INFO - Fetching boxscore data for game 0022400245
2025-06-24 13:44:17,788 - INFO - Fetching boxscore data for game 0022400412
2025-06-24 13:44:21,178 - INFO - Fetching boxscore data for game 0022400074
2025-06-24 13:44:22,736 - INFO - Fetching boxscore data for game 0022400263
2025-06-24 13:44:25,814 - INFO - Fetching boxscore data for game 0022400111
2025-06-24 13:44:29,633 - INFO - Fetching boxscore data for game 0022401229
2025-06-24 13:44:43,691 - INFO - Fetching boxscore data for game 0022400820
2025-06-24 13:44:47,063 - INFO - Fetching boxscore data for game 0022400855
2025-06-24 13:44:50,572 - INFO - Fetching boxscore data for game 0022401052
2025-06-24 13:44:53,759 - INFO - Fetching boxscore data for game 0022401172
2025-06-24 13:44:57,305 - INFO - Fetching boxscore data for game 0022400814
2025-06-24 13:45:00,753 - INFO - Fetching boxscore data for game 0022400907
2025-06-24 13:45:04,513 - INFO - Fetching boxscore data for game 0022400341
2025-06-24 13:45:16,279 - INFO - Fetching boxscore data for game 0022400061
2025-06-24 13:45:20,584 - INFO - Fetching boxscore data for game 0022400509
2025-06-24 13:45:22,486 - INFO - Fetching boxscore data for game 0022400271
2025-06-24 13:45:26,393 - INFO - Fetching boxscore data for game 0042400402
2025-06-24 13:45:30,954 - INFO - Fetching boxscore data for game 0042400152
2025-06-24 13:45:35,198 - INFO - Fetching boxscore data for game 0022400851
2025-06-24 13:45:36,966 - INFO - Fetching boxscore data for game 0022400294
2025-06-24 13:45:40,913 - INFO - Fetching boxscore data for game 0022400114
2025-06-24 13:45:45,741 - INFO - Fetching boxscore data for game 0022400886
2025-06-24 13:45:47,545 - INFO - Fetching boxscore data for game 0022400344
2025-06-24 13:45:49,238 - INFO - Fetching boxscore data for game 0022400078
2025-06-24 13:45:53,377 - INFO - Fetching boxscore data for game 0022400638
2025-06-24 13:45:56,915 - INFO - Fetching boxscore data for game 0022400948
2025-06-24 13:46:00,264 - INFO - Fetching boxscore data for game 0022400644
2025-06-24 13:46:03,797 - INFO - Fetching boxscore data for game 0022400646
2025-06-24 13:46:05,343 - INFO - Fetching boxscore data for game 0022400668
2025-06-24 13:46:06,947 - INFO - Fetching boxscore data for game 0022400347
2025-06-24 13:47:07,431 - ERROR - Error fetching boxscore for game 0022400347: HTTPSConnectionPool(host='stats.nba.com', port=443): Read timed out. (read timeout=60)
2025-06-24 13:47:07,432 - WARNING - Adding game ID 0022400347 to failed_game_ids for retry.
2025-06-24 13:47:07,434 - INFO - Fetching boxscore data for game 0022400681
2025-06-24 13:48:07,583 - ERROR - Error fetching boxscore for game 0022400681: HTTPSConnectionPool(host='stats.nba.com', port=443): Read timed out. (read timeout=60)
2025-06-24 13:48:07,584 - WARNING - Adding game ID 0022400681 to failed_game_ids for retry.
2025-06-24 13:48:07,584 - INFO - Fetching boxscore data for game 0022401132
2025-06-24 13:49:07,659 - ERROR - Error fetching boxscore for game 0022401132: HTTPSConnectionPool(host='stats.nba.com', port=443): Read timed out. (read timeout=60)
2025-06-24 13:49:07,660 - WARNING - Adding game ID 0022401132 to failed_game_ids for retry.
2025-06-24 13:49:07,662 - INFO - Fetching boxscore data for game 0022400020
2025-06-24 13:50:07,712 - ERROR - Error fetching boxscore for game 0022400020: HTTPSConnectionPool(host='stats.nba.com', port=443): Read timed out. (read timeout=60)
2025-06-24 13:50:07,713 - WARNING - Adding game ID 0022400020 to failed_game_ids for retry.
2025-06-24 13:50:07,714 - INFO - Fetching boxscore data for game 0022400685
2025-06-24 13:51:07,749 - ERROR - Error fetching boxscore for game 0022400685: HTTPSConnectionPool(host='stats.nba.com', port=443): Read timed out. (read timeout=60)
2025-06-24 13:51:07,750 - WARNING - Adding game ID 0022400685 to failed_game_ids for retry.
2025-06-24 13:51:07,752 - INFO - Fetching boxscore data for game 0022400961
2025-06-24 13:51:11,206 - INFO - Fetching boxscore data for game 0022400514
2025-06-24 13:51:14,836 - INFO - Fetching boxscore data for game 0022400553
2025-06-24 13:51:18,215 - INFO - Fetching boxscore data for game 0022400409
2025-06-24 13:51:21,619 - INFO - Fetching boxscore data for game 0022401112
2025-06-24 13:51:23,245 - INFO - Fetching boxscore data for game 0022400404
2025-06-24 13:51:30,708 - INFO - Fetching boxscore data for game 0022400950
2025-06-24 13:51:34,319 - INFO - Fetching boxscore data for game 0022400138
2025-06-24 13:51:36,329 - INFO - Fetching boxscore data for game 0022400093
2025-06-24 13:51:37,853 - INFO - Fetching boxscore data for game 0022401014
2025-06-24 13:52:40,710 - ERROR - Error fetching boxscore for game 0022401014: HTTPSConnectionPool(host='stats.nba.com', port=443): Read timed out. (read timeout=60)
2025-06-24 13:52:40,710 - WARNING - Adding game ID 0022401014 to failed_game_ids for retry.
2025-06-24 13:52:40,712 - INFO - Fetching boxscore data for game 0022400268
2025-06-24 13:52:42,271 - INFO - Fetching boxscore data for game 0022401150
2025-06-24 13:52:45,675 - INFO - Saved checkpoint for advanced to C:\Users\NicholasYu-JinSeah\OneDrive - MIP (Aust) Pty Ltd\Documents\Extra Projects\NBA Analytics Pipeline Project\data\checkpoints\boxscore_checkpoints\boxscore_advanced_chunk_1.csv
2025-06-24 13:52:45,711 - INFO - Saved checkpoint for hustle to C:\Users\NicholasYu-JinSeah\OneDrive - MIP (Aust) Pty Ltd\Documents\Extra Projects\NBA Analytics Pipeline Project\data\checkpoints\boxscore_checkpoints\boxscore_hustle_chunk_1.csv
2025-06-24 13:52:45,752 - INFO - Saved checkpoint for scoring to C:\Users\NicholasYu-JinSeah\OneDrive - MIP (Aust) Pty Ltd\Documents\Extra Projects\NBA Analytics Pipeline Project\data\checkpoints\boxscore_checkpoints\boxscore_scoring_chunk_1.csv
2025-06-24 13:52:45,826 - INFO - Saved checkpoint for traditional to C:\Users\NicholasYu-JinSeah\OneDrive - MIP (Aust) Pty Ltd\Documents\Extra Projects\NBA Analytics Pipeline Project\data\checkpoints\boxscore_checkpoints\boxscore_traditional_chunk_1.csv
2025-06-24 13:52:45,887 - INFO - Saved checkpoint for playertrack to C:\Users\NicholasYu-JinSeah\OneDrive - MIP (Aust) Pty Ltd\Documents\Extra Projects\NBA Analytics Pipeline Project\data\checkpoints\boxscore_checkpoints\boxscore_playertrack_chunk_1.csv
2025-06-24 13:52:45,962 - INFO - Saved checkpoint for usage to C:\Users\NicholasYu-JinSeah\OneDrive - MIP (Aust) Pty Ltd\Documents\Extra Projects\NBA Analytics Pipeline Project\data\checkpoints\boxscore_checkpoints\boxscore_usage_chunk_1.csv
2025-06-24 13:52:48,963 - INFO - Processing chunk 2/14 (100 games)
2025-06-24 13:52:48,975 - INFO - Fetching boxscore data for game 0022400906
2025-06-24 13:52:52,132 - INFO - Fetching boxscore data for game 0022401048
2025-06-24 13:52:55,529 - INFO - Fetching boxscore data for game 0022401017
2025-06-24 13:52:59,239 - INFO - Fetching boxscore data for game 0022400596
2025-06-24 13:53:02,599 - INFO - Fetching boxscore data for game 0022401050
2025-06-24 13:53:06,311 - INFO - Fetching boxscore data for game 0022400607
2025-06-24 13:53:09,584 - INFO - Fetching boxscore data for game 0022400931
2025-06-24 13:54:09,605 - ERROR - Error fetching boxscore for game 0022400931: HTTPSConnectionPool(host='stats.nba.com', port=443): Read timed out. (read timeout=60)
2025-06-24 13:54:09,606 - WARNING - Adding game ID 0022400931 to failed_game_ids for retry.
2025-06-24 13:54:09,607 - INFO - Fetching boxscore data for game 0022400527
2025-06-24 13:55:09,674 - ERROR - Error fetching boxscore for game 0022400527: HTTPSConnectionPool(host='stats.nba.com', port=443): Read timed out. (read timeout=60)
2025-06-24 13:55:09,674 - WARNING - Adding game ID 0022400527 to failed_game_ids for retry.
2025-06-24 13:55:09,676 - INFO - Fetching boxscore data for game 0022400307
2025-06-24 13:56:09,725 - ERROR - Error fetching boxscore for game 0022400307: HTTPSConnectionPool(host='stats.nba.com', port=443): Read timed out. (read timeout=60)
2025-06-24 13:56:09,726 - WARNING - Adding game ID 0022400307 to failed_game_ids for retry.
2025-06-24 13:56:09,728 - INFO - Fetching boxscore data for game 0022400483
2025-06-24 13:57:09,876 - ERROR - Error fetching boxscore for game 0022400483: HTTPSConnectionPool(host='stats.nba.com', port=443): Read timed out. (read timeout=60)
2025-06-24 13:57:09,877 - WARNING - Adding game ID 0022400483 to failed_game_ids for retry.
2025-06-24 13:57:09,879 - INFO - Fetching boxscore data for game 0022400050
2025-06-24 13:58:09,910 - ERROR - Error fetching boxscore for game 0022400050: HTTPSConnectionPool(host='stats.nba.com', port=443): Read timed out. (read timeout=60)
2025-06-24 13:58:09,910 - WARNING - Adding game ID 0022400050 to failed_game_ids for retry.
2025-06-24 13:58:09,911 - INFO - Fetching boxscore data for game 0022400709
2025-06-24 13:59:09,978 - ERROR - Error fetching boxscore for game 0022400709: HTTPSConnectionPool(host='stats.nba.com', port=443): Read timed out. (read timeout=60)
2025-06-24 13:59:09,979 - WARNING - Adding game ID 0022400709 to failed_game_ids for retry.
2025-06-24 13:59:09,981 - INFO - Fetching boxscore data for game 0022400617
2025-06-24 14:00:10,094 - ERROR - Error fetching boxscore for game 0022400617: HTTPSConnectionPool(host='stats.nba.com', port=443): Read timed out. (read timeout=60)
2025-06-24 14:00:10,095 - WARNING - Adding game ID 0022400617 to failed_game_ids for retry.
2025-06-24 14:00:10,097 - INFO - Fetching boxscore data for game 0022400401
2025-06-24 14:01:10,136 - ERROR - Error fetching boxscore for game 0022400401: HTTPSConnectionPool(host='stats.nba.com', port=443): Read timed out. (read timeout=60)
2025-06-24 14:01:10,137 - WARNING - Adding game ID 0022400401 to failed_game_ids for retry.
2025-06-24 14:01:10,138 - INFO - Fetching boxscore data for game 0022401054
2025-06-24 14:02:10,202 - ERROR - Error fetching boxscore for game 0022401054: HTTPSConnectionPool(host='stats.nba.com', port=443): Read timed out. (read timeout=60)
2025-06-24 14:02:10,203 - WARNING - Adding game ID 0022401054 to failed_game_ids for retry.
2025-06-24 14:02:10,204 - INFO - Fetching boxscore data for game 0022400117
2025-06-24 14:03:10,240 - ERROR - Error fetching boxscore for game 0022400117: HTTPSConnectionPool(host='stats.nba.com', port=443): Read timed out. (read timeout=60)
2025-06-24 14:03:10,240 - WARNING - Adding game ID 0022400117 to failed_game_ids for retry.
2025-06-24 14:03:10,242 - INFO - Fetching boxscore data for game 0042400306
2025-06-24 14:04:10,298 - ERROR - Error fetching boxscore for game 0042400306: HTTPSConnectionPool(host='stats.nba.com', port=443): Read timed out. (read timeout=60)
2025-06-24 14:04:10,299 - WARNING - Adding game ID 0042400306 to failed_game_ids for retry.
2025-06-24 14:04:10,300 - INFO - Fetching boxscore data for game 0022400075
2025-06-24 14:05:10,357 - ERROR - Error fetching boxscore for game 0022400075: HTTPSConnectionPool(host='stats.nba.com', port=443): Read timed out. (read timeout=60)
2025-06-24 14:05:10,358 - WARNING - Adding game ID 0022400075 to failed_game_ids for retry.
2025-06-24 14:05:10,360 - INFO - Fetching boxscore data for game 0022400862
2025-06-24 14:06:10,407 - ERROR - Error fetching boxscore for game 0022400862: HTTPSConnectionPool(host='stats.nba.com', port=443): Read timed out. (read timeout=60)
2025-06-24 14:06:10,408 - WARNING - Adding game ID 0022400862 to failed_game_ids for retry.
2025-06-24 14:06:10,409 - INFO - Fetching boxscore data for game 0022401078
2025-06-24 14:07:10,657 - ERROR - Error fetching boxscore for game 0022401078: HTTPSConnectionPool(host='stats.nba.com', port=443): Read timed out. (read timeout=60)
2025-06-24 14:07:10,658 - WARNING - Adding game ID 0022401078 to failed_game_ids for retry.
2025-06-24 14:07:10,659 - INFO - Fetching boxscore data for game 0022400648
2025-06-24 14:08:10,731 - ERROR - Error fetching boxscore for game 0022400648: HTTPSConnectionPool(host='stats.nba.com', port=443): Read timed out. (read timeout=60)
2025-06-24 14:08:10,731 - WARNING - Adding game ID 0022400648 to failed_game_ids for retry.
2025-06-24 14:08:10,733 - INFO - Fetching boxscore data for game 0022400394
2025-06-24 14:09:10,799 - ERROR - Error fetching boxscore for game 0022400394: HTTPSConnectionPool(host='stats.nba.com', port=443): Read timed out. (read timeout=60)
2025-06-24 14:09:10,800 - WARNING - Adding game ID 0022400394 to failed_game_ids for retry.
2025-06-24 14:09:10,801 - INFO - Fetching boxscore data for game 0022401152
2025-06-24 14:10:10,844 - ERROR - Error fetching boxscore for game 0022401152: HTTPSConnectionPool(host='stats.nba.com', port=443): Read timed out. (read timeout=60)
2025-06-24 14:10:10,844 - WARNING - Adding game ID 0022401152 to failed_game_ids for retry.
2025-06-24 14:10:10,846 - INFO - Fetching boxscore data for game 0022400310
2025-06-24 14:11:10,918 - ERROR - Error fetching boxscore for game 0022400310: HTTPSConnectionPool(host='stats.nba.com', port=443): Read timed out. (read timeout=60)
2025-06-24 14:11:10,918 - WARNING - Adding game ID 0022400310 to failed_game_ids for retry.
2025-06-24 14:11:10,921 - INFO - Fetching boxscore data for game 0022400933
2025-06-24 14:12:11,040 - ERROR - Error fetching boxscore for game 0022400933: HTTPSConnectionPool(host='stats.nba.com', port=443): Read timed out. (read timeout=60)
2025-06-24 14:12:11,041 - WARNING - Adding game ID 0022400933 to failed_game_ids for retry.
2025-06-24 14:12:11,042 - INFO - Fetching boxscore data for game 0022400243
2025-06-24 14:13:11,123 - ERROR - Error fetching boxscore for game 0022400243: HTTPSConnectionPool(host='stats.nba.com', port=443): Read timed out. (read timeout=60)
2025-06-24 14:13:11,123 - WARNING - Adding game ID 0022400243 to failed_game_ids for retry.
2025-06-24 14:13:11,125 - INFO - Fetching boxscore data for game 0022401094
2025-06-24 14:14:11,198 - ERROR - Error fetching boxscore for game 0022401094: HTTPSConnectionPool(host='stats.nba.com', port=443): Read timed out. (read timeout=60)
2025-06-24 14:14:11,199 - WARNING - Adding game ID 0022401094 to failed_game_ids for retry.
2025-06-24 14:14:11,201 - INFO - Fetching boxscore data for game 0022400771
2025-06-24 14:15:11,273 - ERROR - Error fetching boxscore for game 0022400771: HTTPSConnectionPool(host='stats.nba.com', port=443): Read timed out. (read timeout=60)
2025-06-24 14:15:11,274 - WARNING - Adding game ID 0022400771 to failed_game_ids for retry.
2025-06-24 14:15:11,275 - INFO - Fetching boxscore data for game 0022400082
2025-06-24 14:16:11,317 - ERROR - Error fetching boxscore for game 0022400082: HTTPSConnectionPool(host='stats.nba.com', port=443): Read timed out. (read timeout=60)
2025-06-24 14:16:11,318 - WARNING - Adding game ID 0022400082 to failed_game_ids for retry.
2025-06-24 14:16:11,319 - INFO - Fetching boxscore data for game 0022400546
2025-06-24 14:17:11,376 - ERROR - Error fetching boxscore for game 0022400546: HTTPSConnectionPool(host='stats.nba.com', port=443): Read timed out. (read timeout=60)
2025-06-24 14:17:11,377 - WARNING - Adding game ID 0022400546 to failed_game_ids for retry.
2025-06-24 14:17:11,378 - INFO - Fetching boxscore data for game 0022400008
2025-06-24 14:18:11,417 - ERROR - Error fetching boxscore for game 0022400008: HTTPSConnectionPool(host='stats.nba.com', port=443): Read timed out. (read timeout=60)
2025-06-24 14:18:11,417 - WARNING - Adding game ID 0022400008 to failed_game_ids for retry.
2025-06-24 14:18:11,419 - INFO - Fetching boxscore data for game 0022400528
2025-06-24 14:19:11,462 - ERROR - Error fetching boxscore for game 0022400528: HTTPSConnectionPool(host='stats.nba.com', port=443): Read timed out. (read timeout=60)
2025-06-24 14:19:11,463 - WARNING - Adding game ID 0022400528 to failed_game_ids for retry.
2025-06-24 14:19:11,464 - INFO - Fetching boxscore data for game 0022401175
2025-06-24 14:20:11,519 - ERROR - Error fetching boxscore for game 0022401175: HTTPSConnectionPool(host='stats.nba.com', port=443): Read timed out. (read timeout=60)
2025-06-24 14:20:11,520 - WARNING - Adding game ID 0022401175 to failed_game_ids for retry.
2025-06-24 14:20:11,522 - INFO - Fetching boxscore data for game 0022400205
2025-06-24 14:21:11,569 - ERROR - Error fetching boxscore for game 0022400205: HTTPSConnectionPool(host='stats.nba.com', port=443): Read timed out. (read timeout=60)
2025-06-24 14:21:11,570 - WARNING - Adding game ID 0022400205 to failed_game_ids for retry.
2025-06-24 14:21:11,574 - INFO - Fetching boxscore data for game 0022400318
2025-06-24 14:22:11,621 - ERROR - Error fetching boxscore for game 0022400318: HTTPSConnectionPool(host='stats.nba.com', port=443): Read timed out. (read timeout=60)
2025-06-24 14:22:11,622 - WARNING - Adding game ID 0022400318 to failed_game_ids for retry.
2025-06-24 14:22:11,623 - INFO - Fetching boxscore data for game 0022400312
2025-06-24 14:23:11,686 - ERROR - Error fetching boxscore for game 0022400312: HTTPSConnectionPool(host='stats.nba.com', port=443): Read timed out. (read timeout=60)
2025-06-24 14:23:11,686 - WARNING - Adding game ID 0022400312 to failed_game_ids for retry.
2025-06-24 14:23:11,687 - INFO - Fetching boxscore data for game 0022400691
2025-06-24 14:24:11,735 - ERROR - Error fetching boxscore for game 0022400691: HTTPSConnectionPool(host='stats.nba.com', port=443): Read timed out. (read timeout=60)
2025-06-24 14:24:11,735 - WARNING - Adding game ID 0022400691 to failed_game_ids for retry.
2025-06-24 14:24:11,737 - INFO - Fetching boxscore data for game 0022401169
2025-06-24 14:25:11,781 - ERROR - Error fetching boxscore for game 0022401169: HTTPSConnectionPool(host='stats.nba.com', port=443): Read timed out. (read timeout=60)
2025-06-24 14:25:11,782 - WARNING - Adding game ID 0022401169 to failed_game_ids for retry.
2025-06-24 14:25:11,783 - INFO - Fetching boxscore data for game 0022400677
2025-06-24 14:26:11,859 - ERROR - Error fetching boxscore for game 0022400677: HTTPSConnectionPool(host='stats.nba.com', port=443): Read timed out. (read timeout=60)
2025-06-24 14:26:11,859 - WARNING - Adding game ID 0022400677 to failed_game_ids for retry.
2025-06-24 14:26:11,861 - INFO - Fetching boxscore data for game 0022400951
2025-06-24 14:27:11,909 - ERROR - Error fetching boxscore for game 0022400951: HTTPSConnectionPool(host='stats.nba.com', port=443): Read timed out. (read timeout=60)
2025-06-24 14:27:11,910 - WARNING - Adding game ID 0022400951 to failed_game_ids for retry.
2025-06-24 14:27:11,912 - INFO - Fetching boxscore data for game 0022400016
2025-06-24 14:28:12,151 - ERROR - Error fetching boxscore for game 0022400016: HTTPSConnectionPool(host='stats.nba.com', port=443): Read timed out. (read timeout=60)
2025-06-24 14:28:12,152 - WARNING - Adding game ID 0022400016 to failed_game_ids for retry.
2025-06-24 14:28:12,154 - INFO - Fetching boxscore data for game 0022401221
2025-06-24 14:29:12,209 - ERROR - Error fetching boxscore for game 0022401221: HTTPSConnectionPool(host='stats.nba.com', port=443): Read timed out. (read timeout=60)
2025-06-24 14:29:12,210 - WARNING - Adding game ID 0022401221 to failed_game_ids for retry.
2025-06-24 14:29:12,212 - INFO - Fetching boxscore data for game 0022401010
2025-06-24 14:30:12,247 - ERROR - Error fetching boxscore for game 0022401010: HTTPSConnectionPool(host='stats.nba.com', port=443): Read timed out. (read timeout=60)
2025-06-24 14:30:12,248 - WARNING - Adding game ID 0022401010 to failed_game_ids for retry.
2025-06-24 14:30:12,249 - INFO - Fetching boxscore data for game 0022400447
2025-06-24 14:31:12,306 - ERROR - Error fetching boxscore for game 0022400447: HTTPSConnectionPool(host='stats.nba.com', port=443): Read timed out. (read timeout=60)
2025-06-24 14:31:12,307 - WARNING - Adding game ID 0022400447 to failed_game_ids for retry.
2025-06-24 14:31:12,309 - INFO - Fetching boxscore data for game 0022400852
2025-06-24 14:32:12,355 - ERROR - Error fetching boxscore for game 0022400852: HTTPSConnectionPool(host='stats.nba.com', port=443): Read timed out. (read timeout=60)
2025-06-24 14:32:12,356 - WARNING - Adding game ID 0022400852 to failed_game_ids for retry.
2025-06-24 14:32:12,357 - INFO - Fetching boxscore data for game 0022400835
2025-06-24 14:33:12,380 - ERROR - Error fetching boxscore for game 0022400835: HTTPSConnectionPool(host='stats.nba.com', port=443): Read timed out. (read timeout=60)
2025-06-24 14:33:12,381 - WARNING - Adding game ID 0022400835 to failed_game_ids for retry.
2025-06-24 14:33:12,383 - INFO - Fetching boxscore data for game 0022401162
2025-06-24 14:34:12,448 - ERROR - Error fetching boxscore for game 0022401162: HTTPSConnectionPool(host='stats.nba.com', port=443): Read timed out. (read timeout=60)
2025-06-24 14:34:12,449 - WARNING - Adding game ID 0022401162 to failed_game_ids for retry.
2025-06-24 14:34:12,453 - INFO - Fetching boxscore data for game 0022401122
2025-06-24 14:35:12,502 - ERROR - Error fetching boxscore for game 0022401122: HTTPSConnectionPool(host='stats.nba.com', port=443): Read timed out. (read timeout=60)
2025-06-24 14:35:12,502 - WARNING - Adding game ID 0022401122 to failed_game_ids for retry.
2025-06-24 14:35:12,504 - INFO - Fetching boxscore data for game 0022400296
2025-06-24 14:36:12,572 - ERROR - Error fetching boxscore for game 0022400296: HTTPSConnectionPool(host='stats.nba.com', port=443): Read timed out. (read timeout=60)
2025-06-24 14:36:12,573 - WARNING - Adding game ID 0022400296 to failed_game_ids for retry.
2025-06-24 14:36:12,574 - INFO - Fetching boxscore data for game 0022400311
2025-06-24 14:37:12,627 - ERROR - Error fetching boxscore for game 0022400311: HTTPSConnectionPool(host='stats.nba.com', port=443): Read timed out. (read timeout=60)
2025-06-24 14:37:12,628 - WARNING - Adding game ID 0022400311 to failed_game_ids for retry.
2025-06-24 14:37:12,630 - INFO - Fetching boxscore data for game 0022400871
2025-06-24 14:38:12,676 - ERROR - Error fetching boxscore for game 0022400871: HTTPSConnectionPool(host='stats.nba.com', port=443): Read timed out. (read timeout=60)
2025-06-24 14:38:12,676 - WARNING - Adding game ID 0022400871 to failed_game_ids for retry.
2025-06-24 14:38:12,678 - INFO - Fetching boxscore data for game 0022401041
2025-06-24 14:39:12,715 - ERROR - Error fetching boxscore for game 0022401041: HTTPSConnectionPool(host='stats.nba.com', port=443): Read timed out. (read timeout=60)
2025-06-24 14:39:12,716 - WARNING - Adding game ID 0022401041 to failed_game_ids for retry.
2025-06-24 14:39:12,718 - INFO - Fetching boxscore data for game 0022400275
2025-06-24 14:39:16,534 - INFO - Fetching boxscore data for game 0022400365
2025-06-24 14:39:20,824 - INFO - Fetching boxscore data for game 0022400981
2025-06-24 14:39:22,775 - INFO - Fetching boxscore data for game 0022400733
2025-06-24 14:39:24,382 - INFO - Fetching boxscore data for game 0022400267
2025-06-24 14:39:25,863 - INFO - Fetching boxscore data for game 0022400943
2025-06-24 14:40:26,891 - ERROR - Error fetching boxscore for game 0022400943: HTTPSConnectionPool(host='stats.nba.com', port=443): Read timed out. (read timeout=60)
2025-06-24 14:40:26,892 - WARNING - Adding game ID 0022400943 to failed_game_ids for retry.
2025-06-24 14:40:26,893 - INFO - Fetching boxscore data for game 0022400058
2025-06-24 14:41:26,940 - ERROR - Error fetching boxscore for game 0022400058: HTTPSConnectionPool(host='stats.nba.com', port=443): Read timed out. (read timeout=60)
2025-06-24 14:41:26,941 - WARNING - Adding game ID 0022400058 to failed_game_ids for retry.
2025-06-24 14:41:26,943 - INFO - Fetching boxscore data for game 0022400614
2025-06-24 14:42:26,990 - ERROR - Error fetching boxscore for game 0022400614: HTTPSConnectionPool(host='stats.nba.com', port=443): Read timed out. (read timeout=60)
2025-06-24 14:42:26,991 - WARNING - Adding game ID 0022400614 to failed_game_ids for retry.
2025-06-24 14:42:26,992 - INFO - Fetching boxscore data for game 0022400338
2025-06-24 14:42:30,359 - INFO - Fetching boxscore data for game 0022400805
2025-06-24 14:42:34,679 - INFO - Fetching boxscore data for game 0022400833
2025-06-24 14:42:36,228 - INFO - Fetching boxscore data for game 0022401035
2025-06-24 14:42:39,729 - INFO - Fetching boxscore data for game 0022400999
2025-06-24 14:42:43,080 - INFO - Fetching boxscore data for game 0022400751
2025-06-24 14:42:46,707 - INFO - Fetching boxscore data for game 0042400114
2025-06-24 14:42:50,935 - INFO - Fetching boxscore data for game 0022400577
2025-06-24 14:42:54,563 - INFO - Fetching boxscore data for game 0022400773
2025-06-24 14:42:57,576 - INFO - Fetching boxscore data for game 0022400620
2025-06-24 14:43:01,084 - INFO - Fetching boxscore data for game 0022400292
2025-06-24 14:43:05,709 - INFO - Fetching boxscore data for game 0022400657
2025-06-24 14:43:09,302 - INFO - Fetching boxscore data for game 0022400756
2025-06-24 14:43:12,752 - INFO - Fetching boxscore data for game 0022400877
2025-06-24 14:43:16,220 - INFO - Fetching boxscore data for game 0022401224
2025-06-24 14:44:16,833 - ERROR - Error fetching boxscore for game 0022401224: HTTPSConnectionPool(host='stats.nba.com', port=443): Read timed out. (read timeout=60)
2025-06-24 14:44:16,834 - WARNING - Adding game ID 0022401224 to failed_game_ids for retry.
2025-06-24 14:44:16,837 - INFO - Fetching boxscore data for game 0022400713
2025-06-24 14:45:16,889 - ERROR - Error fetching boxscore for game 0022400713: HTTPSConnectionPool(host='stats.nba.com', port=443): Read timed out. (read timeout=60)
2025-06-24 14:45:16,890 - WARNING - Adding game ID 0022400713 to failed_game_ids for retry.
2025-06-24 14:45:16,892 - INFO - Fetching boxscore data for game 0022400046
2025-06-24 14:46:16,922 - ERROR - Error fetching boxscore for game 0022400046: HTTPSConnectionPool(host='stats.nba.com', port=443): Read timed out. (read timeout=60)
2025-06-24 14:46:16,923 - WARNING - Adding game ID 0022400046 to failed_game_ids for retry.
2025-06-24 14:46:16,925 - INFO - Fetching boxscore data for game 0022400345
