2025-06-24 10:48:33,180 - INFO - Gathering team information for the NBA season...
2025-06-24 10:48:33,182 - INFO - Gathering team IDs for the NBA season...
2025-06-24 10:48:33,183 - INFO - Fetching team logs for Regular Season...
2025-06-24 10:48:33,957 - INFO - Fetching team logs for Playoffs...
2025-06-24 10:48:34,874 - INFO - Found 30 unique teams across all season types.
2025-06-24 10:48:35,145 - INFO - [1/30] Retrieved info for Team ID 1610612737
2025-06-24 10:48:35,770 - INFO - [2/30] Retrieved info for Team ID 1610612738
2025-06-24 10:48:36,401 - INFO - [3/30] Retrieved info for Team ID 1610612739
2025-06-24 10:48:37,027 - INFO - [4/30] Retrieved info for Team ID 1610612740
2025-06-24 10:48:37,861 - INFO - [5/30] Retrieved info for Team ID 1610612741
2025-06-24 10:48:38,711 - INFO - [6/30] Retrieved info for Team ID 1610612742
2025-06-24 10:48:39,333 - INFO - [7/30] Retrieved info for Team ID 1610612743
2025-06-24 10:48:40,162 - INFO - [8/30] Retrieved info for Team ID 1610612744
2025-06-24 10:48:40,792 - INFO - [9/30] Retrieved info for Team ID 1610612745
2025-06-24 10:48:41,627 - INFO - [10/30] Retrieved info for Team ID 1610612746
2025-06-24 10:48:42,254 - INFO - [11/30] Retrieved info for Team ID 1610612747
2025-06-24 10:48:42,876 - INFO - [12/30] Retrieved info for Team ID 1610612748
2025-06-24 10:48:43,507 - INFO - [13/30] Retrieved info for Team ID 1610612749
2025-06-24 10:48:44,351 - INFO - [14/30] Retrieved info for Team ID 1610612750
2025-06-24 10:48:45,200 - INFO - [15/30] Retrieved info for Team ID 1610612751
2025-06-24 10:48:46,028 - INFO - [16/30] Retrieved info for Team ID 1610612752
2025-06-24 10:48:46,647 - INFO - [17/30] Retrieved info for Team ID 1610612753
2025-06-24 10:48:47,479 - INFO - [18/30] Retrieved info for Team ID 1610612754
2025-06-24 10:48:48,317 - INFO - [19/30] Retrieved info for Team ID 1610612755
2025-06-24 10:48:49,153 - INFO - [20/30] Retrieved info for Team ID 1610612756
2025-06-24 10:48:49,778 - INFO - [21/30] Retrieved info for Team ID 1610612757
2025-06-24 10:48:50,612 - INFO - [22/30] Retrieved info for Team ID 1610612758
2025-06-24 10:48:51,458 - INFO - [23/30] Retrieved info for Team ID 1610612759
2025-06-24 10:48:52,076 - INFO - [24/30] Retrieved info for Team ID 1610612760
2025-06-24 10:48:52,918 - INFO - [25/30] Retrieved info for Team ID 1610612761
2025-06-24 10:48:53,752 - INFO - [26/30] Retrieved info for Team ID 1610612762
2025-06-24 10:48:54,584 - INFO - [27/30] Retrieved info for Team ID 1610612763
2025-06-24 10:48:55,204 - INFO - [28/30] Retrieved info for Team ID 1610612764
2025-06-24 10:48:56,038 - INFO - [29/30] Retrieved info for Team ID 1610612765
2025-06-24 10:48:56,669 - INFO - [30/30] Retrieved info for Team ID 1610612766
