2025-06-20 16:16:08,452 - INFO - Starting data ingestion...
2025-06-20 16:16:08,453 - INFO - Gathering player information for the NBA season...
2025-06-20 16:16:08,453 - INFO - Fetching player logs for Regular Season...
2025-06-20 16:16:11,171 - INFO - Fetching player logs for Playoffs...
2025-06-20 16:16:12,059 - INFO - Found 569 unique players across all season types.
2025-06-20 16:16:12,064 - INFO - Fetching info for 569 unique players.
2025-06-20 16:16:12,500 - INFO - [1/569] Retrieved info for Player ID 1630208
2025-06-20 16:16:13,345 - INFO - [2/569] Retrieved info for Player ID 1630214
2025-06-20 16:16:14,187 - INFO - [3/569] Retrieved info for Player ID 1630215
2025-06-20 16:16:15,073 - INFO - [4/569] Retrieved info for Player ID 1642502
2025-06-20 16:16:16,085 - INFO - [5/569] Retrieved info for Player ID 1642505
2025-06-20 16:16:17,142 - INFO - [6/569] Retrieved info for Player ID 1630217
2025-06-20 16:16:18,104 - INFO - [7/569] Retrieved info for Player ID 1630222
2025-06-20 16:16:19,021 - INFO - [8/569] Retrieved info for Player ID 1630224
2025-06-20 16:16:19,887 - INFO - [9/569] Retrieved info for Player ID 1630227
2025-06-20 16:16:20,796 - INFO - [10/569] Retrieved info for Player ID 1630228
2025-06-20 16:16:21,648 - INFO - [11/569] Retrieved info for Player ID 1630230
2025-06-20 16:16:22,515 - INFO - [12/569] Retrieved info for Player ID 1630231
2025-06-20 16:16:23,358 - INFO - [13/569] Retrieved info for Player ID 1626143
2025-06-20 16:16:24,287 - INFO - [14/569] Retrieved info for Player ID 1626145
2025-06-20 16:16:25,776 - INFO - [15/569] Retrieved info for Player ID 1642530
2025-06-20 16:16:27,171 - INFO - [16/569] Retrieved info for Player ID 1630243
2025-06-20 16:16:28,018 - INFO - [17/569] Retrieved info for Player ID 1630241
2025-06-20 16:16:28,863 - INFO - [18/569] Retrieved info for Player ID 1630245
2025-06-20 16:16:29,731 - INFO - [19/569] Retrieved info for Player ID 1630249
2025-06-20 16:16:30,581 - INFO - [20/569] Retrieved info for Player ID 1626153
2025-06-20 16:16:31,525 - INFO - [21/569] Retrieved info for Player ID 1626156
2025-06-20 16:16:32,381 - INFO - [22/569] Retrieved info for Player ID 1626157
2025-06-20 16:16:33,273 - INFO - [23/569] Retrieved info for Player ID 1626158
2025-06-20 16:16:34,149 - INFO - [24/569] Retrieved info for Player ID 1630256
2025-06-20 16:16:35,002 - INFO - [25/569] Retrieved info for Player ID 1626162
2025-06-20 16:16:35,853 - INFO - [26/569] Retrieved info for Player ID 1626164
2025-06-20 16:16:37,182 - INFO - [27/569] Retrieved info for Player ID 1626166
2025-06-20 16:16:38,121 - INFO - [28/569] Retrieved info for Player ID 1626167
2025-06-20 16:16:39,062 - INFO - [29/569] Retrieved info for Player ID 1626168
2025-06-20 16:16:39,936 - INFO - [30/569] Retrieved info for Player ID 1630264
2025-06-20 16:16:40,777 - INFO - [31/569] Retrieved info for Player ID 1626171
2025-06-20 16:16:41,649 - INFO - [32/569] Retrieved info for Player ID 1626172
2025-06-20 16:16:42,512 - INFO - [33/569] Retrieved info for Player ID 200768
2025-06-20 16:16:43,347 - INFO - [34/569] Retrieved info for Player ID 1626179
2025-06-20 16:16:44,275 - INFO - [35/569] Retrieved info for Player ID 1626181
2025-06-20 16:16:45,130 - INFO - [36/569] Retrieved info for Player ID 1630283
2025-06-20 16:16:45,968 - INFO - [37/569] Retrieved info for Player ID 200782
2025-06-20 16:16:46,807 - INFO - [38/569] Retrieved info for Player ID 1626192
2025-06-20 16:16:47,854 - INFO - [39/569] Retrieved info for Player ID 1630288
2025-06-20 16:16:48,768 - INFO - [40/569] Retrieved info for Player ID 1626196
2025-06-20 16:16:49,663 - INFO - [41/569] Retrieved info for Player ID 1630296
2025-06-20 16:16:50,512 - INFO - [42/569] Retrieved info for Player ID 1626204
2025-06-20 16:16:51,355 - INFO - [43/569] Retrieved info for Player ID 1629057
2025-06-20 16:16:52,205 - INFO - [44/569] Retrieved info for Player ID 1630311
2025-06-20 16:16:53,047 - INFO - [45/569] Retrieved info for Player ID 1630314
2025-06-20 16:16:53,911 - INFO - [46/569] Retrieved info for Player ID 1626220
2025-06-20 16:16:54,754 - INFO - [47/569] Retrieved info for Player ID 1630322
2025-06-20 16:16:55,600 - INFO - [48/569] Retrieved info for Player ID 1631098
2025-06-20 16:16:56,470 - INFO - [49/569] Retrieved info for Player ID 1630346
2025-06-20 16:16:57,312 - INFO - [50/569] Retrieved info for Player ID 1631107
2025-06-20 16:16:58,182 - INFO - [51/569] Retrieved info for Player ID 1628365
2025-06-20 16:16:59,055 - INFO - [52/569] Retrieved info for Player ID 1628366
2025-06-20 16:17:00,288 - INFO - [53/569] Retrieved info for Player ID 1628368
2025-06-20 16:17:01,130 - INFO - [54/569] Retrieved info for Player ID 1628369
2025-06-20 16:17:01,979 - INFO - [55/569] Retrieved info for Player ID 1628370
2025-06-20 16:17:02,810 - INFO - [56/569] Retrieved info for Player ID 1628371
2025-06-20 16:17:03,648 - INFO - [57/569] Retrieved info for Player ID 1628374
2025-06-20 16:17:04,534 - INFO - [58/569] Retrieved info for Player ID 1628378
2025-06-20 16:17:05,389 - INFO - [59/569] Retrieved info for Player ID 1628379
2025-06-20 16:17:06,253 - INFO - [60/569] Retrieved info for Player ID 1628380
2025-06-20 16:17:07,128 - INFO - [61/569] Retrieved info for Player ID 1628381
2025-06-20 16:17:07,998 - INFO - [62/569] Retrieved info for Player ID 1628384
2025-06-20 16:17:08,847 - INFO - [63/569] Retrieved info for Player ID 1628386
2025-06-20 16:17:09,705 - INFO - [64/569] Retrieved info for Player ID 1628389
2025-06-20 16:17:10,614 - INFO - [65/569] Retrieved info for Player ID 1628392
2025-06-20 16:17:11,654 - INFO - [66/569] Retrieved info for Player ID 1628396
2025-06-20 16:17:12,502 - INFO - [67/569] Retrieved info for Player ID 1628398
2025-06-20 16:17:14,634 - INFO - [68/569] Retrieved info for Player ID 1628401
2025-06-20 16:17:15,476 - INFO - [69/569] Retrieved info for Player ID 1628404
2025-06-20 16:17:16,315 - INFO - [70/569] Retrieved info for Player ID 1628408
2025-06-20 16:17:17,179 - INFO - [71/569] Retrieved info for Player ID 1628415
2025-06-20 16:17:18,044 - INFO - [72/569] Retrieved info for Player ID 1628418
2025-06-20 16:17:19,040 - INFO - [73/569] Retrieved info for Player ID 1628420
2025-06-20 16:17:20,883 - INFO - [74/569] Retrieved info for Player ID 1628427
2025-06-20 16:17:21,808 - INFO - [75/569] Retrieved info for Player ID 1628436
2025-06-20 16:17:22,652 - INFO - [76/569] Retrieved info for Player ID 1628449
2025-06-20 16:17:23,556 - INFO - [77/569] Retrieved info for Player ID 1628464
2025-06-20 16:17:24,400 - INFO - [78/569] Retrieved info for Player ID 1628467
2025-06-20 16:17:25,244 - INFO - [79/569] Retrieved info for Player ID 1628470
2025-06-20 16:17:26,117 - INFO - [80/569] Retrieved info for Player ID 1630526
2025-06-20 16:17:27,335 - INFO - [81/569] Retrieved info for Player ID 1630527
2025-06-20 16:17:28,178 - INFO - [82/569] Retrieved info for Player ID 1630528
2025-06-20 16:17:29,019 - INFO - [83/569] Retrieved info for Player ID 1630529
2025-06-20 16:17:29,902 - INFO - [84/569] Retrieved info for Player ID 1630530
2025-06-20 16:17:30,785 - INFO - [85/569] Retrieved info for Player ID 1630531
2025-06-20 16:17:31,637 - INFO - [86/569] Retrieved info for Player ID 203076
2025-06-20 16:17:32,489 - INFO - [87/569] Retrieved info for Player ID 1630533
2025-06-20 16:17:33,329 - INFO - [88/569] Retrieved info for Player ID 1630534
2025-06-20 16:17:34,184 - INFO - [89/569] Retrieved info for Player ID 203078
2025-06-20 16:17:35,039 - INFO - [90/569] Retrieved info for Player ID 1630532
2025-06-20 16:17:35,903 - INFO - [91/569] Retrieved info for Player ID 203081
2025-06-20 16:17:36,747 - INFO - [92/569] Retrieved info for Player ID 1630538
2025-06-20 16:17:37,607 - INFO - [93/569] Retrieved info for Player ID 1630539
2025-06-20 16:17:38,476 - INFO - [94/569] Retrieved info for Player ID 203084
2025-06-20 16:17:39,323 - INFO - [95/569] Retrieved info for Player ID 1630541
2025-06-20 16:17:40,175 - INFO - [96/569] Retrieved info for Player ID 1630542
2025-06-20 16:17:41,047 - INFO - [97/569] Retrieved info for Player ID 1630540
2025-06-20 16:17:41,901 - INFO - [98/569] Retrieved info for Player ID 203083
2025-06-20 16:17:42,753 - INFO - [99/569] Retrieved info for Player ID 1630545
2025-06-20 16:17:43,632 - INFO - [100/569] Retrieved info for Player ID 1630537
2025-06-20 16:17:44,476 - INFO - [101/569] Retrieved info for Player ID 1630544
2025-06-20 16:17:45,497 - INFO - [102/569] Retrieved info for Player ID 1630548
2025-06-20 16:17:46,404 - INFO - [103/569] Retrieved info for Player ID 1630549
2025-06-20 16:17:47,233 - INFO - [104/569] Retrieved info for Player ID 1630550
2025-06-20 16:17:48,139 - INFO - [105/569] Retrieved info for Player ID 1630551
2025-06-20 16:17:49,022 - INFO - [106/569] Retrieved info for Player ID 1630552
2025-06-20 16:17:49,883 - INFO - [107/569] Retrieved info for Player ID 1630553
2025-06-20 16:17:50,759 - INFO - [108/569] Retrieved info for Player ID 1630556
2025-06-20 16:17:51,608 - INFO - [109/569] Retrieved info for Player ID 1630557
2025-06-20 16:17:52,515 - INFO - [110/569] Retrieved info for Player ID 1630558
2025-06-20 16:17:53,423 - INFO - [111/569] Retrieved info for Player ID 1630559
2025-06-20 16:17:54,266 - INFO - [112/569] Retrieved info for Player ID 1630560
2025-06-20 16:17:55,124 - INFO - [113/569] Retrieved info for Player ID 1630561
2025-06-20 16:17:56,246 - INFO - [114/569] Retrieved info for Player ID 203109
2025-06-20 16:17:57,158 - INFO - [115/569] Retrieved info for Player ID 203110
2025-06-20 16:17:58,130 - INFO - [116/569] Retrieved info for Player ID 1630567
2025-06-20 16:17:58,976 - INFO - [117/569] Retrieved info for Player ID 1630568
2025-06-20 16:17:59,827 - INFO - [118/569] Retrieved info for Player ID 1630570
2025-06-20 16:18:00,737 - INFO - [119/569] Retrieved info for Player ID 203114
2025-06-20 16:18:01,591 - INFO - [120/569] Retrieved info for Player ID 1630572
2025-06-20 16:18:02,438 - INFO - [121/569] Retrieved info for Player ID 1630573
2025-06-20 16:18:03,284 - INFO - [122/569] Retrieved info for Player ID 1630574
2025-06-20 16:18:04,134 - INFO - [123/569] Retrieved info for Player ID 1630577
2025-06-20 16:18:04,990 - INFO - [124/569] Retrieved info for Player ID 1630578
2025-06-20 16:18:06,192 - INFO - [125/569] Retrieved info for Player ID 1630579
2025-06-20 16:18:07,070 - INFO - [126/569] Retrieved info for Player ID 1630581
2025-06-20 16:18:07,911 - INFO - [127/569] Retrieved info for Player ID 1630583
2025-06-20 16:18:08,768 - INFO - [128/569] Retrieved info for Player ID 1630585
2025-06-20 16:18:09,654 - INFO - [129/569] Retrieved info for Player ID 1630590
2025-06-20 16:18:10,497 - INFO - [130/569] Retrieved info for Player ID 1630591
2025-06-20 16:18:11,344 - INFO - [131/569] Retrieved info for Player ID 1630592
2025-06-20 16:18:12,199 - INFO - [132/569] Retrieved info for Player ID 1630595
2025-06-20 16:18:13,052 - INFO - [133/569] Retrieved info for Player ID 1630596
2025-06-20 16:18:13,914 - INFO - [134/569] Retrieved info for Player ID 1630598
2025-06-20 16:18:14,771 - INFO - [135/569] Retrieved info for Player ID 1630600
2025-06-20 16:18:15,621 - INFO - [136/569] Retrieved info for Player ID 1630604
2025-06-20 16:18:16,467 - INFO - [137/569] Retrieved info for Player ID 1630611
2025-06-20 16:18:17,366 - INFO - [138/569] Retrieved info for Player ID 1630618
2025-06-20 16:18:18,528 - INFO - [139/569] Retrieved info for Player ID 1630623
2025-06-20 16:18:19,403 - INFO - [140/569] Retrieved info for Player ID 1630625
2025-06-20 16:18:20,255 - INFO - [141/569] Retrieved info for Player ID 1630631
2025-06-20 16:18:21,134 - INFO - [142/569] Retrieved info for Player ID 1630639
2025-06-20 16:18:23,369 - INFO - [143/569] Retrieved info for Player ID 1630643
2025-06-20 16:18:24,204 - INFO - [144/569] Retrieved info for Player ID 1630644
2025-06-20 16:18:25,082 - INFO - [145/569] Retrieved info for Player ID 201142
2025-06-20 16:18:26,035 - INFO - [146/569] Retrieved info for Player ID 201143
2025-06-20 16:18:26,900 - INFO - [147/569] Retrieved info for Player ID 201144
2025-06-20 16:18:27,746 - INFO - [148/569] Retrieved info for Player ID 201145
2025-06-20 16:18:28,585 - INFO - [149/569] Retrieved info for Player ID 1630649
2025-06-20 16:18:29,515 - INFO - [150/569] Retrieved info for Player ID 1630658
2025-06-20 16:18:30,354 - INFO - [151/569] Retrieved info for Player ID 1630678
2025-06-20 16:18:31,382 - INFO - [152/569] Retrieved info for Player ID 1630692
2025-06-20 16:18:32,248 - INFO - [153/569] Retrieved info for Player ID 1630695
2025-06-20 16:18:33,148 - INFO - [154/569] Retrieved info for Player ID 1630696
2025-06-20 16:18:33,993 - INFO - [155/569] Retrieved info for Player ID 1630699
2025-06-20 16:18:34,849 - INFO - [156/569] Retrieved info for Player ID 1630700
2025-06-20 16:18:35,873 - INFO - [157/569] Retrieved info for Player ID 1630702
2025-06-20 16:18:36,723 - INFO - [158/569] Retrieved info for Player ID 1630703
2025-06-20 16:18:37,605 - INFO - [159/569] Retrieved info for Player ID 2544
2025-06-20 16:18:38,536 - INFO - [160/569] Retrieved info for Player ID 1630762
2025-06-20 16:18:39,415 - INFO - [161/569] Retrieved info for Player ID 1630811
2025-06-20 16:18:40,283 - INFO - [162/569] Retrieved info for Player ID 203458
2025-06-20 16:18:41,130 - INFO - [163/569] Retrieved info for Player ID 203468
2025-06-20 16:18:41,969 - INFO - [164/569] Retrieved info for Player ID 203471
2025-06-20 16:18:42,932 - INFO - [165/569] Retrieved info for Player ID 203482
2025-06-20 16:18:43,869 - INFO - [166/569] Retrieved info for Player ID 203484
2025-06-20 16:18:44,946 - INFO - [167/569] Retrieved info for Player ID 203486
2025-06-20 16:18:45,817 - INFO - [168/569] Retrieved info for Player ID 203497
2025-06-20 16:18:46,716 - INFO - [169/569] Retrieved info for Player ID 203500
2025-06-20 16:18:47,614 - INFO - [170/569] Retrieved info for Player ID 203501
2025-06-20 16:18:48,545 - INFO - [171/569] Retrieved info for Player ID 203507
2025-06-20 16:18:49,420 - INFO - [172/569] Retrieved info for Player ID 101108
2025-06-20 16:18:50,296 - INFO - [173/569] Retrieved info for Player ID 1628960
2025-06-20 16:18:51,140 - INFO - [174/569] Retrieved info for Player ID 203552
2025-06-20 16:18:51,986 - INFO - [175/569] Retrieved info for Player ID 1628963
2025-06-20 16:18:52,856 - INFO - [176/569] Retrieved info for Player ID 1628964
2025-06-20 16:18:53,745 - INFO - [177/569] Retrieved info for Player ID 1628969
2025-06-20 16:18:54,585 - INFO - [178/569] Retrieved info for Player ID 1628970
2025-06-20 16:18:55,585 - INFO - [179/569] Retrieved info for Player ID 1628971
2025-06-20 16:18:56,465 - INFO - [180/569] Retrieved info for Player ID 1628973
2025-06-20 16:18:57,429 - INFO - [181/569] Retrieved info for Player ID 1628975
2025-06-20 16:18:58,266 - INFO - [182/569] Retrieved info for Player ID 1628976
2025-06-20 16:18:59,113 - INFO - [183/569] Retrieved info for Player ID 1628978
2025-06-20 16:18:59,949 - INFO - [184/569] Retrieved info for Player ID 1628981
2025-06-20 16:19:00,794 - INFO - [185/569] Retrieved info for Player ID 1628983
2025-06-20 16:19:01,636 - INFO - [186/569] Retrieved info for Player ID 1628988
2025-06-20 16:19:02,545 - INFO - [187/569] Retrieved info for Player ID 1628989
2025-06-20 16:19:03,395 - INFO - [188/569] Retrieved info for Player ID 1628991
2025-06-20 16:19:04,242 - INFO - [189/569] Retrieved info for Player ID 1628995
2025-06-20 16:19:05,132 - INFO - [190/569] Retrieved info for Player ID 1628997
2025-06-20 16:19:06,012 - INFO - [191/569] Retrieved info for Player ID 1628998
2025-06-20 16:19:06,856 - INFO - [192/569] Retrieved info for Player ID 1629001
2025-06-20 16:19:07,758 - INFO - [193/569] Retrieved info for Player ID 1629003
2025-06-20 16:19:08,683 - INFO - [194/569] Retrieved info for Player ID 1629004
2025-06-20 16:19:09,578 - INFO - [195/569] Retrieved info for Player ID 1629006
2025-06-20 16:19:10,485 - INFO - [196/569] Retrieved info for Player ID 1629008
2025-06-20 16:19:11,358 - INFO - [197/569] Retrieved info for Player ID 1629011
2025-06-20 16:19:12,213 - INFO - [198/569] Retrieved info for Player ID 1629012
2025-06-20 16:19:13,093 - INFO - [199/569] Retrieved info for Player ID 1629013
2025-06-20 16:19:14,030 - INFO - [200/569] Retrieved info for Player ID 1629014
2025-06-20 16:19:14,895 - INFO - [201/569] Retrieved info for Player ID 1629018
2025-06-20 16:19:15,811 - INFO - [202/569] Retrieved info for Player ID 1629020
2025-06-20 16:19:16,719 - INFO - [203/569] Retrieved info for Player ID 1629021
2025-06-20 16:19:17,584 - INFO - [204/569] Retrieved info for Player ID 1629022
2025-06-20 16:19:18,432 - INFO - [205/569] Retrieved info for Player ID 201566
2025-06-20 16:19:19,296 - INFO - [206/569] Retrieved info for Player ID 1629023
2025-06-20 16:19:20,148 - INFO - [207/569] Retrieved info for Player ID 201567
2025-06-20 16:19:20,994 - INFO - [208/569] Retrieved info for Player ID 1629026
2025-06-20 16:19:21,867 - INFO - [209/569] Retrieved info for Player ID 1629027
2025-06-20 16:19:22,751 - INFO - [210/569] Retrieved info for Player ID 201572
2025-06-20 16:19:23,619 - INFO - [211/569] Retrieved info for Player ID 1629029
2025-06-20 16:19:24,472 - INFO - [212/569] Retrieved info for Player ID 1629028
2025-06-20 16:19:25,345 - INFO - [213/569] Retrieved info for Player ID 201569
2025-06-20 16:19:26,219 - INFO - [214/569] Retrieved info for Player ID 201587
2025-06-20 16:19:27,074 - INFO - [215/569] Retrieved info for Player ID 1631093
2025-06-20 16:19:28,203 - INFO - [216/569] Retrieved info for Player ID 1631094
2025-06-20 16:19:29,040 - INFO - [217/569] Retrieved info for Player ID 1631095
2025-06-20 16:19:30,416 - INFO - [218/569] Retrieved info for Player ID 1629048
2025-06-20 16:19:31,365 - INFO - [219/569] Retrieved info for Player ID 1631097
2025-06-20 16:19:32,243 - INFO - [220/569] Retrieved info for Player ID 1631096
2025-06-20 16:19:33,089 - INFO - [221/569] Retrieved info for Player ID 1631099
2025-06-20 16:19:33,944 - INFO - [222/569] Retrieved info for Player ID 1629052
2025-06-20 16:19:34,867 - INFO - [223/569] Retrieved info for Player ID 1631101
2025-06-20 16:19:35,740 - INFO - [224/569] Retrieved info for Player ID 1631102
2025-06-20 16:19:36,626 - INFO - [225/569] Retrieved info for Player ID 1631103
2025-06-20 16:19:38,477 - INFO - [226/569] Retrieved info for Player ID 1629056
2025-06-20 16:19:40,239 - INFO - [227/569] Retrieved info for Player ID 1631105
2025-06-20 16:19:41,081 - INFO - [228/569] Retrieved info for Player ID 201599
2025-06-20 16:19:41,938 - INFO - [229/569] Retrieved info for Player ID 1631104
2025-06-20 16:19:42,813 - INFO - [230/569] Retrieved info for Player ID 1631108
2025-06-20 16:19:43,727 - INFO - [231/569] Retrieved info for Player ID 1631106
2025-06-20 16:19:44,596 - INFO - [232/569] Retrieved info for Player ID 1629060
2025-06-20 16:19:45,455 - INFO - [233/569] Retrieved info for Player ID 1631111
2025-06-20 16:19:46,365 - INFO - [234/569] Retrieved info for Player ID 1631109
2025-06-20 16:19:47,280 - INFO - [235/569] Retrieved info for Player ID 1631110
2025-06-20 16:19:48,120 - INFO - [236/569] Retrieved info for Player ID 1631114
2025-06-20 16:19:49,041 - INFO - [237/569] Retrieved info for Player ID 1631115
2025-06-20 16:19:49,892 - INFO - [238/569] Retrieved info for Player ID 1631116
2025-06-20 16:19:51,185 - INFO - [239/569] Retrieved info for Player ID 1631117
2025-06-20 16:19:52,167 - INFO - [240/569] Retrieved info for Player ID 1631119
2025-06-20 16:19:53,907 - INFO - [241/569] Retrieved info for Player ID 1631120
2025-06-20 16:19:54,770 - INFO - [242/569] Retrieved info for Player ID 1631121
2025-06-20 16:19:55,672 - INFO - [243/569] Retrieved info for Player ID 1631123
2025-06-20 16:19:56,599 - INFO - [244/569] Retrieved info for Player ID 1631124
2025-06-20 16:19:57,470 - INFO - [245/569] Retrieved info for Player ID 1631127
2025-06-20 16:19:58,534 - INFO - [246/569] Retrieved info for Player ID 1631128
2025-06-20 16:19:59,369 - INFO - [247/569] Retrieved info for Player ID 1631131
2025-06-20 16:20:00,263 - INFO - [248/569] Retrieved info for Player ID 1631132
2025-06-20 16:20:01,124 - INFO - [249/569] Retrieved info for Player ID 1631133
2025-06-20 16:20:02,009 - INFO - [250/569] Retrieved info for Player ID 1629098
2025-06-20 16:20:02,921 - INFO - [251/569] Retrieved info for Player ID 1631157
2025-06-20 16:20:03,776 - INFO - [252/569] Retrieved info for Player ID 1629111
2025-06-20 16:20:04,623 - INFO - [253/569] Retrieved info for Player ID 1631159
2025-06-20 16:20:05,468 - INFO - [254/569] Retrieved info for Player ID 1631165
2025-06-20 16:20:06,322 - INFO - [255/569] Retrieved info for Player ID 1631166
2025-06-20 16:20:07,188 - INFO - [256/569] Retrieved info for Player ID 1631169
2025-06-20 16:20:08,037 - INFO - [257/569] Retrieved info for Player ID 1631170
2025-06-20 16:20:08,965 - INFO - [258/569] Retrieved info for Player ID 1631172
2025-06-20 16:20:09,803 - INFO - [259/569] Retrieved info for Player ID 1629130
2025-06-20 16:20:10,694 - INFO - [260/569] Retrieved info for Player ID 1631197
2025-06-20 16:20:11,526 - INFO - [261/569] Retrieved info for Player ID 1631199
2025-06-20 16:20:12,370 - INFO - [262/569] Retrieved info for Player ID 1631200
2025-06-20 16:20:13,261 - INFO - [263/569] Retrieved info for Player ID 1631204
2025-06-20 16:20:14,136 - INFO - [264/569] Retrieved info for Player ID 1631207
2025-06-20 16:20:14,982 - INFO - [265/569] Retrieved info for Player ID 1631209
2025-06-20 16:20:15,848 - INFO - [266/569] Retrieved info for Player ID 1629162
2025-06-20 16:20:16,708 - INFO - [267/569] Retrieved info for Player ID 1631210
2025-06-20 16:20:17,552 - INFO - [268/569] Retrieved info for Player ID 1631212
2025-06-20 16:20:18,397 - INFO - [269/569] Retrieved info for Player ID 1631213
2025-06-20 16:20:19,242 - INFO - [270/569] Retrieved info for Player ID 1631214
2025-06-20 16:20:20,131 - INFO - [271/569] Retrieved info for Player ID 1631216
2025-06-20 16:20:20,974 - INFO - [272/569] Retrieved info for Player ID 1631217
2025-06-20 16:20:21,818 - INFO - [273/569] Retrieved info for Player ID 1631218
2025-06-20 16:20:22,675 - INFO - [274/569] Retrieved info for Player ID 1631221
2025-06-20 16:20:23,707 - INFO - [275/569] Retrieved info for Player ID 1631222
2025-06-20 16:20:24,625 - INFO - [276/569] Retrieved info for Player ID 1631223
2025-06-20 16:20:25,464 - INFO - [277/569] Retrieved info for Player ID 1631230
2025-06-20 16:20:26,310 - INFO - [278/569] Retrieved info for Player ID 1631232
2025-06-20 16:20:27,204 - INFO - [279/569] Retrieved info for Player ID 1631243
2025-06-20 16:20:28,076 - INFO - [280/569] Retrieved info for Player ID 1631245
2025-06-20 16:20:28,935 - INFO - [281/569] Retrieved info for Player ID 1631246
2025-06-20 16:20:29,837 - INFO - [282/569] Retrieved info for Player ID 1631247
2025-06-20 16:20:30,687 - INFO - [283/569] Retrieved info for Player ID 1631248
2025-06-20 16:20:32,005 - INFO - [284/569] Retrieved info for Player ID 1631250
2025-06-20 16:20:32,878 - INFO - [285/569] Retrieved info for Player ID 1631255
2025-06-20 16:20:33,740 - INFO - [286/569] Retrieved info for Player ID 1642272
2025-06-20 16:20:34,592 - INFO - [287/569] Retrieved info for Player ID 1631260
2025-06-20 16:20:35,441 - INFO - [288/569] Retrieved info for Player ID 1629216
2025-06-20 16:20:36,285 - INFO - [289/569] Retrieved info for Player ID 1629234
2025-06-20 16:20:37,143 - INFO - [290/569] Retrieved info for Player ID 1631288
2025-06-20 16:20:38,008 - INFO - [291/569] Retrieved info for Player ID 1631301
2025-06-20 16:20:38,852 - INFO - [292/569] Retrieved info for Player ID 1631303
2025-06-20 16:20:39,716 - INFO - [293/569] Retrieved info for Player ID 1631306
2025-06-20 16:20:40,581 - INFO - [294/569] Retrieved info for Player ID 1631311
2025-06-20 16:20:41,432 - INFO - [295/569] Retrieved info for Player ID 1631321
2025-06-20 16:20:42,293 - INFO - [296/569] Retrieved info for Player ID 1631323
2025-06-20 16:20:43,212 - INFO - [297/569] Retrieved info for Player ID 1631342
2025-06-20 16:20:44,166 - INFO - [298/569] Retrieved info for Player ID 203897
2025-06-20 16:20:45,043 - INFO - [299/569] Retrieved info for Player ID 203901
2025-06-20 16:20:45,924 - INFO - [300/569] Retrieved info for Player ID 203903
2025-06-20 16:20:46,773 - INFO - [301/569] Retrieved info for Player ID 1629312
2025-06-20 16:20:47,638 - INFO - [302/569] Retrieved info for Player ID 203914
2025-06-20 16:20:48,504 - INFO - [303/569] Retrieved info for Player ID 203915
2025-06-20 16:20:49,353 - INFO - [304/569] Retrieved info for Player ID 203924
2025-06-20 16:20:50,296 - INFO - [305/569] Retrieved info for Player ID 203926
2025-06-20 16:20:51,154 - INFO - [306/569] Retrieved info for Player ID 1631386
2025-06-20 16:20:51,993 - INFO - [307/569] Retrieved info for Player ID 203932
2025-06-20 16:20:52,897 - INFO - [308/569] Retrieved info for Player ID 203935
2025-06-20 16:20:53,772 - INFO - [309/569] Retrieved info for Player ID 203937
2025-06-20 16:20:54,609 - INFO - [310/569] Retrieved info for Player ID 203939
2025-06-20 16:20:55,461 - INFO - [311/569] Retrieved info for Player ID 203944
2025-06-20 16:20:56,336 - INFO - [312/569] Retrieved info for Player ID 203952
2025-06-20 16:20:57,270 - INFO - [313/569] Retrieved info for Player ID 203954
2025-06-20 16:20:58,337 - INFO - [314/569] Retrieved info for Player ID 203957
2025-06-20 16:20:59,210 - INFO - [315/569] Retrieved info for Player ID 203967
2025-06-20 16:21:00,687 - INFO - [316/569] Retrieved info for Player ID 201935
2025-06-20 16:21:01,586 - INFO - [317/569] Retrieved info for Player ID 201939
2025-06-20 16:21:02,524 - INFO - [318/569] Retrieved info for Player ID 201942
2025-06-20 16:21:03,395 - INFO - [319/569] Retrieved info for Player ID 203991
2025-06-20 16:21:04,375 - INFO - [320/569] Retrieved info for Player ID 203992
2025-06-20 16:21:05,328 - INFO - [321/569] Retrieved info for Player ID 203994
2025-06-20 16:21:06,173 - INFO - [322/569] Retrieved info for Player ID 203995
2025-06-20 16:21:07,043 - INFO - [323/569] Retrieved info for Player ID 201949
2025-06-20 16:21:07,884 - INFO - [324/569] Retrieved info for Player ID 201950
2025-06-20 16:21:08,797 - INFO - [325/569] Retrieved info for Player ID 203999
2025-06-20 16:21:09,664 - INFO - [326/569] Retrieved info for Player ID 204001
2025-06-20 16:21:10,576 - INFO - [327/569] Retrieved info for Player ID 201959
2025-06-20 16:21:11,431 - INFO - [328/569] Retrieved info for Player ID 1641705
2025-06-20 16:21:12,278 - INFO - [329/569] Retrieved info for Player ID 1631466
2025-06-20 16:21:13,219 - INFO - [330/569] Retrieved info for Player ID 1641706
2025-06-20 16:21:14,063 - INFO - [331/569] Retrieved info for Player ID 1641708
2025-06-20 16:21:14,921 - INFO - [332/569] Retrieved info for Player ID 1641709
2025-06-20 16:21:15,788 - INFO - [333/569] Retrieved info for Player ID 1641710
2025-06-20 16:21:16,642 - INFO - [334/569] Retrieved info for Player ID 1641711
2025-06-20 16:21:17,485 - INFO - [335/569] Retrieved info for Player ID 1641712
2025-06-20 16:21:18,352 - INFO - [336/569] Retrieved info for Player ID 1641713
2025-06-20 16:21:19,230 - INFO - [337/569] Retrieved info for Player ID 1641707
2025-06-20 16:21:20,076 - INFO - [338/569] Retrieved info for Player ID 1641715
2025-06-20 16:21:20,913 - INFO - [339/569] Retrieved info for Player ID 1641716
2025-06-20 16:21:21,810 - INFO - [340/569] Retrieved info for Player ID 1641717
2025-06-20 16:21:22,700 - INFO - [341/569] Retrieved info for Player ID 1641718
2025-06-20 16:21:23,548 - INFO - [342/569] Retrieved info for Player ID 1641720
2025-06-20 16:21:24,404 - INFO - [343/569] Retrieved info for Player ID 1641721
2025-06-20 16:21:25,256 - INFO - [344/569] Retrieved info for Player ID 1641722
2025-06-20 16:21:26,518 - INFO - [345/569] Retrieved info for Player ID 1641723
2025-06-20 16:21:27,360 - INFO - [346/569] Retrieved info for Player ID 1641724
2025-06-20 16:21:28,247 - INFO - [347/569] Retrieved info for Player ID 1641725
2025-06-20 16:21:29,087 - INFO - [348/569] Retrieved info for Player ID 1641726
2025-06-20 16:21:29,976 - INFO - [349/569] Retrieved info for Player ID 1641727
2025-06-20 16:21:30,821 - INFO - [350/569] Retrieved info for Player ID 1641729
2025-06-20 16:21:31,671 - INFO - [351/569] Retrieved info for Player ID 1641730
2025-06-20 16:21:32,517 - INFO - [352/569] Retrieved info for Player ID 1641731
2025-06-20 16:21:33,375 - INFO - [353/569] Retrieved info for Player ID 1641732
2025-06-20 16:21:34,213 - INFO - [354/569] Retrieved info for Player ID 1641733
2025-06-20 16:21:35,074 - INFO - [355/569] Retrieved info for Player ID 1641734
2025-06-20 16:21:35,940 - INFO - [356/569] Retrieved info for Player ID 201988
2025-06-20 16:21:36,808 - INFO - [357/569] Retrieved info for Player ID 1641736
2025-06-20 16:21:37,676 - INFO - [358/569] Retrieved info for Player ID 1641737
2025-06-20 16:21:38,588 - INFO - [359/569] Retrieved info for Player ID 1641738
2025-06-20 16:21:39,493 - INFO - [360/569] Retrieved info for Player ID 1641739
2025-06-20 16:21:40,406 - INFO - [361/569] Retrieved info for Player ID 1641740
2025-06-20 16:21:41,261 - INFO - [362/569] Retrieved info for Player ID 1641741
2025-06-20 16:21:42,115 - INFO - [363/569] Retrieved info for Player ID 1641744
2025-06-20 16:21:42,996 - INFO - [364/569] Retrieved info for Player ID 1641745
2025-06-20 16:21:43,853 - INFO - [365/569] Retrieved info for Player ID 1641748
2025-06-20 16:21:44,720 - INFO - [366/569] Retrieved info for Player ID 1641752
2025-06-20 16:21:45,568 - INFO - [367/569] Retrieved info for Player ID 1641753
2025-06-20 16:21:46,445 - INFO - [368/569] Retrieved info for Player ID 1641755
2025-06-20 16:21:47,309 - INFO - [369/569] Retrieved info for Player ID 204060
2025-06-20 16:21:48,154 - INFO - [370/569] Retrieved info for Player ID 1641757
2025-06-20 16:21:49,014 - INFO - [371/569] Retrieved info for Player ID 1641763
2025-06-20 16:21:49,874 - INFO - [372/569] Retrieved info for Player ID 1641764
2025-06-20 16:21:50,757 - INFO - [373/569] Retrieved info for Player ID 1641765
2025-06-20 16:21:51,721 - INFO - [374/569] Retrieved info for Player ID 1641766
2025-06-20 16:21:52,568 - INFO - [375/569] Retrieved info for Player ID 1641767
2025-06-20 16:21:53,469 - INFO - [376/569] Retrieved info for Player ID 1641772
2025-06-20 16:21:54,348 - INFO - [377/569] Retrieved info for Player ID 1641774
2025-06-20 16:21:55,200 - INFO - [378/569] Retrieved info for Player ID 1641775
2025-06-20 16:21:56,071 - INFO - [379/569] Retrieved info for Player ID 1641779
2025-06-20 16:21:56,933 - INFO - [380/569] Retrieved info for Player ID 1641783
2025-06-20 16:21:57,818 - INFO - [381/569] Retrieved info for Player ID 1641787
2025-06-20 16:21:58,718 - INFO - [382/569] Retrieved info for Player ID 1641789
2025-06-20 16:21:59,567 - INFO - [383/569] Retrieved info for Player ID 1641790
2025-06-20 16:22:00,680 - INFO - [384/569] Retrieved info for Player ID 1641794
2025-06-20 16:22:01,587 - INFO - [385/569] Retrieved info for Player ID 1641796
2025-06-20 16:22:02,439 - INFO - [386/569] Retrieved info for Player ID 1641798
2025-06-20 16:22:03,406 - INFO - [387/569] Retrieved info for Player ID 1641801
2025-06-20 16:22:04,297 - INFO - [388/569] Retrieved info for Player ID 1641803
2025-06-20 16:22:05,147 - INFO - [389/569] Retrieved info for Player ID 1641809
2025-06-20 16:22:05,992 - INFO - [390/569] Retrieved info for Player ID 1641810
2025-06-20 16:22:06,851 - INFO - [391/569] Retrieved info for Player ID 202066
2025-06-20 16:22:07,698 - INFO - [392/569] Retrieved info for Player ID 1641815
2025-06-20 16:22:08,596 - INFO - [393/569] Retrieved info for Player ID 1641816
2025-06-20 16:22:09,471 - INFO - [394/569] Retrieved info for Player ID 1641817
2025-06-20 16:22:10,317 - INFO - [395/569] Retrieved info for Player ID 1641824
2025-06-20 16:22:11,172 - INFO - [396/569] Retrieved info for Player ID 1641842
2025-06-20 16:22:12,009 - INFO - [397/569] Retrieved info for Player ID 1641854
2025-06-20 16:22:12,864 - INFO - [398/569] Retrieved info for Player ID 1641857
2025-06-20 16:22:13,704 - INFO - [399/569] Retrieved info for Player ID 1641871
2025-06-20 16:22:14,552 - INFO - [400/569] Retrieved info for Player ID 1641878
2025-06-20 16:22:15,424 - INFO - [401/569] Retrieved info for Player ID 1641879
2025-06-20 16:22:16,262 - INFO - [402/569] Retrieved info for Player ID 1630543
2025-06-20 16:22:17,140 - INFO - [403/569] Retrieved info for Player ID 1629599
2025-06-20 16:22:17,985 - INFO - [404/569] Retrieved info for Player ID 1641890
2025-06-20 16:22:18,839 - INFO - [405/569] Retrieved info for Player ID 1629610
2025-06-20 16:22:19,697 - INFO - [406/569] Retrieved info for Player ID 1629611
2025-06-20 16:22:20,534 - INFO - [407/569] Retrieved info for Player ID 1629614
2025-06-20 16:22:21,374 - INFO - [408/569] Retrieved info for Player ID 1629618
2025-06-20 16:22:22,206 - INFO - [409/569] Retrieved info for Player ID 1629622
2025-06-20 16:22:23,045 - INFO - [410/569] Retrieved info for Player ID 1629626
2025-06-20 16:22:23,892 - INFO - [411/569] Retrieved info for Player ID 1629627
2025-06-20 16:22:24,727 - INFO - [412/569] Retrieved info for Player ID 1629628
2025-06-20 16:22:25,562 - INFO - [413/569] Retrieved info for Player ID 1629629
2025-06-20 16:22:26,408 - INFO - [414/569] Retrieved info for Player ID 1629630
2025-06-20 16:22:27,262 - INFO - [415/569] Retrieved info for Player ID 1629631
2025-06-20 16:22:28,113 - INFO - [416/569] Retrieved info for Player ID 1629632
2025-06-20 16:22:28,950 - INFO - [417/569] Retrieved info for Player ID 1629634
2025-06-20 16:22:29,804 - INFO - [418/569] Retrieved info for Player ID 1629636
2025-06-20 16:22:30,657 - INFO - [419/569] Retrieved info for Player ID 1629637
2025-06-20 16:22:31,530 - INFO - [420/569] Retrieved info for Player ID 1629638
2025-06-20 16:22:32,399 - INFO - [421/569] Retrieved info for Player ID 1629639
2025-06-20 16:22:33,262 - INFO - [422/569] Retrieved info for Player ID 1629640
2025-06-20 16:22:34,425 - INFO - [423/569] Retrieved info for Player ID 1629643
2025-06-20 16:22:35,258 - INFO - [424/569] Retrieved info for Player ID 1629645
2025-06-20 16:22:36,149 - INFO - [425/569] Retrieved info for Player ID 1629646
2025-06-20 16:22:37,011 - INFO - [426/569] Retrieved info for Player ID 1641936
2025-06-20 16:22:37,885 - INFO - [427/569] Retrieved info for Player ID 1629650
2025-06-20 16:22:38,761 - INFO - [428/569] Retrieved info for Player ID 1629651
2025-06-20 16:22:39,598 - INFO - [429/569] Retrieved info for Player ID 1629652
2025-06-20 16:22:40,484 - INFO - [430/569] Retrieved info for Player ID 1629655
2025-06-20 16:22:41,320 - INFO - [431/569] Retrieved info for Player ID 1629656
2025-06-20 16:22:42,162 - INFO - [432/569] Retrieved info for Player ID 1629659
2025-06-20 16:22:43,036 - INFO - [433/569] Retrieved info for Player ID 1629660
2025-06-20 16:22:43,901 - INFO - [434/569] Retrieved info for Player ID 1629661
2025-06-20 16:22:44,748 - INFO - [435/569] Retrieved info for Player ID 1629667
2025-06-20 16:22:45,603 - INFO - [436/569] Retrieved info for Player ID 1629669
2025-06-20 16:22:46,457 - INFO - [437/569] Retrieved info for Player ID 1629673
2025-06-20 16:22:47,365 - INFO - [438/569] Retrieved info for Player ID 1629674
2025-06-20 16:22:48,231 - INFO - [439/569] Retrieved info for Player ID 1629675
2025-06-20 16:22:49,075 - INFO - [440/569] Retrieved info for Player ID 1629680
2025-06-20 16:22:49,914 - INFO - [441/569] Retrieved info for Player ID 1629684
2025-06-20 16:22:50,758 - INFO - [442/569] Retrieved info for Player ID 1641989
2025-06-20 16:22:51,617 - INFO - [443/569] Retrieved info for Player ID 1641998
2025-06-20 16:22:52,552 - INFO - [444/569] Retrieved info for Player ID 1629723
2025-06-20 16:22:53,409 - INFO - [445/569] Retrieved info for Player ID 1629726
2025-06-20 16:22:54,253 - INFO - [446/569] Retrieved info for Player ID 1629731
2025-06-20 16:22:55,109 - INFO - [447/569] Retrieved info for Player ID 1630164
2025-06-20 16:22:55,956 - INFO - [448/569] Retrieved info for Player ID 1642024
2025-06-20 16:22:56,802 - INFO - [449/569] Retrieved info for Player ID 1630165
2025-06-20 16:22:57,676 - INFO - [450/569] Retrieved info for Player ID 1630166
2025-06-20 16:22:58,514 - INFO - [451/569] Retrieved info for Player ID 1629750
2025-06-20 16:22:59,386 - INFO - [452/569] Retrieved info for Player ID 1642050
2025-06-20 16:23:00,267 - INFO - [453/569] Retrieved info for Player ID 1627732
2025-06-20 16:23:01,109 - INFO - [454/569] Retrieved info for Player ID 1627734
2025-06-20 16:23:01,960 - INFO - [455/569] Retrieved info for Player ID 1627736
2025-06-20 16:23:02,809 - INFO - [456/569] Retrieved info for Player ID 1627739
2025-06-20 16:23:03,651 - INFO - [457/569] Retrieved info for Player ID 202331
2025-06-20 16:23:04,511 - INFO - [458/569] Retrieved info for Player ID 1627741
2025-06-20 16:23:05,405 - INFO - [459/569] Retrieved info for Player ID 1627742
2025-06-20 16:23:06,241 - INFO - [460/569] Retrieved info for Player ID 1627746
2025-06-20 16:23:07,137 - INFO - [461/569] Retrieved info for Player ID 1627747
2025-06-20 16:23:08,040 - INFO - [462/569] Retrieved info for Player ID 1627749
2025-06-20 16:23:08,888 - INFO - [463/569] Retrieved info for Player ID 1627750
2025-06-20 16:23:09,728 - INFO - [464/569] Retrieved info for Player ID 1627751
2025-06-20 16:23:10,597 - INFO - [465/569] Retrieved info for Player ID 1627752
2025-06-20 16:23:11,545 - INFO - [466/569] Retrieved info for Player ID 1627759
2025-06-20 16:23:12,467 - INFO - [467/569] Retrieved info for Player ID 1627763
2025-06-20 16:23:13,319 - INFO - [468/569] Retrieved info for Player ID 1627777
2025-06-20 16:23:14,178 - INFO - [469/569] Retrieved info for Player ID 1627780
2025-06-20 16:23:15,035 - INFO - [470/569] Retrieved info for Player ID 1627783
2025-06-20 16:23:15,870 - INFO - [471/569] Retrieved info for Player ID 1627814
2025-06-20 16:23:16,734 - INFO - [472/569] Retrieved info for Player ID 204456
2025-06-20 16:23:17,580 - INFO - [473/569] Retrieved info for Player ID 1627824
2025-06-20 16:23:18,418 - INFO - [474/569] Retrieved info for Player ID 1627826
2025-06-20 16:23:19,280 - INFO - [475/569] Retrieved info for Player ID 1627827
2025-06-20 16:23:20,120 - INFO - [476/569] Retrieved info for Player ID 1627832
2025-06-20 16:23:20,961 - INFO - [477/569] Retrieved info for Player ID 1627884
2025-06-20 16:23:21,831 - INFO - [478/569] Retrieved info for Player ID 1642258
2025-06-20 16:23:22,676 - INFO - [479/569] Retrieved info for Player ID 1642259
2025-06-20 16:23:23,549 - INFO - [480/569] Retrieved info for Player ID 1642261
2025-06-20 16:23:24,408 - INFO - [481/569] Retrieved info for Player ID 1642262
2025-06-20 16:23:25,248 - INFO - [482/569] Retrieved info for Player ID 1642263
2025-06-20 16:23:26,084 - INFO - [483/569] Retrieved info for Player ID 1642264
2025-06-20 16:23:26,943 - INFO - [484/569] Retrieved info for Player ID 1642265
2025-06-20 16:23:27,786 - INFO - [485/569] Retrieved info for Player ID 1642266
2025-06-20 16:23:28,686 - INFO - [486/569] Retrieved info for Player ID 1642267
2025-06-20 16:23:29,532 - INFO - [487/569] Retrieved info for Player ID 1642268
2025-06-20 16:23:30,436 - INFO - [488/569] Retrieved info for Player ID 1642269
2025-06-20 16:23:31,304 - INFO - [489/569] Retrieved info for Player ID 1642270
2025-06-20 16:23:32,155 - INFO - [490/569] Retrieved info for Player ID 1642271
2025-06-20 16:23:33,009 - INFO - [491/569] Retrieved info for Player ID 1627936
2025-06-20 16:23:33,868 - INFO - [492/569] Retrieved info for Player ID 1642273
2025-06-20 16:23:34,866 - INFO - [493/569] Retrieved info for Player ID 1642274
2025-06-20 16:23:35,765 - INFO - [494/569] Retrieved info for Player ID 1642275
2025-06-20 16:23:36,616 - INFO - [495/569] Retrieved info for Player ID 1642276
2025-06-20 16:23:37,483 - INFO - [496/569] Retrieved info for Player ID 1642277
2025-06-20 16:23:38,323 - INFO - [497/569] Retrieved info for Player ID 1642278
2025-06-20 16:23:39,169 - INFO - [498/569] Retrieved info for Player ID 1642279
2025-06-20 16:23:40,023 - INFO - [499/569] Retrieved info for Player ID 1642280
2025-06-20 16:23:40,868 - INFO - [500/569] Retrieved info for Player ID 1642281
2025-06-20 16:23:41,705 - INFO - [501/569] Retrieved info for Player ID 1642285
2025-06-20 16:23:42,548 - INFO - [502/569] Retrieved info for Player ID 1642345
2025-06-20 16:23:43,382 - INFO - [503/569] Retrieved info for Player ID 1642346
2025-06-20 16:23:44,213 - INFO - [504/569] Retrieved info for Player ID 1642347
2025-06-20 16:23:45,057 - INFO - [505/569] Retrieved info for Player ID 1642348
2025-06-20 16:23:45,908 - INFO - [506/569] Retrieved info for Player ID 1642349
2025-06-20 16:23:46,753 - INFO - [507/569] Retrieved info for Player ID 1642352
2025-06-20 16:23:47,594 - INFO - [508/569] Retrieved info for Player ID 1642353
2025-06-20 16:23:48,442 - INFO - [509/569] Retrieved info for Player ID 1642354
2025-06-20 16:23:49,296 - INFO - [510/569] Retrieved info for Player ID 1642355
2025-06-20 16:23:50,227 - INFO - [511/569] Retrieved info for Player ID 1642358
2025-06-20 16:23:51,089 - INFO - [512/569] Retrieved info for Player ID 1642359
2025-06-20 16:23:51,938 - INFO - [513/569] Retrieved info for Player ID 1642366
2025-06-20 16:23:52,836 - INFO - [514/569] Retrieved info for Player ID 1642367
2025-06-20 16:23:53,686 - INFO - [515/569] Retrieved info for Player ID 1642368
2025-06-20 16:23:54,574 - INFO - [516/569] Retrieved info for Player ID 1642377
2025-06-20 16:23:55,417 - INFO - [517/569] Retrieved info for Player ID 1642382
2025-06-20 16:23:56,250 - INFO - [518/569] Retrieved info for Player ID 1642384
2025-06-20 16:23:57,100 - INFO - [519/569] Retrieved info for Player ID 1642385
2025-06-20 16:23:57,979 - INFO - [520/569] Retrieved info for Player ID 1642389
2025-06-20 16:23:58,828 - INFO - [521/569] Retrieved info for Player ID 1642399
2025-06-20 16:23:59,684 - INFO - [522/569] Retrieved info for Player ID 1642402
2025-06-20 16:24:00,527 - INFO - [523/569] Retrieved info for Player ID 1642403
2025-06-20 16:24:01,424 - INFO - [524/569] Retrieved info for Player ID 1642419
2025-06-20 16:24:02,286 - INFO - [525/569] Retrieved info for Player ID 1642422
2025-06-20 16:24:03,149 - INFO - [526/569] Retrieved info for Player ID 202681
2025-06-20 16:24:04,032 - INFO - [527/569] Retrieved info for Player ID 202684
2025-06-20 16:24:04,931 - INFO - [528/569] Retrieved info for Player ID 202685
2025-06-20 16:24:05,804 - INFO - [529/569] Retrieved info for Player ID 202687
2025-06-20 16:24:06,659 - INFO - [530/569] Retrieved info for Player ID 1642434
2025-06-20 16:24:07,558 - INFO - [531/569] Retrieved info for Player ID 202691
2025-06-20 16:24:08,410 - INFO - [532/569] Retrieved info for Player ID 202692
2025-06-20 16:24:09,303 - INFO - [533/569] Retrieved info for Player ID 202693
2025-06-20 16:24:10,183 - INFO - [534/569] Retrieved info for Player ID 202695
2025-06-20 16:24:11,040 - INFO - [535/569] Retrieved info for Player ID 202696
2025-06-20 16:24:11,968 - INFO - [536/569] Retrieved info for Player ID 1642439
2025-06-20 16:24:12,833 - INFO - [537/569] Retrieved info for Player ID 202699
2025-06-20 16:24:13,669 - INFO - [538/569] Retrieved info for Player ID 1642443
2025-06-20 16:24:14,513 - INFO - [539/569] Retrieved info for Player ID 202704
2025-06-20 16:24:15,381 - INFO - [540/569] Retrieved info for Player ID 1642449
2025-06-20 16:24:16,321 - INFO - [541/569] Retrieved info for Player ID 1630162
2025-06-20 16:24:17,171 - INFO - [542/569] Retrieved info for Player ID 1642450
2025-06-20 16:24:18,046 - INFO - [543/569] Retrieved info for Player ID 1630163
2025-06-20 16:24:18,930 - INFO - [544/569] Retrieved info for Player ID 202709
2025-06-20 16:24:19,774 - INFO - [545/569] Retrieved info for Player ID 202710
2025-06-20 16:24:20,657 - INFO - [546/569] Retrieved info for Player ID 1630167
2025-06-20 16:24:21,514 - INFO - [547/569] Retrieved info for Player ID 1630168
2025-06-20 16:24:22,439 - INFO - [548/569] Retrieved info for Player ID 1630169
2025-06-20 16:24:23,392 - INFO - [549/569] Retrieved info for Player ID 1630170
2025-06-20 16:24:24,241 - INFO - [550/569] Retrieved info for Player ID 1630171
2025-06-20 16:24:25,100 - INFO - [551/569] Retrieved info for Player ID 1630172
2025-06-20 16:24:25,950 - INFO - [552/569] Retrieved info for Player ID 1630173
2025-06-20 16:24:26,847 - INFO - [553/569] Retrieved info for Player ID 1630174
2025-06-20 16:24:27,724 - INFO - [554/569] Retrieved info for Player ID 1630175
2025-06-20 16:24:28,577 - INFO - [555/569] Retrieved info for Player ID 1642461
2025-06-20 16:24:29,441 - INFO - [556/569] Retrieved info for Player ID 1630178
2025-06-20 16:24:30,317 - INFO - [557/569] Retrieved info for Player ID 1630182
2025-06-20 16:24:31,178 - INFO - [558/569] Retrieved info for Player ID 1630183
2025-06-20 16:24:32,029 - INFO - [559/569] Retrieved info for Player ID 1630188
2025-06-20 16:24:32,870 - INFO - [560/569] Retrieved info for Player ID 1630191
2025-06-20 16:24:33,776 - INFO - [561/569] Retrieved info for Player ID 1630192
2025-06-20 16:24:34,652 - INFO - [562/569] Retrieved info for Player ID 1630193
2025-06-20 16:24:35,556 - INFO - [563/569] Retrieved info for Player ID 1630194
2025-06-20 16:24:36,395 - INFO - [564/569] Retrieved info for Player ID 1642484
2025-06-20 16:24:37,514 - INFO - [565/569] Retrieved info for Player ID 1630198
2025-06-20 16:24:38,408 - INFO - [566/569] Retrieved info for Player ID 1630200
2025-06-20 16:24:39,332 - INFO - [567/569] Retrieved info for Player ID 1630201
2025-06-20 16:24:40,183 - INFO - [568/569] Retrieved info for Player ID 1630202
2025-06-20 16:24:41,057 - INFO - [569/569] Retrieved info for Player ID 1630205
2025-06-20 16:24:41,767 - INFO - Gathering team information for the NBA season...
2025-06-20 16:24:41,768 - INFO - Gathering team IDs for the NBA season...
2025-06-20 16:24:41,768 - INFO - Fetching team logs for Regular Season...
2025-06-20 16:24:42,946 - INFO - Fetching team logs for Playoffs...
2025-06-20 16:24:43,856 - INFO - Found 30 unique teams across all season types.
2025-06-20 16:24:44,292 - INFO - [1/30] Retrieved info for Team ID 1610612737
2025-06-20 16:24:45,220 - INFO - [2/30] Retrieved info for Team ID 1610612738
2025-06-20 16:24:46,119 - INFO - [3/30] Retrieved info for Team ID 1610612739
2025-06-20 16:24:46,989 - INFO - [4/30] Retrieved info for Team ID 1610612740
2025-06-20 16:24:47,755 - INFO - [5/30] Retrieved info for Team ID 1610612741
2025-06-20 16:24:48,645 - INFO - [6/30] Retrieved info for Team ID 1610612742
2025-06-20 16:24:49,420 - INFO - [7/30] Retrieved info for Team ID 1610612743
2025-06-20 16:24:50,271 - INFO - [8/30] Retrieved info for Team ID 1610612744
2025-06-20 16:24:51,047 - INFO - [9/30] Retrieved info for Team ID 1610612745
2025-06-20 16:24:51,888 - INFO - [10/30] Retrieved info for Team ID 1610612746
2025-06-20 16:24:52,730 - INFO - [11/30] Retrieved info for Team ID 1610612747
2025-06-20 16:24:53,575 - INFO - [12/30] Retrieved info for Team ID 1610612748
2025-06-20 16:24:54,410 - INFO - [13/30] Retrieved info for Team ID 1610612749
2025-06-20 16:24:55,248 - INFO - [14/30] Retrieved info for Team ID 1610612750
2025-06-20 16:24:56,094 - INFO - [15/30] Retrieved info for Team ID 1610612751
2025-06-20 16:24:56,861 - INFO - [16/30] Retrieved info for Team ID 1610612752
2025-06-20 16:24:57,712 - INFO - [17/30] Retrieved info for Team ID 1610612753
2025-06-20 16:24:58,597 - INFO - [18/30] Retrieved info for Team ID 1610612754
2025-06-20 16:24:59,522 - INFO - [19/30] Retrieved info for Team ID 1610612755
2025-06-20 16:25:00,376 - INFO - [20/30] Retrieved info for Team ID 1610612756
2025-06-20 16:25:01,159 - INFO - [21/30] Retrieved info for Team ID 1610612757
2025-06-20 16:25:01,942 - INFO - [22/30] Retrieved info for Team ID 1610612758
2025-06-20 16:25:02,811 - INFO - [23/30] Retrieved info for Team ID 1610612759
2025-06-20 16:25:03,669 - INFO - [24/30] Retrieved info for Team ID 1610612760
2025-06-20 16:25:04,511 - INFO - [25/30] Retrieved info for Team ID 1610612761
2025-06-20 16:25:05,345 - INFO - [26/30] Retrieved info for Team ID 1610612762
2025-06-20 16:25:06,188 - INFO - [27/30] Retrieved info for Team ID 1610612763
2025-06-20 16:25:06,958 - INFO - [28/30] Retrieved info for Team ID 1610612764
2025-06-20 16:25:07,747 - INFO - [29/30] Retrieved info for Team ID 1610612765
2025-06-20 16:25:38,365 - ERROR - Failed to get info for Team ID 1610612766: HTTPSConnectionPool(host='stats.nba.com', port=443): Read timed out. (read timeout=30)
2025-06-20 16:25:38,415 - INFO - Data ingestion complete.
